2025-05-17 19:11:49 info: Máy chủ đang chạy trên cổng 5000
2025-05-17 19:11:50 info: MongoDB đã kết nối thành công.
2025-05-17 19:11:50 info: Một người dùng đã kết nối: _i3K6kcKxW1ZF06YAAAB
2025-05-17 19:11:53 info: Một người dùng đã kết nối: t9CKv72ot_Apwrm1AAAD
2025-05-17 19:12:00 info: Người dùng đã ngắt kết nối: _i3K6kcKxW1ZF06YAAAB
2025-05-17 19:12:00 info: Người dùng đã ngắt kết nối: t9CKv72ot_Apwrm1AAAD
2025-05-17 19:12:00 info: Một người dùng đã kết nối: dsfDJAb0m7tbY70kAAAF
2025-05-17 19:12:00 info: Một người dùng đã kết nối: jeTXgSHrg_B74lb-AAAH
2025-05-17 19:21:06 info: Người dùng đã ngắt kết nối: dsfDJAb0m7tbY70kAAAF
2025-05-17 19:21:06 info: Người dùng đã ngắt kết nối: jeTXgSHrg_B74lb-AAAH
2025-05-17 19:21:06 info: Một người dùng đã kết nối: 4cqS_5u8x1qeUONCAAAK
2025-05-17 19:21:06 info: Một người dùng đã kết nối: 1-svEzffpj-LVqFUAAAL
2025-05-17 20:30:34 info: Máy chủ đang chạy trên cổng 5000
2025-05-17 20:30:34 info: Một người dùng đã kết nối: TmDnrR3su-eNzD3dAAAB
2025-05-17 20:30:34 info: Một người dùng đã kết nối: xZQ2fLlD2KGY9iwVAAAD
2025-05-17 20:30:35 info: MongoDB đã kết nối thành công.
2025-05-17 20:30:45 info: Người dùng đã ngắt kết nối: TmDnrR3su-eNzD3dAAAB
2025-05-17 20:30:45 info: Người dùng đã ngắt kết nối: xZQ2fLlD2KGY9iwVAAAD
2025-05-17 20:30:45 info: Một người dùng đã kết nối: Jnp86fVCsybiDqeJAAAG
2025-05-17 20:30:45 info: Một người dùng đã kết nối: 9l5fmhdT58o8ApfNAAAH
2025-05-17 20:42:30 info: Máy chủ đang chạy trên cổng 5000
2025-05-17 20:42:31 info: Một người dùng đã kết nối: OkdnEU6949Z1W6W1AAAB
2025-05-17 20:42:31 info: Một người dùng đã kết nối: Frtqz4Bq2byimHAbAAAD
2025-05-17 20:42:31 info: MongoDB đã kết nối thành công.
2025-05-17 20:42:36 info: Người dùng đã ngắt kết nối: OkdnEU6949Z1W6W1AAAB
2025-05-17 20:42:36 info: Người dùng đã ngắt kết nối: Frtqz4Bq2byimHAbAAAD
2025-05-17 20:42:36 info: Một người dùng đã kết nối: 5Wrh_QCPcBhLTC4BAAAF
2025-05-17 20:42:37 info: Một người dùng đã kết nối: k__cxMQydNm5VQRHAAAH
2025-05-17 20:42:37 info: Người dùng đã ngắt kết nối: k__cxMQydNm5VQRHAAAH
2025-05-17 20:42:38 info: Một người dùng đã kết nối: S3InUZlylETQ6DDzAAAJ
2025-05-17 20:51:44 info: Máy chủ đang chạy trên cổng 5000
2025-05-17 20:51:44 info: Một người dùng đã kết nối: 55aWG1c-VTr4aMmrAAAB
2025-05-17 20:51:44 info: Một người dùng đã kết nối: rzcoyl7G58TMkf-XAAAD
2025-05-17 20:51:45 info: MongoDB đã kết nối thành công.
2025-05-17 20:51:48 info: Người dùng đã ngắt kết nối: 55aWG1c-VTr4aMmrAAAB
2025-05-17 20:51:48 info: Người dùng đã ngắt kết nối: rzcoyl7G58TMkf-XAAAD
2025-05-17 20:51:48 info: Một người dùng đã kết nối: VnWSMraCeDfwW1kSAAAG
2025-05-17 20:51:48 info: Một người dùng đã kết nối: ePlJfdgEi3CAajTiAAAH
