2025-05-21 00:05:22 info: Người dùng đã ngắt kết nối: 6oOxVCh7YkQuk_p4AABT
2025-05-21 00:05:22 info: Người dùng đã ngắt kết nối: EQkt1jIGMW8HBVTtAABX
2025-05-21 00:05:22 info: Người dùng đã ngắt kết nối: hx_9oQTZ4asgwRlqAABW
2025-05-21 00:05:22 info: Một người dùng đã kết nối: G43t9d6uNilQGhP0AABZ
2025-05-21 00:05:22 info: Một người dùng đã kết nối: KYPlvXgIQ_kTZ1coAABb
2025-05-21 00:10:14 info: Người dùng đã ngắt kết nối: G43t9d6uNilQGhP0AABZ
2025-05-21 00:10:14 info: Người dùng đã ngắt kết nối: KYPlvXgIQ_kTZ1coAABb
2025-05-21 00:10:14 info: Một người dùng đã kết nối: 33-zboPtEl2v9PpjAABd
2025-05-21 00:10:14 info: Một người dùng đã kết nối: mT4kerSgE756zxEsAABf
2025-05-21 00:10:16 info: Người dùng đã ngắt kết nối: 33-zboPtEl2v9PpjAABd
2025-05-21 00:10:16 info: Người dùng đã ngắt kết nối: mT4kerSgE756zxEsAABf
2025-05-21 00:10:16 info: Một người dùng đã kết nối: Eo59a4t13zwevC35AABh
2025-05-21 00:10:16 info: Một người dùng đã kết nối: tYVswejQiHCml2DsAABj
2025-05-21 00:17:19 info: Người dùng đã ngắt kết nối: Eo59a4t13zwevC35AABh
2025-05-21 00:17:19 info: Người dùng đã ngắt kết nối: tYVswejQiHCml2DsAABj
2025-05-21 00:17:19 info: Một người dùng đã kết nối: juaca70XSPR8kLkXAABl
2025-05-21 00:17:19 info: Một người dùng đã kết nối: y5sShLQLmAtns7gIAABn
2025-05-21 00:21:16 info: Máy chủ đang chạy trên cổng 5000
2025-05-21 00:21:17 info: Một người dùng đã kết nối: Zh3LX0EKlg9ORUYZAAAB
2025-05-21 00:21:17 info: Một người dùng đã kết nối: MVs3RcfqQb8spQdRAAAD
2025-05-21 00:21:17 info: MongoDB đã kết nối thành công.
2025-05-21 00:21:35 info: Người dùng đã ngắt kết nối: MVs3RcfqQb8spQdRAAAD
2025-05-21 00:21:35 info: Người dùng đã ngắt kết nối: Zh3LX0EKlg9ORUYZAAAB
2025-05-21 00:25:19 info: Một người dùng đã kết nối: zIKdYykuM0csG9tQAAAF
2025-05-21 00:25:19 info: Một người dùng đã kết nối: yO1vxBTnxgtq2Tb9AAAH
2025-05-21 00:27:45 info: Người dùng đã ngắt kết nối: zIKdYykuM0csG9tQAAAF
2025-05-21 00:27:53 info: Một người dùng đã kết nối: ixXjQUOYqBxW9gAmAAAJ
2025-05-21 00:27:53 info: Một người dùng đã kết nối: OS0AkJRmPBidcnc_AAAK
2025-05-21 00:45:05 info: Máy chủ đang chạy trên cổng 5000
2025-05-21 00:45:05 info: Một người dùng đã kết nối: 2E6HXEk9-h9HKXltAAAB
2025-05-21 00:45:05 info: Một người dùng đã kết nối: tOzPHCRbG0V2OVKYAAAD
2025-05-21 00:45:06 info: MongoDB đã kết nối thành công.
2025-05-21 00:45:10 info: Người dùng đã ngắt kết nối: 2E6HXEk9-h9HKXltAAAB
2025-05-21 00:45:10 info: Người dùng đã ngắt kết nối: tOzPHCRbG0V2OVKYAAAD
2025-05-21 00:45:10 info: Một người dùng đã kết nối: PtAXwPnbJ4JoW_X6AAAF
2025-05-21 00:45:10 info: Một người dùng đã kết nối: cOY9bIHdgx3aNoHPAAAH
2025-05-21 00:45:34 info: Người dùng đã ngắt kết nối: PtAXwPnbJ4JoW_X6AAAF
2025-05-21 00:45:34 info: Người dùng đã ngắt kết nối: cOY9bIHdgx3aNoHPAAAH
2025-05-21 00:45:46 info: Một người dùng đã kết nối: TS5E7p1lbjmbxqWNAAAJ
2025-05-21 00:45:46 info: Một người dùng đã kết nối: HfPL2P87Gp8A0dC9AAAL
2025-05-21 00:51:20 info: Người dùng đã ngắt kết nối: TS5E7p1lbjmbxqWNAAAJ
2025-05-21 00:51:20 info: Người dùng đã ngắt kết nối: HfPL2P87Gp8A0dC9AAAL
2025-05-21 00:51:21 info: Một người dùng đã kết nối: x4dC9oGS6eXI-BdAAAAN
2025-05-21 00:51:21 info: Một người dùng đã kết nối: 6_c6fjs0TINsmFaaAAAP
2025-05-21 00:51:26 info: Người dùng đã ngắt kết nối: x4dC9oGS6eXI-BdAAAAN
2025-05-21 00:51:26 info: Người dùng đã ngắt kết nối: 6_c6fjs0TINsmFaaAAAP
2025-05-21 00:51:26 info: Một người dùng đã kết nối: uDWUjCqVKNl_yN9EAAAR
2025-05-21 00:51:26 info: Một người dùng đã kết nối: u4MdM6gbfBiIOD9cAAAT
2025-05-21 00:59:02 info: Máy chủ đang chạy trên cổng 5000
2025-05-21 00:59:02 info: Một người dùng đã kết nối: BNzKVzCKpMcftZ4JAAAB
2025-05-21 00:59:03 info: Một người dùng đã kết nối: bjTWGE9H6PTlzp94AAAD
2025-05-21 00:59:03 info: MongoDB đã kết nối thành công.
2025-05-21 00:59:13 info: Người dùng đã ngắt kết nối: BNzKVzCKpMcftZ4JAAAB
2025-05-21 00:59:13 info: Người dùng đã ngắt kết nối: bjTWGE9H6PTlzp94AAAD
2025-05-21 00:59:21 info: Một người dùng đã kết nối: GKeNoIS5_uOH-TxqAAAF
2025-05-21 00:59:21 info: Một người dùng đã kết nối: SDV4e6_MtOLeHsa2AAAH
2025-05-21 01:03:15 info: [getHolidays] Attempting to fetch holidays for year: 2025
2025-05-21 01:03:15 info: [getHolidays] Found holiday document for year 2025. Holidays count: 1
2025-05-21 01:04:52 info: Người dùng đã ngắt kết nối: GKeNoIS5_uOH-TxqAAAF
2025-05-21 01:04:52 info: Người dùng đã ngắt kết nối: SDV4e6_MtOLeHsa2AAAH
2025-05-21 01:04:53 info: Một người dùng đã kết nối: qZKmP7m2oiFm9ml0AAAJ
2025-05-21 01:04:53 info: Một người dùng đã kết nối: 4ZK6lxrQbWLJ_sW6AAAL
2025-05-21 01:04:57 info: Người dùng đã ngắt kết nối: qZKmP7m2oiFm9ml0AAAJ
2025-05-21 01:04:57 info: Người dùng đã ngắt kết nối: 4ZK6lxrQbWLJ_sW6AAAL
2025-05-21 01:04:57 info: Một người dùng đã kết nối: u192LKNtHetA8HcCAAAN
2025-05-21 01:04:57 info: Một người dùng đã kết nối: Ft5vqKntmSH8-rkLAAAP
2025-05-21 01:08:44 info: Người dùng đã ngắt kết nối: u192LKNtHetA8HcCAAAN
2025-05-21 01:08:44 info: Người dùng đã ngắt kết nối: Ft5vqKntmSH8-rkLAAAP
2025-05-21 01:08:45 info: Một người dùng đã kết nối: 9dGxqnKbJmtMI4NbAAAR
2025-05-21 01:08:45 info: Một người dùng đã kết nối: fsJWZV-2ozyyrERwAAAT
2025-05-21 01:08:51 info: Người dùng đã ngắt kết nối: 9dGxqnKbJmtMI4NbAAAR
2025-05-21 01:08:51 info: Người dùng đã ngắt kết nối: fsJWZV-2ozyyrERwAAAT
2025-05-21 01:09:00 info: Một người dùng đã kết nối: w73x1eagv78B4wtpAAAV
2025-05-21 01:09:00 info: Một người dùng đã kết nối: vE9lMZ1bQOWpE1xRAAAX
2025-05-21 01:13:00 info: Người dùng đã ngắt kết nối: w73x1eagv78B4wtpAAAV
2025-05-21 01:13:00 info: Người dùng đã ngắt kết nối: vE9lMZ1bQOWpE1xRAAAX
2025-05-21 01:13:00 info: Một người dùng đã kết nối: tCssOh9vLJ__5XevAAAZ
2025-05-21 01:13:00 info: Một người dùng đã kết nối: oAqrO6thNSmgxvedAAAb
2025-05-21 01:18:29 info: Người dùng đã ngắt kết nối: tCssOh9vLJ__5XevAAAZ
2025-05-21 01:18:29 info: Người dùng đã ngắt kết nối: oAqrO6thNSmgxvedAAAb
2025-05-21 01:18:29 info: Một người dùng đã kết nối: mqZA37qJzX-fjtp-AAAd
2025-05-21 01:18:29 info: Một người dùng đã kết nối: UMUy6JWruG-RhhFbAAAf
2025-05-21 01:18:48 info: Người dùng đã ngắt kết nối: mqZA37qJzX-fjtp-AAAd
2025-05-21 01:18:48 info: Người dùng đã ngắt kết nối: UMUy6JWruG-RhhFbAAAf
2025-05-21 01:18:48 info: Một người dùng đã kết nối: Kz1A1cZmbV49imIMAAAh
2025-05-21 01:18:48 info: Một người dùng đã kết nối: -TaP-EikTUJGlMRqAAAj
2025-05-21 01:18:50 info: Người dùng đã ngắt kết nối: Kz1A1cZmbV49imIMAAAh
2025-05-21 01:18:50 info: Người dùng đã ngắt kết nối: -TaP-EikTUJGlMRqAAAj
2025-05-21 01:18:50 info: Một người dùng đã kết nối: jdFT8T7mM2s1lVnXAAAl
2025-05-21 01:18:50 info: Một người dùng đã kết nối: G2w00vSV0O3D08XpAAAn
2025-05-21 01:19:05 info: Người dùng đã ngắt kết nối: jdFT8T7mM2s1lVnXAAAl
2025-05-21 01:19:05 info: Người dùng đã ngắt kết nối: G2w00vSV0O3D08XpAAAn
2025-05-21 01:19:05 info: Một người dùng đã kết nối: dogCmFns8UVZ5N97AAAp
2025-05-21 01:19:05 info: Một người dùng đã kết nối: L-ijHAv6T24pAAVwAAAr
2025-05-21 01:20:19 info: Người dùng đã ngắt kết nối: dogCmFns8UVZ5N97AAAp
2025-05-21 01:20:19 info: Người dùng đã ngắt kết nối: L-ijHAv6T24pAAVwAAAr
2025-05-21 01:20:19 info: Một người dùng đã kết nối: lp7m5KinAlyie5iYAAAt
2025-05-21 01:20:19 info: Một người dùng đã kết nối: veo9tC8pNQNa_IsSAAAv
2025-05-21 01:20:21 info: Người dùng đã ngắt kết nối: lp7m5KinAlyie5iYAAAt
2025-05-21 01:20:21 info: Người dùng đã ngắt kết nối: veo9tC8pNQNa_IsSAAAv
2025-05-21 01:20:21 info: Một người dùng đã kết nối: ofyzuAhuLnnb9fPGAAAx
2025-05-21 01:20:21 info: Một người dùng đã kết nối: tk7Cc4IkwLXwFviTAAAz
2025-05-21 01:20:25 info: Người dùng đã ngắt kết nối: ofyzuAhuLnnb9fPGAAAx
2025-05-21 01:20:32 info: Một người dùng đã kết nối: ETBf8GRV4bg542iAAAA1
2025-05-21 01:26:55 info: Người dùng đã ngắt kết nối: tk7Cc4IkwLXwFviTAAAz
2025-05-21 01:26:55 info: Người dùng đã ngắt kết nối: ETBf8GRV4bg542iAAAA1
2025-05-21 01:26:55 info: Một người dùng đã kết nối: hurn7hSa2jh1sePrAAA3
2025-05-21 01:26:55 info: Một người dùng đã kết nối: Yq6c9ZPhq7-bQrWhAAA5
2025-05-21 01:26:58 info: Người dùng đã ngắt kết nối: hurn7hSa2jh1sePrAAA3
2025-05-21 01:26:58 info: Người dùng đã ngắt kết nối: Yq6c9ZPhq7-bQrWhAAA5
2025-05-21 01:26:59 info: Một người dùng đã kết nối: 5UU41s6KR3OSc4NEAAA7
2025-05-21 01:26:59 info: Một người dùng đã kết nối: 6s7pjmi6kbZIjPPkAAA9
2025-05-21 07:58:47 info: Máy chủ đang chạy trên cổng 5000
2025-05-21 07:58:47 info: MongoDB đã kết nối thành công.
2025-05-21 07:59:27 info: Một người dùng đã kết nối: um5URxdOmWiD4Ab4AAAB
2025-05-21 07:59:27 info: Một người dùng đã kết nối: F9pvA6bHLmbZPeN3AAAD
2025-05-21 08:08:04 info: Người dùng đã ngắt kết nối: um5URxdOmWiD4Ab4AAAB
2025-05-21 08:08:04 info: Người dùng đã ngắt kết nối: F9pvA6bHLmbZPeN3AAAD
2025-05-21 08:08:04 info: Một người dùng đã kết nối: IsCOLd5aLFeAzCyjAAAF
2025-05-21 08:08:05 info: Một người dùng đã kết nối: WV4LTbTRtYquqvk5AAAH
2025-05-21 08:20:19 info: Máy chủ đang chạy trên cổng 5000
2025-05-21 08:20:19 info: Một người dùng đã kết nối: srauA_B5r9wvJuYuAAAB
2025-05-21 08:20:19 info: Một người dùng đã kết nối: ZvDmgDudCao-TiyGAAAD
2025-05-21 08:20:20 info: MongoDB đã kết nối thành công.
2025-05-21 08:20:25 info: Một người dùng đã kết nối: kHeEdL7Royk4b6C1AAAF
2025-05-21 08:20:26 info: Người dùng đã ngắt kết nối: srauA_B5r9wvJuYuAAAB
2025-05-21 08:20:26 info: Người dùng đã ngắt kết nối: kHeEdL7Royk4b6C1AAAF
2025-05-21 08:20:26 info: Người dùng đã ngắt kết nối: ZvDmgDudCao-TiyGAAAD
2025-05-21 08:20:29 info: Một người dùng đã kết nối: GalQgJkUwAy-FuWjAAAH
2025-05-21 08:20:29 info: Một người dùng đã kết nối: ZD2Z0ki9LLmtpKWFAAAJ
2025-05-21 08:22:21 info: Người dùng đã ngắt kết nối: GalQgJkUwAy-FuWjAAAH
2025-05-21 08:22:35 info: Một người dùng đã kết nối: VbBKm-rqVzYtzY9lAAAL
2025-05-21 08:23:08 error: Lỗi Controller thêm công trình: Bạn chỉ có thể tạo công trình cho chi nhánh Chi nhánh cấp nước số 1.
2025-05-21 08:23:25 info: Người dùng đã ngắt kết nối: VbBKm-rqVzYtzY9lAAAL
2025-05-21 08:23:32 info: Một người dùng đã kết nối: b0vqoAt1yHw8m_6xAAAN
2025-05-21 08:29:36 info: Một người dùng đã kết nối: YZOF-MWlZnKlhVEaAAAP
2025-05-21 08:29:38 info: Người dùng đã ngắt kết nối: ZD2Z0ki9LLmtpKWFAAAJ
2025-05-21 08:29:38 info: Người dùng đã ngắt kết nối: YZOF-MWlZnKlhVEaAAAP
2025-05-21 08:29:38 info: Người dùng đã ngắt kết nối: b0vqoAt1yHw8m_6xAAAN
2025-05-21 08:29:40 info: Một người dùng đã kết nối: 7S-c2iPZqLu3NBrkAAAR
2025-05-21 08:29:40 info: Một người dùng đã kết nối: Ght4P_OhIK4epTWpAAAT
2025-05-21 08:53:51 info: Máy chủ đang chạy trên cổng 5000
2025-05-21 08:53:51 info: MongoDB đã kết nối thành công.
2025-05-21 08:54:31 info: Một người dùng đã kết nối: Pm-gmwVRo7bHI4viAAAB
2025-05-21 08:54:32 info: Một người dùng đã kết nối: TjDyn5T0n5tHQX1hAAAD
2025-05-21 08:54:34 info: Người dùng đã ngắt kết nối: Pm-gmwVRo7bHI4viAAAB
2025-05-21 08:54:34 info: Người dùng đã ngắt kết nối: TjDyn5T0n5tHQX1hAAAD
2025-05-21 08:54:35 info: Một người dùng đã kết nối: A36oBuzR1IijpTYCAAAG
2025-05-21 08:54:35 info: Một người dùng đã kết nối: 1Og-y63_XHwGwbbSAAAH
2025-05-21 08:54:37 info: Người dùng đã ngắt kết nối: A36oBuzR1IijpTYCAAAG
2025-05-21 08:54:37 info: Người dùng đã ngắt kết nối: 1Og-y63_XHwGwbbSAAAH
2025-05-21 08:54:38 info: Một người dùng đã kết nối: rcJAMgQE_4AsP2bRAAAK
2025-05-21 08:54:38 info: Một người dùng đã kết nối: kRW6FPMwR8omAB99AAAL
2025-05-21 09:06:02 info: Máy chủ đang chạy trên cổng 5000
2025-05-21 09:06:03 info: MongoDB đã kết nối thành công.
2025-05-21 09:07:17 info: Một người dùng đã kết nối: ACK6otCooPg_AP0hAAAB
2025-05-21 09:07:18 info: Một người dùng đã kết nối: w6Gnl3ECr6WreWbkAAAD
2025-05-21 09:07:23 info: Người dùng đã ngắt kết nối: ACK6otCooPg_AP0hAAAB
2025-05-21 09:07:23 info: Người dùng đã ngắt kết nối: w6Gnl3ECr6WreWbkAAAD
2025-05-21 09:07:23 info: Một người dùng đã kết nối: UaoNiEm8e9HywZxmAAAF
2025-05-21 09:07:23 info: Một người dùng đã kết nối: NbhuJU8LRqU_vJTBAAAH
2025-05-21 09:07:28 info: Người dùng đã ngắt kết nối: UaoNiEm8e9HywZxmAAAF
2025-05-21 09:07:29 info: Một người dùng đã kết nối: Hoop0Cawg4zJ9me4AAAJ
2025-05-21 09:07:32 info: Người dùng đã ngắt kết nối: NbhuJU8LRqU_vJTBAAAH
2025-05-21 09:07:32 info: Người dùng đã ngắt kết nối: Hoop0Cawg4zJ9me4AAAJ
2025-05-21 09:07:32 info: Một người dùng đã kết nối: Fcz8nwf-KeiBjQMTAAAL
2025-05-21 09:07:32 info: Một người dùng đã kết nối: ZpmVUqdr-OHf2bUzAAAN
2025-05-21 09:21:08 info: Người dùng đã ngắt kết nối: Fcz8nwf-KeiBjQMTAAAL
2025-05-21 09:21:08 info: Người dùng đã ngắt kết nối: ZpmVUqdr-OHf2bUzAAAN
2025-05-21 09:21:09 info: Một người dùng đã kết nối: PARpsFSBJEbE-He4AAAP
2025-05-21 09:21:09 info: Một người dùng đã kết nối: M4QenO9jK5aFzGAsAAAR
2025-05-21 09:24:41 info: Batch update profile timeline result for estimator 6824157f08ab772b765f45e5, year 2025:
2025-05-21 09:26:37 info: Người dùng đã ngắt kết nối: PARpsFSBJEbE-He4AAAP
2025-05-21 09:26:37 info: Người dùng đã ngắt kết nối: M4QenO9jK5aFzGAsAAAR
2025-05-21 09:26:37 info: Một người dùng đã kết nối: Le6LNka3tOpMocZhAAAT
2025-05-21 09:26:37 info: Một người dùng đã kết nối: OabBOMba8CZ_4IuaAAAV
2025-05-21 09:26:43 info: Người dùng đã ngắt kết nối: Le6LNka3tOpMocZhAAAT
2025-05-21 09:26:43 info: Người dùng đã ngắt kết nối: OabBOMba8CZ_4IuaAAAV
2025-05-21 09:26:43 info: Một người dùng đã kết nối: jbLlymiaxlWYKhduAAAX
2025-05-21 09:26:43 info: Một người dùng đã kết nối: mwvoNWnN0gfPqZNEAAAZ
2025-05-21 09:26:58 info: Người dùng đã ngắt kết nối: jbLlymiaxlWYKhduAAAX
2025-05-21 09:26:58 info: Người dùng đã ngắt kết nối: mwvoNWnN0gfPqZNEAAAZ
2025-05-21 09:26:58 info: Một người dùng đã kết nối: 6W5U97yv6wqPVniuAAAb
2025-05-21 09:26:58 info: Một người dùng đã kết nối: q1VOxfWvmDq3dbN9AAAd
2025-05-21 09:27:01 info: Người dùng đã ngắt kết nối: 6W5U97yv6wqPVniuAAAb
2025-05-21 09:27:03 info: Một người dùng đã kết nối: TLrlcL-DNxyi79hDAAAf
2025-05-21 09:35:50 info: Người dùng đã ngắt kết nối: q1VOxfWvmDq3dbN9AAAd
2025-05-21 09:35:50 info: Người dùng đã ngắt kết nối: TLrlcL-DNxyi79hDAAAf
2025-05-21 09:37:03 info: Một người dùng đã kết nối: 22XDQbvu8eXTGgktAAAh
2025-05-21 09:37:03 info: Một người dùng đã kết nối: YD07GbBBqnh0TIFgAAAj
2025-05-21 09:39:05 info: Người dùng đã ngắt kết nối: 22XDQbvu8eXTGgktAAAh
2025-05-21 09:39:05 info: Người dùng đã ngắt kết nối: YD07GbBBqnh0TIFgAAAj
2025-05-21 09:39:05 info: Một người dùng đã kết nối: gaKCmYWWUeF74JbQAAAl
2025-05-21 09:39:06 info: Một người dùng đã kết nối: sPOj4aik7lh_p6e3AAAn
2025-05-21 09:56:22 info: Người dùng đã ngắt kết nối: gaKCmYWWUeF74JbQAAAl
2025-05-21 09:56:22 info: Người dùng đã ngắt kết nối: sPOj4aik7lh_p6e3AAAn
2025-05-21 09:56:23 info: Một người dùng đã kết nối: P0Xz2t7v1SdeYlbjAAAp
2025-05-21 09:56:23 info: Một người dùng đã kết nối: 5uQshZQQW8EcYSGMAAAr
2025-05-21 09:56:46 info: Người dùng đã ngắt kết nối: P0Xz2t7v1SdeYlbjAAAp
2025-05-21 09:56:46 info: Người dùng đã ngắt kết nối: 5uQshZQQW8EcYSGMAAAr
2025-05-21 09:56:46 info: Một người dùng đã kết nối: AdCLmhhAwKLKMpE_AAAt
2025-05-21 09:56:46 info: Một người dùng đã kết nối: cDa2nU8jb3SKqKiEAAAv
2025-05-21 10:04:05 info: Người dùng đã ngắt kết nối: AdCLmhhAwKLKMpE_AAAt
2025-05-21 10:04:05 info: Người dùng đã ngắt kết nối: cDa2nU8jb3SKqKiEAAAv
2025-05-21 10:04:05 info: Một người dùng đã kết nối: Vk2dFusF_D9baIAMAAAx
2025-05-21 10:04:05 info: Một người dùng đã kết nối: -rwrVtFIb0k8c2XZAAAz
2025-05-21 10:06:24 info: Người dùng đã ngắt kết nối: Vk2dFusF_D9baIAMAAAx
2025-05-21 10:06:24 info: Người dùng đã ngắt kết nối: -rwrVtFIb0k8c2XZAAAz
2025-05-21 10:06:24 info: Một người dùng đã kết nối: egJXs8XuELFKwoWyAAA1
2025-05-21 10:06:24 info: Một người dùng đã kết nối: ZduhnpOdEuN-OlnnAAA3
2025-05-21 10:09:52 info: Người dùng đã ngắt kết nối: egJXs8XuELFKwoWyAAA1
2025-05-21 10:09:52 info: Người dùng đã ngắt kết nối: ZduhnpOdEuN-OlnnAAA3
2025-05-21 10:09:53 info: Một người dùng đã kết nối: elks01AcG0AIq4akAAA5
2025-05-21 10:09:53 info: Một người dùng đã kết nối: yrlVpQ7ND9JNrzUPAAA7
2025-05-21 10:09:58 info: Người dùng đã ngắt kết nối: elks01AcG0AIq4akAAA5
2025-05-21 10:09:58 info: Người dùng đã ngắt kết nối: yrlVpQ7ND9JNrzUPAAA7
2025-05-21 10:09:58 info: Một người dùng đã kết nối: PiRTsqzbXe1wf_DsAAA9
2025-05-21 10:09:58 info: Một người dùng đã kết nối: C-jxAxWYb603mtRtAAA_
2025-05-21 10:18:42 info: Người dùng đã ngắt kết nối: PiRTsqzbXe1wf_DsAAA9
2025-05-21 10:18:49 info: Một người dùng đã kết nối: aF_XQNsKkJcdv6keAABB
2025-05-21 10:18:49 info: Người dùng đã ngắt kết nối: aF_XQNsKkJcdv6keAABB
2025-05-21 10:18:50 info: Một người dùng đã kết nối: NezAUdns3qnQHq-OAABD
2025-05-21 10:19:31 info: Người dùng đã ngắt kết nối: NezAUdns3qnQHq-OAABD
2025-05-21 10:19:35 info: Một người dùng đã kết nối: -AwoVGFJari9jJTvAABF
2025-05-21 10:19:48 error: Lỗi API duyệt công trình: Không có yêu cầu nào đang chờ xử lý cho công trình này.
2025-05-21 10:19:48 error: Lỗi không xác định: Không có yêu cầu nào đang chờ xử lý cho công trình này.
2025-05-21 10:19:51 error: Lỗi API duyệt công trình: Không có yêu cầu nào đang chờ xử lý cho công trình này.
2025-05-21 10:19:51 error: Lỗi không xác định: Không có yêu cầu nào đang chờ xử lý cho công trình này.
2025-05-21 10:19:56 error: Lỗi API duyệt công trình: Không có yêu cầu nào đang chờ xử lý cho công trình này.
2025-05-21 10:19:56 error: Lỗi không xác định: Không có yêu cầu nào đang chờ xử lý cho công trình này.
2025-05-21 10:20:01 error: Lỗi API duyệt công trình: Không có yêu cầu nào đang chờ xử lý cho công trình này.
2025-05-21 10:20:01 error: Lỗi không xác định: Không có yêu cầu nào đang chờ xử lý cho công trình này.
2025-05-21 10:30:07 info: Người dùng đã ngắt kết nối: C-jxAxWYb603mtRtAAA_
2025-05-21 10:30:07 info: Người dùng đã ngắt kết nối: -AwoVGFJari9jJTvAABF
2025-05-21 10:30:07 info: Một người dùng đã kết nối: U3tzlig951xPoaPqAABH
2025-05-21 10:30:08 info: Một người dùng đã kết nối: r0EznXXJfCXXuXRZAABJ
2025-05-21 10:39:11 info: Người dùng đã ngắt kết nối: U3tzlig951xPoaPqAABH
2025-05-21 10:39:11 info: Người dùng đã ngắt kết nối: r0EznXXJfCXXuXRZAABJ
2025-05-21 10:39:12 info: Một người dùng đã kết nối: L_vrofTZ4-Bt5k3IAABL
2025-05-21 10:39:12 info: Một người dùng đã kết nối: tCwZxU4978YuJf1PAABN
2025-05-21 10:47:31 info: Người dùng đã ngắt kết nối: L_vrofTZ4-Bt5k3IAABL
2025-05-21 10:47:37 info: Một người dùng đã kết nối: XgGq2ZEETx-ZkEQRAABP
2025-05-21 10:47:37 info: Người dùng đã ngắt kết nối: XgGq2ZEETx-ZkEQRAABP
2025-05-21 10:47:39 info: Một người dùng đã kết nối: SWFULKb64dk7QeXfAABR
2025-05-21 10:56:10 info: Người dùng đã ngắt kết nối: tCwZxU4978YuJf1PAABN
2025-05-21 10:56:10 info: Người dùng đã ngắt kết nối: SWFULKb64dk7QeXfAABR
2025-05-21 10:58:38 info: Một người dùng đã kết nối: 0AFPxfOj3_3-DQs_AABT
2025-05-21 10:58:39 info: Một người dùng đã kết nối: IsM77vT-7Hrk0JxyAABV
2025-05-21 10:58:57 info: Người dùng đã ngắt kết nối: 0AFPxfOj3_3-DQs_AABT
2025-05-21 10:58:57 info: Người dùng đã ngắt kết nối: IsM77vT-7Hrk0JxyAABV
2025-05-21 10:58:57 info: Một người dùng đã kết nối: s-XqaxXvv2Ej62YsAABX
2025-05-21 10:58:57 info: Một người dùng đã kết nối: KhgLVo6AZqiCzXW2AABZ
2025-05-21 10:58:59 info: Người dùng đã ngắt kết nối: s-XqaxXvv2Ej62YsAABX
2025-05-21 10:58:59 info: Người dùng đã ngắt kết nối: KhgLVo6AZqiCzXW2AABZ
2025-05-21 10:58:59 info: Một người dùng đã kết nối: T_u55HbFQNKgcvxNAABb
2025-05-21 10:58:59 info: Một người dùng đã kết nối: URIvvAJ6-M9j6rVPAABd
2025-05-21 10:59:00 info: Người dùng đã ngắt kết nối: T_u55HbFQNKgcvxNAABb
2025-05-21 10:59:00 info: Người dùng đã ngắt kết nối: URIvvAJ6-M9j6rVPAABd
2025-05-21 10:59:01 info: Một người dùng đã kết nối: e9oNHMBRs1vOlDjzAABf
2025-05-21 10:59:01 info: Một người dùng đã kết nối: c3U-ylUGfjq_ejk8AABh
2025-05-21 10:59:18 info: Người dùng đã ngắt kết nối: e9oNHMBRs1vOlDjzAABf
2025-05-21 10:59:18 info: Người dùng đã ngắt kết nối: c3U-ylUGfjq_ejk8AABh
2025-05-21 10:59:19 info: Một người dùng đã kết nối: HG2_RJhsogi6gs7tAABj
2025-05-21 10:59:19 info: Một người dùng đã kết nối: TBHy8LwloRRdzbOMAABl
2025-05-21 10:59:20 info: Người dùng đã ngắt kết nối: HG2_RJhsogi6gs7tAABj
2025-05-21 10:59:20 info: Người dùng đã ngắt kết nối: TBHy8LwloRRdzbOMAABl
2025-05-21 10:59:20 info: Một người dùng đã kết nối: zpVPt8qHYWJu92aIAABn
2025-05-21 10:59:20 info: Một người dùng đã kết nối: caXS02d1iBzPk6tIAABp
2025-05-21 10:59:22 info: Người dùng đã ngắt kết nối: zpVPt8qHYWJu92aIAABn
2025-05-21 10:59:22 info: Người dùng đã ngắt kết nối: caXS02d1iBzPk6tIAABp
2025-05-21 10:59:22 info: Một người dùng đã kết nối: 55B0fojgNFKHgGgLAABr
2025-05-21 10:59:22 info: Một người dùng đã kết nối: B5CFlaxtw5nDM1mjAABt
2025-05-21 10:59:24 info: Người dùng đã ngắt kết nối: 55B0fojgNFKHgGgLAABr
2025-05-21 10:59:24 info: Người dùng đã ngắt kết nối: B5CFlaxtw5nDM1mjAABt
2025-05-21 10:59:24 info: Một người dùng đã kết nối: 9bK58qOlDHS0Qqf9AABv
2025-05-21 10:59:24 info: Một người dùng đã kết nối: _4gjPwK3Vn18JTI1AABx
2025-05-21 10:59:27 info: Người dùng đã ngắt kết nối: 9bK58qOlDHS0Qqf9AABv
2025-05-21 10:59:27 info: Người dùng đã ngắt kết nối: _4gjPwK3Vn18JTI1AABx
2025-05-21 10:59:28 info: Một người dùng đã kết nối: luyZgTap7o2UOvV9AABz
2025-05-21 10:59:28 info: Một người dùng đã kết nối: hHsqdWYppju8hh3EAAB1
2025-05-21 11:06:37 info: Máy chủ đang chạy trên cổng 5000
2025-05-21 11:06:37 info: Một người dùng đã kết nối: IN0HGg0SoIpVf-t0AAAB
2025-05-21 11:06:38 info: Một người dùng đã kết nối: Ycso3GMlxjnyP8pTAAAD
2025-05-21 11:06:38 info: MongoDB đã kết nối thành công.
2025-05-21 11:06:42 info: Người dùng đã ngắt kết nối: IN0HGg0SoIpVf-t0AAAB
2025-05-21 11:06:42 info: Người dùng đã ngắt kết nối: Ycso3GMlxjnyP8pTAAAD
2025-05-21 11:06:42 info: Một người dùng đã kết nối: 26RSiy0JT4BIY3ZJAAAF
2025-05-21 11:06:42 info: Một người dùng đã kết nối: oInsMdjz86zinUTvAAAH
2025-05-21 13:54:14 info: Một người dùng đã kết nối: grw3X6TDh3n8MKtoAAAJ
2025-05-21 13:55:11 info: Máy chủ đang chạy trên cổng 5000
2025-05-21 13:55:11 info: Một người dùng đã kết nối: SfS0O-gLlA_mEFDZAAAB
2025-05-21 13:55:11 info: Một người dùng đã kết nối: OqjbdsMePPs33t9XAAAD
2025-05-21 13:55:11 info: MongoDB đã kết nối thành công.
2025-05-21 13:55:12 info: Một người dùng đã kết nối: 1pVrwpvNinT8MhaBAAAF
2025-05-21 13:55:18 info: Người dùng đã ngắt kết nối: SfS0O-gLlA_mEFDZAAAB
2025-05-21 13:55:18 info: Người dùng đã ngắt kết nối: 1pVrwpvNinT8MhaBAAAF
2025-05-21 13:55:18 info: Người dùng đã ngắt kết nối: OqjbdsMePPs33t9XAAAD
2025-05-21 13:55:19 info: Một người dùng đã kết nối: akFf7yqUe9l-Zkm8AAAH
2025-05-21 13:55:19 info: Một người dùng đã kết nối: RbMtckZ5BzbCll3gAAAJ
2025-05-21 13:56:11 info: [getHolidays] Attempting to fetch holidays for year: 2025
2025-05-21 13:56:11 info: [getHolidays] Found holiday document for year 2025. Holidays count: 1
2025-05-21 13:56:22 info: Bắt đầu đồng bộ dữ liệu công trình từ collection projects cũ...
2025-05-21 13:56:22 info: Đã đồng bộ 1 công trình danh mục.
2025-05-21 13:56:22 error: Lỗi khi đồng bộ dữ liệu: parseNumeric is not defined
2025-05-21 13:56:22 error: Lỗi API đồng bộ công trình: Lỗi khi đồng bộ dữ liệu: parseNumeric is not defined
2025-05-21 13:56:22 error: Lỗi không xác định: Lỗi khi đồng bộ dữ liệu: parseNumeric is not defined
2025-05-21 13:56:43 info: [getHolidays] Attempting to fetch holidays for year: 2025
2025-05-21 13:56:43 info: [getHolidays] Found holiday document for year 2025. Holidays count: 1
2025-05-21 13:58:39 info: [getHolidays] Attempting to fetch holidays for year: 2025
2025-05-21 13:58:39 info: [getHolidays] Found holiday document for year 2025. Holidays count: 1
2025-05-21 13:59:20 info: Người dùng đã ngắt kết nối: akFf7yqUe9l-Zkm8AAAH
2025-05-21 13:59:20 info: Người dùng đã ngắt kết nối: RbMtckZ5BzbCll3gAAAJ
2025-05-21 13:59:21 info: Một người dùng đã kết nối: 6yY9bdPloQ3YHtF9AAAL
2025-05-21 13:59:21 info: Một người dùng đã kết nối: fd_q3zYdZsayq-UQAAAN
2025-05-21 13:59:24 info: Người dùng đã ngắt kết nối: 6yY9bdPloQ3YHtF9AAAL
2025-05-21 13:59:24 info: Người dùng đã ngắt kết nối: fd_q3zYdZsayq-UQAAAN
2025-05-21 13:59:25 info: Một người dùng đã kết nối: AaAwBUlugb-inDelAAAP
2025-05-21 13:59:25 info: Một người dùng đã kết nối: hSofCFAPrNCXgSzCAAAR
2025-05-21 13:59:26 info: Người dùng đã ngắt kết nối: AaAwBUlugb-inDelAAAP
2025-05-21 13:59:26 info: Người dùng đã ngắt kết nối: hSofCFAPrNCXgSzCAAAR
2025-05-21 13:59:26 info: Một người dùng đã kết nối: FoY8tIFNw8IPy2lkAAAT
2025-05-21 13:59:26 info: Một người dùng đã kết nối: eXM1mdRcdXagMgnvAAAV
2025-05-21 13:59:27 info: Người dùng đã ngắt kết nối: FoY8tIFNw8IPy2lkAAAT
2025-05-21 13:59:27 info: Người dùng đã ngắt kết nối: eXM1mdRcdXagMgnvAAAV
2025-05-21 13:59:28 info: Một người dùng đã kết nối: UYwG350jY7NqgMifAAAX
2025-05-21 13:59:28 info: Một người dùng đã kết nối: 8khrtWyo4tQ_I-k4AAAZ
2025-05-21 13:59:29 info: Người dùng đã ngắt kết nối: UYwG350jY7NqgMifAAAX
2025-05-21 13:59:29 info: Người dùng đã ngắt kết nối: 8khrtWyo4tQ_I-k4AAAZ
2025-05-21 13:59:29 info: Một người dùng đã kết nối: 8NH4OV6sc3YNQ_wUAAAb
2025-05-21 13:59:29 info: Một người dùng đã kết nối: Rrjm2PCe1EB0dXjkAAAd
2025-05-21 13:59:32 info: [getHolidays] Attempting to fetch holidays for year: 2025
2025-05-21 13:59:32 info: [getHolidays] Found holiday document for year 2025. Holidays count: 1
2025-05-21 13:59:34 info: [getHolidays] Attempting to fetch holidays for year: 2025
2025-05-21 13:59:34 info: [getHolidays] Found holiday document for year 2025. Holidays count: 1
2025-05-21 13:59:38 info: [getHolidays] Attempting to fetch holidays for year: 2025
2025-05-21 13:59:38 info: [getHolidays] Found holiday document for year 2025. Holidays count: 1
2025-05-21 14:04:50 info: [getHolidays] Attempting to fetch holidays for year: 2025
2025-05-21 14:04:50 info: [getHolidays] Found holiday document for year 2025. Holidays count: 1
2025-05-21 14:06:36 error: Lỗi Controller batch update Timeline Hồ sơ: Cannot create field 'actualEndDate' in element {profileTimeline: null}
2025-05-21 14:06:36 error: Lỗi không xác định: Cannot create field 'actualEndDate' in element {profileTimeline: null}
2025-05-21 14:07:13 info: Người dùng đã ngắt kết nối: 8NH4OV6sc3YNQ_wUAAAb
2025-05-21 14:07:13 info: Người dùng đã ngắt kết nối: Rrjm2PCe1EB0dXjkAAAd
2025-05-21 14:07:13 info: Một người dùng đã kết nối: 6c82OIuT5o6mo8U1AAAf
2025-05-21 14:07:13 info: Một người dùng đã kết nối: 1A0jhF5sECnh3U2fAAAh
2025-05-21 14:11:48 info: Người dùng đã ngắt kết nối: 6c82OIuT5o6mo8U1AAAf
2025-05-21 14:11:48 info: Người dùng đã ngắt kết nối: 1A0jhF5sECnh3U2fAAAh
2025-05-21 14:11:49 info: Một người dùng đã kết nối: _UizV4GJpnVVae6wAAAj
2025-05-21 14:11:49 info: Một người dùng đã kết nối: x1-mpiY8Eww70c8GAAAl
2025-05-21 14:13:14 info: Người dùng đã ngắt kết nối: _UizV4GJpnVVae6wAAAj
2025-05-21 14:13:14 info: Người dùng đã ngắt kết nối: x1-mpiY8Eww70c8GAAAl
2025-05-21 14:13:15 info: Một người dùng đã kết nối: 1uh-0SkYFn8K1risAAAn
2025-05-21 14:13:15 info: Một người dùng đã kết nối: MU78TUxkQBHqnDMcAAAp
2025-05-21 14:15:08 info: [getHolidays] Attempting to fetch holidays for year: 2025
2025-05-21 14:15:08 info: [getHolidays] Found holiday document for year 2025. Holidays count: 1
2025-05-21 14:16:13 error: Lỗi Controller batch update Timeline Hồ sơ: Cannot create field 'actualEndDate' in element {profileTimeline: null}
2025-05-21 14:16:13 error: Lỗi không xác định: Cannot create field 'actualEndDate' in element {profileTimeline: null}
2025-05-21 14:17:16 info: Người dùng đã ngắt kết nối: 1uh-0SkYFn8K1risAAAn
2025-05-21 14:17:16 info: Người dùng đã ngắt kết nối: MU78TUxkQBHqnDMcAAAp
2025-05-21 14:17:17 info: Một người dùng đã kết nối: Lkft4Eekcrqt979AAAAr
2025-05-21 14:17:17 info: Một người dùng đã kết nối: SYQDwB0TfPT2qhWtAAAt
2025-05-21 14:24:15 info: [getHolidays] Attempting to fetch holidays for year: 2025
2025-05-21 14:24:16 info: [getHolidays] Found holiday document for year 2025. Holidays count: 1
2025-05-21 14:25:40 info: [getHolidays] Attempting to fetch holidays for year: 2025
2025-05-21 14:25:40 info: [getHolidays] Found holiday document for year 2025. Holidays count: 1
2025-05-21 14:26:17 info: [getHolidays] Attempting to fetch holidays for year: 2025
2025-05-21 14:26:17 info: [getHolidays] Found holiday document for year 2025. Holidays count: 1
2025-05-21 14:30:17 info: Máy chủ đang chạy trên cổng 5000
2025-05-21 14:30:17 info: Một người dùng đã kết nối: 2XbpQI252gRuNIdnAAAB
2025-05-21 14:30:18 info: Một người dùng đã kết nối: vdD-UibyKsN5K4AOAAAD
2025-05-21 14:30:18 info: MongoDB đã kết nối thành công.
2025-05-21 14:31:09 info: Batch update profile timeline result for estimator 6824157f08ab772b765f45e5, year 2025:
2025-05-21 14:31:09 info: [getHolidays] Attempting to fetch holidays for year: 2025
2025-05-21 14:31:09 info: [getHolidays] Found holiday document for year 2025. Holidays count: 1
2025-05-21 14:31:09 info: [getHolidays] Attempting to fetch holidays for year: 2025
2025-05-21 14:31:09 info: [getHolidays] Found holiday document for year 2025. Holidays count: 1
2025-05-21 14:32:53 info: Người dùng đã ngắt kết nối: 2XbpQI252gRuNIdnAAAB
2025-05-21 14:32:53 info: Người dùng đã ngắt kết nối: vdD-UibyKsN5K4AOAAAD
2025-05-21 14:32:53 info: Một người dùng đã kết nối: OEOsweEgz0YPAfp0AAAF
2025-05-21 14:32:53 info: Một người dùng đã kết nối: BE2brQSZoQI8AgHcAAAH
2025-05-21 14:33:01 info: [getHolidays] Attempting to fetch holidays for year: 2025
2025-05-21 14:33:01 info: [getHolidays] Found holiday document for year 2025. Holidays count: 1
2025-05-21 14:33:28 info: [getHolidays] Attempting to fetch holidays for year: 2020
2025-05-21 14:33:29 info: [getHolidays] No holiday document found for year 2020. Returning empty list.
2025-05-21 14:37:51 info: Máy chủ đang chạy trên cổng 5000
2025-05-21 14:37:51 info: Một người dùng đã kết nối: tRtPXyg8PzyhZFnIAAAC
2025-05-21 14:37:51 info: Một người dùng đã kết nối: 0vNZ4EhnX8qF6gCCAAAD
2025-05-21 14:37:51 info: MongoDB đã kết nối thành công.
2025-05-21 14:38:04 info: Batch update profile timeline result for estimator 6824157f08ab772b765f45e5, year 2025:
2025-05-21 14:38:04 info: [getHolidays] Attempting to fetch holidays for year: 2025
2025-05-21 14:38:04 info: [getHolidays] Found holiday document for year 2025. Holidays count: 1
2025-05-21 14:38:04 info: [getHolidays] Attempting to fetch holidays for year: 2025
2025-05-21 14:38:04 info: [getHolidays] Found holiday document for year 2025. Holidays count: 1
2025-05-21 14:38:16 info: Người dùng đã ngắt kết nối: tRtPXyg8PzyhZFnIAAAC
2025-05-21 14:38:16 info: Người dùng đã ngắt kết nối: 0vNZ4EhnX8qF6gCCAAAD
2025-05-21 14:38:17 info: Một người dùng đã kết nối: ewl0otgVop2hKyzQAAAF
2025-05-21 14:38:17 info: Một người dùng đã kết nối: byorlldoUeuY46sXAAAH
2025-05-21 14:56:38 info: Máy chủ đang chạy trên cổng 5000
2025-05-21 14:56:38 info: Một người dùng đã kết nối: -OoSSIBV_M8jSmpDAAAB
2025-05-21 14:56:39 info: MongoDB đã kết nối thành công.
2025-05-21 14:56:43 error: Lỗi Controller lấy danh sách công trình cho phân công Timeline: Class constructor ObjectId cannot be invoked without 'new'
2025-05-21 14:56:43 error: Lỗi không xác định: Class constructor ObjectId cannot be invoked without 'new'
2025-05-21 14:56:43 info: Một người dùng đã kết nối: vSpdZtAmxJM1rWGdAAAD
2025-05-21 14:56:45 error: Lỗi Controller lấy danh sách công trình cho phân công Timeline: Class constructor ObjectId cannot be invoked without 'new'
2025-05-21 14:56:45 error: Lỗi không xác định: Class constructor ObjectId cannot be invoked without 'new'
2025-05-21 14:56:46 info: Người dùng đã ngắt kết nối: -OoSSIBV_M8jSmpDAAAB
2025-05-21 14:56:46 info: Người dùng đã ngắt kết nối: vSpdZtAmxJM1rWGdAAAD
2025-05-21 14:56:46 info: Một người dùng đã kết nối: Qz_lk7xMeENDNUf1AAAF
2025-05-21 14:56:46 info: Một người dùng đã kết nối: 8GGCIokV_tEzMK3jAAAH
2025-05-21 14:57:28 error: Lỗi Controller lấy danh sách công trình cho phân công Timeline: Class constructor ObjectId cannot be invoked without 'new'
2025-05-21 14:57:28 error: Lỗi không xác định: Class constructor ObjectId cannot be invoked without 'new'
2025-05-21 14:57:29 error: Lỗi Controller lấy danh sách công trình cho phân công Timeline: Class constructor ObjectId cannot be invoked without 'new'
2025-05-21 14:57:29 error: Lỗi không xác định: Class constructor ObjectId cannot be invoked without 'new'
2025-05-21 14:57:31 error: Lỗi Controller lấy danh sách công trình cho phân công Timeline: Class constructor ObjectId cannot be invoked without 'new'
2025-05-21 14:57:31 error: Lỗi không xác định: Class constructor ObjectId cannot be invoked without 'new'
2025-05-21 14:57:35 error: Lỗi Controller lấy danh sách công trình cho phân công Timeline: Class constructor ObjectId cannot be invoked without 'new'
2025-05-21 14:57:35 error: Lỗi không xác định: Class constructor ObjectId cannot be invoked without 'new'
2025-05-21 14:57:36 info: [getHolidays] Attempting to fetch holidays for year: 2025
2025-05-21 14:57:36 info: [getHolidays] Found holiday document for year 2025. Holidays count: 1
2025-05-21 14:57:49 error: Lỗi Controller lấy danh sách công trình cho phân công Timeline: Class constructor ObjectId cannot be invoked without 'new'
2025-05-21 14:57:49 error: Lỗi không xác định: Class constructor ObjectId cannot be invoked without 'new'
2025-05-21 14:57:50 error: Lỗi Controller lấy danh sách công trình cho phân công Timeline: Class constructor ObjectId cannot be invoked without 'new'
2025-05-21 14:57:50 error: Lỗi không xác định: Class constructor ObjectId cannot be invoked without 'new'
2025-05-21 14:57:51 error: Lỗi Controller lấy danh sách công trình cho phân công Timeline: Class constructor ObjectId cannot be invoked without 'new'
2025-05-21 14:57:51 error: Lỗi không xác định: Class constructor ObjectId cannot be invoked without 'new'
2025-05-21 14:57:52 error: Lỗi Controller lấy danh sách công trình cho phân công Timeline: Class constructor ObjectId cannot be invoked without 'new'
2025-05-21 14:57:52 error: Lỗi không xác định: Class constructor ObjectId cannot be invoked without 'new'
2025-05-21 14:57:53 error: Lỗi Controller lấy danh sách công trình cho phân công Timeline: Class constructor ObjectId cannot be invoked without 'new'
2025-05-21 14:57:53 error: Lỗi không xác định: Class constructor ObjectId cannot be invoked without 'new'
2025-05-21 14:57:54 error: Lỗi Controller lấy danh sách công trình cho phân công Timeline: Class constructor ObjectId cannot be invoked without 'new'
2025-05-21 14:57:54 error: Lỗi không xác định: Class constructor ObjectId cannot be invoked without 'new'
2025-05-21 14:57:56 error: Lỗi Controller lấy danh sách công trình cho phân công Timeline: Class constructor ObjectId cannot be invoked without 'new'
2025-05-21 14:57:56 error: Lỗi không xác định: Class constructor ObjectId cannot be invoked without 'new'
2025-05-21 14:57:58 error: Lỗi Controller lấy danh sách công trình cho phân công Timeline: Class constructor ObjectId cannot be invoked without 'new'
2025-05-21 14:57:58 error: Lỗi không xác định: Class constructor ObjectId cannot be invoked without 'new'
2025-05-21 14:57:59 error: Lỗi Controller lấy danh sách công trình cho phân công Timeline: Class constructor ObjectId cannot be invoked without 'new'
2025-05-21 14:57:59 error: Lỗi không xác định: Class constructor ObjectId cannot be invoked without 'new'
2025-05-21 14:58:01 error: Lỗi Controller lấy danh sách công trình cho phân công Timeline: Class constructor ObjectId cannot be invoked without 'new'
2025-05-21 14:58:01 error: Lỗi không xác định: Class constructor ObjectId cannot be invoked without 'new'
2025-05-21 14:58:05 error: Lỗi Controller lấy danh sách công trình cho phân công Timeline: Class constructor ObjectId cannot be invoked without 'new'
2025-05-21 14:58:05 error: Lỗi không xác định: Class constructor ObjectId cannot be invoked without 'new'
2025-05-21 14:58:10 error: Lỗi Controller lấy danh sách công trình cho phân công Timeline: Class constructor ObjectId cannot be invoked without 'new'
2025-05-21 14:58:10 error: Lỗi không xác định: Class constructor ObjectId cannot be invoked without 'new'
2025-05-21 14:58:11 error: Lỗi Controller lấy danh sách công trình cho phân công Timeline: Class constructor ObjectId cannot be invoked without 'new'
2025-05-21 14:58:11 error: Lỗi không xác định: Class constructor ObjectId cannot be invoked without 'new'
2025-05-21 14:58:13 error: Lỗi Controller lấy danh sách công trình cho phân công Timeline: Class constructor ObjectId cannot be invoked without 'new'
2025-05-21 14:58:13 error: Lỗi không xác định: Class constructor ObjectId cannot be invoked without 'new'
2025-05-21 14:58:17 error: Lỗi Controller lấy danh sách công trình cho phân công Timeline: Class constructor ObjectId cannot be invoked without 'new'
2025-05-21 14:58:17 error: Lỗi không xác định: Class constructor ObjectId cannot be invoked without 'new'
2025-05-21 14:59:36 error: Lỗi Controller lấy danh sách công trình cho phân công Timeline: Class constructor ObjectId cannot be invoked without 'new'
2025-05-21 14:59:36 error: Lỗi không xác định: Class constructor ObjectId cannot be invoked without 'new'
2025-05-21 14:59:37 error: Lỗi Controller lấy danh sách công trình cho phân công Timeline: Class constructor ObjectId cannot be invoked without 'new'
2025-05-21 14:59:37 error: Lỗi không xác định: Class constructor ObjectId cannot be invoked without 'new'
2025-05-21 14:59:39 error: Lỗi Controller lấy danh sách công trình cho phân công Timeline: Class constructor ObjectId cannot be invoked without 'new'
2025-05-21 14:59:39 error: Lỗi không xác định: Class constructor ObjectId cannot be invoked without 'new'
2025-05-21 14:59:43 error: Lỗi Controller lấy danh sách công trình cho phân công Timeline: Class constructor ObjectId cannot be invoked without 'new'
2025-05-21 14:59:43 error: Lỗi không xác định: Class constructor ObjectId cannot be invoked without 'new'
2025-05-21 14:59:52 error: Lỗi Controller lấy danh sách công trình cho phân công Timeline: Class constructor ObjectId cannot be invoked without 'new'
2025-05-21 14:59:52 error: Lỗi không xác định: Class constructor ObjectId cannot be invoked without 'new'
2025-05-21 14:59:53 error: Lỗi Controller lấy danh sách công trình cho phân công Timeline: Class constructor ObjectId cannot be invoked without 'new'
2025-05-21 14:59:53 error: Lỗi không xác định: Class constructor ObjectId cannot be invoked without 'new'
2025-05-21 14:59:55 error: Lỗi Controller lấy danh sách công trình cho phân công Timeline: Class constructor ObjectId cannot be invoked without 'new'
2025-05-21 14:59:55 error: Lỗi không xác định: Class constructor ObjectId cannot be invoked without 'new'
2025-05-21 14:59:56 error: Lỗi Controller lấy danh sách công trình cho phân công Timeline: Class constructor ObjectId cannot be invoked without 'new'
2025-05-21 14:59:56 error: Lỗi không xác định: Class constructor ObjectId cannot be invoked without 'new'
2025-05-21 14:59:58 error: Lỗi Controller lấy danh sách công trình cho phân công Timeline: Class constructor ObjectId cannot be invoked without 'new'
2025-05-21 14:59:58 error: Lỗi không xác định: Class constructor ObjectId cannot be invoked without 'new'
2025-05-21 15:00:02 error: Lỗi Controller lấy danh sách công trình cho phân công Timeline: Class constructor ObjectId cannot be invoked without 'new'
2025-05-21 15:00:02 error: Lỗi không xác định: Class constructor ObjectId cannot be invoked without 'new'
2025-05-21 15:00:36 error: Lỗi Controller lấy danh sách công trình cho phân công Timeline: Class constructor ObjectId cannot be invoked without 'new'
2025-05-21 15:00:36 error: Lỗi không xác định: Class constructor ObjectId cannot be invoked without 'new'
2025-05-21 15:00:37 error: Lỗi Controller lấy danh sách công trình cho phân công Timeline: Class constructor ObjectId cannot be invoked without 'new'
2025-05-21 15:00:37 error: Lỗi không xác định: Class constructor ObjectId cannot be invoked without 'new'
2025-05-21 15:00:40 error: Lỗi Controller lấy danh sách công trình cho phân công Timeline: Class constructor ObjectId cannot be invoked without 'new'
2025-05-21 15:00:40 error: Lỗi không xác định: Class constructor ObjectId cannot be invoked without 'new'
2025-05-21 15:00:44 error: Lỗi Controller lấy danh sách công trình cho phân công Timeline: Class constructor ObjectId cannot be invoked without 'new'
2025-05-21 15:00:44 error: Lỗi không xác định: Class constructor ObjectId cannot be invoked without 'new'
2025-05-21 15:03:52 info: Máy chủ đang chạy trên cổng 5000
2025-05-21 15:03:52 info: Một người dùng đã kết nối: 4xa0IBd4QOjzj6moAAAB
2025-05-21 15:03:52 info: Một người dùng đã kết nối: Bh-My86U0oSoYQQ0AAAD
2025-05-21 15:03:53 info: MongoDB đã kết nối thành công.
2025-05-21 15:03:54 error: Lỗi Controller lấy danh sách công trình cho phân công Timeline: Class constructor ObjectId cannot be invoked without 'new'
2025-05-21 15:03:54 error: Lỗi không xác định: Class constructor ObjectId cannot be invoked without 'new'
2025-05-21 15:03:55 error: Lỗi Controller lấy danh sách công trình cho phân công Timeline: Class constructor ObjectId cannot be invoked without 'new'
2025-05-21 15:03:55 error: Lỗi không xác định: Class constructor ObjectId cannot be invoked without 'new'
2025-05-21 15:03:57 info: Người dùng đã ngắt kết nối: 4xa0IBd4QOjzj6moAAAB
2025-05-21 15:03:57 info: Người dùng đã ngắt kết nối: Bh-My86U0oSoYQQ0AAAD
2025-05-21 15:03:57 info: Một người dùng đã kết nối: hLdY8lfV-R9ZD0zQAAAF
2025-05-21 15:03:58 info: Một người dùng đã kết nối: KF6-Q3Y_-Mw4MUTuAAAH
2025-05-21 15:04:02 error: Lỗi Controller lấy danh sách công trình cho phân công Timeline: Class constructor ObjectId cannot be invoked without 'new'
2025-05-21 15:04:02 error: Lỗi không xác định: Class constructor ObjectId cannot be invoked without 'new'
2025-05-21 15:04:03 error: Lỗi Controller lấy danh sách công trình cho phân công Timeline: Class constructor ObjectId cannot be invoked without 'new'
2025-05-21 15:04:03 error: Lỗi không xác định: Class constructor ObjectId cannot be invoked without 'new'
2025-05-21 15:04:05 error: Lỗi Controller lấy danh sách công trình cho phân công Timeline: Class constructor ObjectId cannot be invoked without 'new'
2025-05-21 15:04:05 error: Lỗi không xác định: Class constructor ObjectId cannot be invoked without 'new'
2025-05-21 15:04:09 error: Lỗi Controller lấy danh sách công trình cho phân công Timeline: Class constructor ObjectId cannot be invoked without 'new'
2025-05-21 15:04:09 error: Lỗi không xác định: Class constructor ObjectId cannot be invoked without 'new'
2025-05-21 15:04:10 info: [getHolidays] Attempting to fetch holidays for year: 2025
2025-05-21 15:04:11 info: [getHolidays] Found holiday document for year 2025. Holidays count: 1
2025-05-21 15:04:17 info: Người dùng đã ngắt kết nối: hLdY8lfV-R9ZD0zQAAAF
2025-05-21 15:04:17 info: Người dùng đã ngắt kết nối: KF6-Q3Y_-Mw4MUTuAAAH
2025-05-21 15:04:17 info: Một người dùng đã kết nối: sGlR_Ua-DFNbYc63AAAJ
2025-05-21 15:04:17 info: Một người dùng đã kết nối: A8XyJ57DIabnEgRAAAAL
2025-05-21 15:04:21 error: Lỗi Controller lấy danh sách công trình cho phân công Timeline: Class constructor ObjectId cannot be invoked without 'new'
2025-05-21 15:04:21 error: Lỗi không xác định: Class constructor ObjectId cannot be invoked without 'new'
2025-05-21 15:04:22 error: Lỗi Controller lấy danh sách công trình cho phân công Timeline: Class constructor ObjectId cannot be invoked without 'new'
2025-05-21 15:04:22 error: Lỗi không xác định: Class constructor ObjectId cannot be invoked without 'new'
2025-05-21 15:04:26 error: Lỗi Controller lấy danh sách công trình cho phân công Timeline: Class constructor ObjectId cannot be invoked without 'new'
2025-05-21 15:04:26 error: Lỗi không xác định: Class constructor ObjectId cannot be invoked without 'new'
2025-05-21 15:04:30 error: Lỗi Controller lấy danh sách công trình cho phân công Timeline: Class constructor ObjectId cannot be invoked without 'new'
2025-05-21 15:04:30 error: Lỗi không xác định: Class constructor ObjectId cannot be invoked without 'new'
2025-05-21 15:05:43 error: Lỗi Controller lấy danh sách công trình cho phân công Timeline: Class constructor ObjectId cannot be invoked without 'new'
2025-05-21 15:05:43 error: Lỗi không xác định: Class constructor ObjectId cannot be invoked without 'new'
2025-05-21 15:05:44 error: Lỗi Controller lấy danh sách công trình cho phân công Timeline: Class constructor ObjectId cannot be invoked without 'new'
2025-05-21 15:05:44 error: Lỗi không xác định: Class constructor ObjectId cannot be invoked without 'new'
2025-05-21 15:06:23 info: Người dùng đã ngắt kết nối: sGlR_Ua-DFNbYc63AAAJ
2025-05-21 15:06:27 info: Một người dùng đã kết nối: S-8f9GClVMZ1T8vmAAAN
2025-05-21 15:09:44 info: Máy chủ đang chạy trên cổng 5000
2025-05-21 15:09:44 info: Một người dùng đã kết nối: XL5EJrjsPWdImJSKAAAB
2025-05-21 15:09:45 info: Một người dùng đã kết nối: rbDinHXTXVdHjGRKAAAD
2025-05-21 15:09:45 info: MongoDB đã kết nối thành công.
2025-05-21 15:11:13 info: Batch update profile timeline result for estimator 6824157f08ab772b765f45e5, year 2025:
2025-05-21 15:12:29 info: Batch update profile timeline result for estimator 6824441608ab772b765f4d88, year 2025:
2025-05-21 15:19:21 info: Máy chủ đang chạy trên cổng 5000
2025-05-21 15:19:22 info: Một người dùng đã kết nối: Q6pw5G_2wC6GXal4AAAB
2025-05-21 15:19:22 info: Một người dùng đã kết nối: ZSuE0M7hJprVVHmZAAAD
2025-05-21 15:19:22 info: MongoDB đã kết nối thành công.
2025-05-21 15:19:51 info: Người dùng đã ngắt kết nối: Q6pw5G_2wC6GXal4AAAB
2025-05-21 15:19:51 info: Người dùng đã ngắt kết nối: ZSuE0M7hJprVVHmZAAAD
2025-05-21 15:19:52 info: Một người dùng đã kết nối: PqeL-4hg3sosPa3BAAAF
2025-05-21 15:19:52 info: Một người dùng đã kết nối: 4d-wUBC6wguL1ewvAAAH
2025-05-21 15:21:21 error: Lỗi Controller lấy danh sách công trình cho phân công Timeline: Cannot populate path `estimator` because it is not in your schema. Set the `strictPopulate` option to false to override.
2025-05-21 15:21:21 error: Lỗi không xác định: Cannot populate path `estimator` because it is not in your schema. Set the `strictPopulate` option to false to override.
2025-05-21 15:21:22 error: Lỗi Controller lấy danh sách công trình cho phân công Timeline: Cannot populate path `estimator` because it is not in your schema. Set the `strictPopulate` option to false to override.
2025-05-21 15:21:22 error: Lỗi không xác định: Cannot populate path `estimator` because it is not in your schema. Set the `strictPopulate` option to false to override.
2025-05-21 15:21:24 error: Lỗi Controller lấy danh sách công trình cho phân công Timeline: Cannot populate path `estimator` because it is not in your schema. Set the `strictPopulate` option to false to override.
2025-05-21 15:21:24 error: Lỗi không xác định: Cannot populate path `estimator` because it is not in your schema. Set the `strictPopulate` option to false to override.
2025-05-21 15:23:41 error: Lỗi Controller lấy danh sách công trình cho phân công Timeline: Cannot populate path `estimator` because it is not in your schema. Set the `strictPopulate` option to false to override.
2025-05-21 15:23:41 error: Lỗi không xác định: Cannot populate path `estimator` because it is not in your schema. Set the `strictPopulate` option to false to override.
2025-05-21 15:23:42 error: Lỗi Controller lấy danh sách công trình cho phân công Timeline: Cannot populate path `estimator` because it is not in your schema. Set the `strictPopulate` option to false to override.
2025-05-21 15:23:42 error: Lỗi không xác định: Cannot populate path `estimator` because it is not in your schema. Set the `strictPopulate` option to false to override.
2025-05-21 15:23:44 error: Lỗi Controller lấy danh sách công trình cho phân công Timeline: Cannot populate path `estimator` because it is not in your schema. Set the `strictPopulate` option to false to override.
2025-05-21 15:23:44 error: Lỗi không xác định: Cannot populate path `estimator` because it is not in your schema. Set the `strictPopulate` option to false to override.
2025-05-21 15:23:51 error: Lỗi Controller lấy danh sách công trình cho phân công Timeline: Cannot populate path `estimator` because it is not in your schema. Set the `strictPopulate` option to false to override.
2025-05-21 15:23:51 error: Lỗi không xác định: Cannot populate path `estimator` because it is not in your schema. Set the `strictPopulate` option to false to override.
2025-05-21 15:27:54 info: Máy chủ đang chạy trên cổng 5000
2025-05-21 15:27:54 info: Một người dùng đã kết nối: G_jgukT1E-0GJ4Q0AAAC
2025-05-21 15:27:54 info: Một người dùng đã kết nối: pn40h4CB_4hTO-fHAAAD
2025-05-21 15:27:55 info: MongoDB đã kết nối thành công.
2025-05-21 15:28:02 info: Người dùng đã ngắt kết nối: G_jgukT1E-0GJ4Q0AAAC
2025-05-21 15:28:02 info: Người dùng đã ngắt kết nối: pn40h4CB_4hTO-fHAAAD
2025-05-21 15:28:03 info: Một người dùng đã kết nối: TdZbgmNGepidZFkeAAAF
2025-05-21 15:28:03 info: Một người dùng đã kết nối: BECYU_fzOXKWBC3NAAAH
2025-05-21 15:32:26 info: Máy chủ đang chạy trên cổng 5000
2025-05-21 15:32:26 info: Một người dùng đã kết nối: adpi9-5g178P4YGgAAAB
2025-05-21 15:32:26 info: Một người dùng đã kết nối: I9OkGtKZiiOurrseAAAD
2025-05-21 15:32:26 info: MongoDB đã kết nối thành công.
2025-05-21 15:32:30 info: Người dùng đã ngắt kết nối: adpi9-5g178P4YGgAAAB
2025-05-21 15:32:30 info: Người dùng đã ngắt kết nối: I9OkGtKZiiOurrseAAAD
2025-05-21 15:32:30 info: Một người dùng đã kết nối: cRJcpbheeFYJ2ArMAAAF
2025-05-21 15:32:31 info: Một người dùng đã kết nối: lqNTsudRGb0rAz6gAAAH
2025-05-21 15:38:24 info: Người dùng đã ngắt kết nối: cRJcpbheeFYJ2ArMAAAF
2025-05-21 15:38:29 info: Một người dùng đã kết nối: 32YCc4TYt4PpEoBbAAAJ
2025-05-21 15:38:29 info: Một người dùng đã kết nối: hlCFW1_pYydayhJHAAAK
2025-05-21 15:38:42 info: Người dùng đã ngắt kết nối: hlCFW1_pYydayhJHAAAK
2025-05-21 15:38:42 info: Người dùng đã ngắt kết nối: 32YCc4TYt4PpEoBbAAAJ
2025-05-21 15:38:46 info: Một người dùng đã kết nối: pVOHTC6WpugIPVc_AAAM
2025-05-21 15:38:46 info: Một người dùng đã kết nối: wueEsnuRdQFqiXtdAAAN
2025-05-21 15:41:39 info: Máy chủ đang chạy trên cổng 5000
2025-05-21 15:41:39 info: Một người dùng đã kết nối: aufZJhDaTQ37HvXJAAAB
2025-05-21 15:41:39 info: Một người dùng đã kết nối: Is-srxcghISZ4OWXAAAD
2025-05-21 15:41:40 info: MongoDB đã kết nối thành công.
2025-05-21 15:41:51 info: Người dùng đã ngắt kết nối: aufZJhDaTQ37HvXJAAAB
2025-05-21 15:41:51 info: Người dùng đã ngắt kết nối: Is-srxcghISZ4OWXAAAD
2025-05-21 15:41:52 info: Một người dùng đã kết nối: TbIALVcHAMlOkxxPAAAF
2025-05-21 15:41:52 info: Một người dùng đã kết nối: opeoUEv5Pvjnq_XeAAAH
2025-05-21 15:41:58 info: [getHolidays] Attempting to fetch holidays for year: 2025
2025-05-21 15:41:58 info: [getHolidays] Found holiday document for year 2025. Holidays count: 1
2025-05-21 15:46:50 info: Máy chủ đang chạy trên cổng 5000
2025-05-21 15:46:50 info: Một người dùng đã kết nối: VU0BGlHDjwBkvs-XAAAC
2025-05-21 15:46:50 info: Một người dùng đã kết nối: LnqHC4U0M0UuKSj_AAAD
2025-05-21 15:46:51 info: MongoDB đã kết nối thành công.
2025-05-21 15:46:55 info: Người dùng đã ngắt kết nối: VU0BGlHDjwBkvs-XAAAC
2025-05-21 15:46:55 info: Người dùng đã ngắt kết nối: LnqHC4U0M0UuKSj_AAAD
2025-05-21 15:46:56 info: Một người dùng đã kết nối: 6r7xDeA9wSdlFXU9AAAF
2025-05-21 15:46:56 info: Một người dùng đã kết nối: qXBRG4uEfvbPXudyAAAH
2025-05-21 15:47:02 info: [getHolidays] Attempting to fetch holidays for year: 2025
2025-05-21 15:47:02 info: [getHolidays] Found holiday document for year 2025. Holidays count: 1
2025-05-21 15:52:49 info: Máy chủ đang chạy trên cổng 5000
2025-05-21 15:52:50 info: Một người dùng đã kết nối: Kjcki2j1idIquZZmAAAB
2025-05-21 15:52:50 info: Một người dùng đã kết nối: w8CGkIZoZFfa9lpQAAAD
2025-05-21 15:52:50 info: MongoDB đã kết nối thành công.
2025-05-21 15:52:56 info: Người dùng đã ngắt kết nối: Kjcki2j1idIquZZmAAAB
2025-05-21 15:52:56 info: Người dùng đã ngắt kết nối: w8CGkIZoZFfa9lpQAAAD
2025-05-21 15:52:57 info: Một người dùng đã kết nối: Zmyb1yOKleverz2tAAAF
2025-05-21 15:52:57 info: Một người dùng đã kết nối: xhL2A3xv1IjbwC-zAAAH
2025-05-21 15:53:03 info: [getHolidays] Attempting to fetch holidays for year: 2025
2025-05-21 15:53:03 info: [getHolidays] Found holiday document for year 2025. Holidays count: 1
2025-05-21 15:55:23 info: Batch update profile timeline result for estimator 6824441608ab772b765f4d88, year 2025:
2025-05-21 15:55:23 info: [getHolidays] Attempting to fetch holidays for year: 2025
2025-05-21 15:55:24 info: [getHolidays] Found holiday document for year 2025. Holidays count: 1
2025-05-21 15:55:24 info: [getHolidays] Attempting to fetch holidays for year: 2025
2025-05-21 15:55:24 info: [getHolidays] Found holiday document for year 2025. Holidays count: 1
2025-05-21 15:55:37 info: Người dùng đã ngắt kết nối: Zmyb1yOKleverz2tAAAF
2025-05-21 15:55:37 info: Người dùng đã ngắt kết nối: xhL2A3xv1IjbwC-zAAAH
2025-05-21 15:55:38 info: Một người dùng đã kết nối: 361gh450utZH3mqfAAAJ
2025-05-21 15:55:38 info: Một người dùng đã kết nối: Z4cJHYAaPudnjBPlAAAL
2025-05-21 15:55:42 info: [getHolidays] Attempting to fetch holidays for year: 2025
2025-05-21 15:55:42 info: [getHolidays] Found holiday document for year 2025. Holidays count: 1
2025-05-21 15:59:38 info: Máy chủ đang chạy trên cổng 5000
2025-05-21 15:59:38 info: Một người dùng đã kết nối: j0o8QLIUjHcgPV55AAAB
2025-05-21 15:59:38 info: Một người dùng đã kết nối: skUnwRmoR7FuybJQAAAD
2025-05-21 15:59:38 info: MongoDB đã kết nối thành công.
2025-05-21 15:59:45 info: Người dùng đã ngắt kết nối: j0o8QLIUjHcgPV55AAAB
2025-05-21 15:59:45 info: Người dùng đã ngắt kết nối: skUnwRmoR7FuybJQAAAD
2025-05-21 15:59:46 info: Một người dùng đã kết nối: -3PBife9GYbhX3HUAAAF
2025-05-21 15:59:46 info: Một người dùng đã kết nối: wRqdSzZIz39vPbR9AAAH
2025-05-21 15:59:53 info: [getHolidays] Attempting to fetch holidays for year: 2025
2025-05-21 15:59:53 info: [getHolidays] Found holiday document for year 2025. Holidays count: 1
2025-05-21 16:11:52 info: [getHolidays] Attempting to fetch holidays for year: 2025
2025-05-21 16:11:52 info: [getHolidays] Found holiday document for year 2025. Holidays count: 1
2025-05-21 16:13:46 info: Máy chủ đang chạy trên cổng 5000
2025-05-21 16:13:46 info: Một người dùng đã kết nối: 8q2iJoS2Cby8iAheAAAB
2025-05-21 16:13:46 info: Một người dùng đã kết nối: JREZq30jso83dftrAAAD
2025-05-21 16:13:47 info: MongoDB đã kết nối thành công.
2025-05-21 16:13:58 info: Người dùng đã ngắt kết nối: 8q2iJoS2Cby8iAheAAAB
2025-05-21 16:13:58 info: Người dùng đã ngắt kết nối: JREZq30jso83dftrAAAD
2025-05-21 16:13:59 info: Một người dùng đã kết nối: uXGE8Z_7TH6f9vfxAAAF
2025-05-21 16:13:59 info: Một người dùng đã kết nối: fgFnA_G6MFMpmUxOAAAH
2025-05-21 16:14:04 info: [getHolidays] Attempting to fetch holidays for year: 2025
2025-05-21 16:14:05 info: [getHolidays] Found holiday document for year 2025. Holidays count: 1
2025-05-21 16:21:59 info: Máy chủ đang chạy trên cổng 5000
2025-05-21 16:22:00 info: Một người dùng đã kết nối: AKyVdWlnhVG5JbxEAAAC
2025-05-21 16:22:00 info: Một người dùng đã kết nối: JVoZedv10r9L_ZuKAAAD
2025-05-21 16:22:00 info: MongoDB đã kết nối thành công.
2025-05-21 16:22:06 info: Người dùng đã ngắt kết nối: AKyVdWlnhVG5JbxEAAAC
2025-05-21 16:22:06 info: Người dùng đã ngắt kết nối: JVoZedv10r9L_ZuKAAAD
2025-05-21 16:22:07 info: Một người dùng đã kết nối: uQ9BraVp6PKGex6EAAAF
2025-05-21 16:22:07 info: Một người dùng đã kết nối: ES0r337vnqgqixllAAAH
2025-05-21 16:22:13 info: [getHolidays] Attempting to fetch holidays for year: 2025
2025-05-21 16:22:13 info: [getHolidays] Found holiday document for year 2025. Holidays count: 1
2025-05-21 16:35:25 info: Máy chủ đang chạy trên cổng 5000
2025-05-21 16:35:25 info: Một người dùng đã kết nối: OmbcUhWtxOA1ZaxwAAAB
2025-05-21 16:35:25 info: Một người dùng đã kết nối: jKYQCRzAkveQK2WoAAAD
2025-05-21 16:35:26 info: MongoDB đã kết nối thành công.
2025-05-21 16:35:31 info: Người dùng đã ngắt kết nối: OmbcUhWtxOA1ZaxwAAAB
2025-05-21 16:35:32 info: Người dùng đã ngắt kết nối: jKYQCRzAkveQK2WoAAAD
2025-05-21 16:35:32 info: Một người dùng đã kết nối: HLMUlOpf4fHKa2IEAAAF
2025-05-21 16:35:32 info: Một người dùng đã kết nối: nU31bu9cscI6rr6iAAAH
2025-05-21 16:35:38 info: [getHolidays] Attempting to fetch holidays for year: 2025
2025-05-21 16:35:38 info: [getHolidays] Found holiday document for year 2025. Holidays count: 1
2025-05-21 16:41:32 info: Máy chủ đang chạy trên cổng 5000
2025-05-21 16:41:32 info: Một người dùng đã kết nối: invEYgrPyo_gmSNXAAAC
2025-05-21 16:41:32 info: Một người dùng đã kết nối: LB02foPyBSxYMWP2AAAD
2025-05-21 16:41:33 info: MongoDB đã kết nối thành công.
2025-05-21 16:41:37 info: Người dùng đã ngắt kết nối: invEYgrPyo_gmSNXAAAC
2025-05-21 16:41:37 info: Người dùng đã ngắt kết nối: LB02foPyBSxYMWP2AAAD
2025-05-21 16:41:37 info: Một người dùng đã kết nối: OY6znlxOAqfSUfphAAAF
2025-05-21 16:41:38 info: Một người dùng đã kết nối: Z2joKSLSWwNiQww2AAAH
2025-05-21 16:41:43 info: [getHolidays] Attempting to fetch holidays for year: 2025
2025-05-21 16:41:43 info: [getHolidays] Found holiday document for year 2025. Holidays count: 1
2025-05-21 16:51:07 info: Máy chủ đang chạy trên cổng 5000
2025-05-21 16:51:08 info: Một người dùng đã kết nối: drQKnOxjNYER8j2JAAAB
2025-05-21 16:51:08 info: Một người dùng đã kết nối: TqPtvNITN8pdZOuCAAAD
2025-05-21 16:51:08 info: MongoDB đã kết nối thành công.
2025-05-21 16:51:12 info: Người dùng đã ngắt kết nối: drQKnOxjNYER8j2JAAAB
2025-05-21 16:51:12 info: Người dùng đã ngắt kết nối: TqPtvNITN8pdZOuCAAAD
2025-05-21 16:51:12 info: Một người dùng đã kết nối: A0Ki37PpBw_L2ysxAAAF
2025-05-21 16:51:13 info: Một người dùng đã kết nối: z_716G0myuJbZvp-AAAH
2025-05-21 16:51:19 info: [getHolidays] Attempting to fetch holidays for year: 2025
2025-05-21 16:51:19 info: [getHolidays] Found holiday document for year 2025. Holidays count: 1
2025-05-21 17:03:34 info: Máy chủ đang chạy trên cổng 5000
2025-05-21 17:03:34 info: Một người dùng đã kết nối: bchqrpx4PTHTDxwMAAAC
2025-05-21 17:03:34 info: Một người dùng đã kết nối: nA75qSc6mgYzLY4nAAAD
2025-05-21 17:03:35 info: MongoDB đã kết nối thành công.
2025-05-21 17:03:51 info: Người dùng đã ngắt kết nối: nA75qSc6mgYzLY4nAAAD
2025-05-21 17:03:51 info: Người dùng đã ngắt kết nối: bchqrpx4PTHTDxwMAAAC
2025-05-21 17:04:11 info: Một người dùng đã kết nối: OXvkielPIL_9SusGAAAF
2025-05-21 17:04:11 info: Một người dùng đã kết nối: qngjYDN16QhatX23AAAH
2025-05-21 17:04:17 info: [getHolidays] Attempting to fetch holidays for year: 2025
2025-05-21 17:04:17 info: [getHolidays] Found holiday document for year 2025. Holidays count: 1
2025-05-21 17:04:24 info: Người dùng đã ngắt kết nối: qngjYDN16QhatX23AAAH
2025-05-21 17:04:24 info: Người dùng đã ngắt kết nối: OXvkielPIL_9SusGAAAF
