2025-05-26 00:14:31 info: Một người dùng đã kết nối: hpoW4VjTqpWi-dNTAACR
2025-05-26 00:14:31 info: Người dùng đã ngắt kết nối: hpoW4VjTqpWi-dNTAACR
2025-05-26 00:14:31 info: Một người dùng đã kết nối: _qTMK2aKXE-ADoCaAACS
2025-05-26 00:14:31 info: Người dùng đã ngắt kết nối: _qTMK2aKXE-ADoCaAACS
2025-05-26 00:14:32 info: Một người dùng đã kết nối: BfEEEVKi11yPL0cmAACV
2025-05-26 00:14:32 info: Một người dùng đã kết nối: YUFhGo1zV8SlmW2FAACW
2025-05-26 00:18:12 info: Một người dùng đã kết nối: mgXaepdkVlnElCR1AACZ
2025-05-26 00:18:12 info: Người dùng đã ngắt kết nối: mgXaepdkVlnElCR1AACZ
2025-05-26 00:18:12 info: Một người dùng đã kết nối: VblB9Apyo4m35RJ9AACa
2025-05-26 00:18:12 info: Một người dùng đã kết nối: kbpejjTn3Xo9TOMoAACb
2025-05-26 00:18:13 info: Một người dùng đã kết nối: 9NnaOAoKdjEWW5HCAACd
2025-05-26 00:27:52 info: Máy chủ đang chạy trên cổng 5000
2025-05-26 00:27:52 info: Một người dùng đã kết nối: G84cqcOamRjBFMROAAAC
2025-05-26 00:27:52 info: Một người dùng đã kết nối: jggqO-T6pjYrjzXRAAAD
2025-05-26 00:27:52 info: Một người dùng đã kết nối: 7lKSfXsf6FqcZY92AAAG
2025-05-26 00:27:52 info: Một người dùng đã kết nối: XejyWBgWblTf7jWcAAAH
2025-05-26 00:27:52 info: Một người dùng đã kết nối: lwwt0jcp5wg2zVTFAAAK
2025-05-26 00:27:52 info: Một người dùng đã kết nối: wMDojYZX6MT6SbzMAAAL
2025-05-26 00:27:52 info: Một người dùng đã kết nối: B5IWtcH2oBmafrU9AAAO
2025-05-26 00:27:52 info: Một người dùng đã kết nối: MdxQh6LGk1ofA9niAAAP
2025-05-26 00:27:52 info: Một người dùng đã kết nối: x6kZMGZ_gf2ddL4VAAAR
2025-05-26 00:27:52 info: Một người dùng đã kết nối: yjvFkWTRtZcctmWuAAAT
2025-05-26 00:27:52 info: Một người dùng đã kết nối: DXKl2pmQo0pRJQgfAAAV
2025-05-26 00:27:52 info: Một người dùng đã kết nối: 5Zg4bVn1rBTAzxG5AAAX
2025-05-26 00:27:52 info: Một người dùng đã kết nối: kpQ6sobQX7voiC1NAAAZ
2025-05-26 00:27:52 info: Một người dùng đã kết nối: Dar792PmsgMgdATHAAAb
2025-05-26 00:27:53 info: Một người dùng đã kết nối: OjA6WAg5jxAOUCfoAAAd
2025-05-26 00:27:53 info: Một người dùng đã kết nối: IjvyDQW32uFMv1oVAAAf
2025-05-26 00:27:53 info: Một người dùng đã kết nối: YJsg32Ye-5vNdxSuAAAh
2025-05-26 00:27:53 info: Một người dùng đã kết nối: ZpDD-BlZkS56Oi9MAAAj
2025-05-26 00:27:53 info: Một người dùng đã kết nối: fCZBg2HKfhsZhBF7AAAl
2025-05-26 00:27:53 info: Một người dùng đã kết nối: 0yOlltQAKrxg49RdAAAn
2025-05-26 00:27:53 info: Một người dùng đã kết nối: cAzId_9tSIUnsSD9AAAp
2025-05-26 00:27:53 info: Một người dùng đã kết nối: M8hDAgE3XHZktG2lAAAr
2025-05-26 00:27:53 info: MongoDB đã kết nối thành công.
2025-05-26 00:28:39 info: Người dùng đã ngắt kết nối: MdxQh6LGk1ofA9niAAAP
2025-05-26 00:28:49 info: Một người dùng đã kết nối: 5gcIWxbTYowLAjoRAAAt
2025-05-26 00:29:26 info: Người dùng đã ngắt kết nối: 5gcIWxbTYowLAjoRAAAt
2025-05-26 00:29:26 info: Người dùng đã ngắt kết nối: wMDojYZX6MT6SbzMAAAL
2025-05-26 00:29:26 info: Người dùng đã ngắt kết nối: XejyWBgWblTf7jWcAAAH
2025-05-26 00:29:26 info: Người dùng đã ngắt kết nối: jggqO-T6pjYrjzXRAAAD
2025-05-26 00:29:26 info: Một người dùng đã kết nối: NpABu__6E2wXCYzPAAAv
2025-05-26 00:29:26 info: Một người dùng đã kết nối: l_mlPRpGHRwaNiFAAAAx
2025-05-26 00:34:38 info: Máy chủ đang chạy trên cổng 5000
2025-05-26 00:34:39 info: Một người dùng đã kết nối: c36A4HFHqnA-P9Y4AAAC
2025-05-26 00:34:39 info: Một người dùng đã kết nối: TDhtyk-1eMaZli2lAAAD
2025-05-26 00:34:39 info: Một người dùng đã kết nối: 0_ABEbxGE21X4ZydAAAG
2025-05-26 00:34:39 info: Một người dùng đã kết nối: DH_6iDSxIXa9Ndx9AAAH
2025-05-26 00:34:39 info: Một người dùng đã kết nối: KDK0Mt3jzKEU_53VAAAJ
2025-05-26 00:34:39 info: Một người dùng đã kết nối: 0cP6daH4_2wDQq5qAAAL
2025-05-26 00:34:39 info: Một người dùng đã kết nối: iHFeva1RjZkn8KNMAAAN
2025-05-26 00:34:39 info: Một người dùng đã kết nối: q02bLFWRSoST1QODAAAP
2025-05-26 00:34:39 info: Một người dùng đã kết nối: vNwhL1a8fjc028wKAAAS
2025-05-26 00:34:39 info: Một người dùng đã kết nối: P1u1kmGC53nsZ5g3AAAT
2025-05-26 00:34:39 info: Một người dùng đã kết nối: rs8Y8MmBFqRjt8gnAAAV
2025-05-26 00:34:39 info: MongoDB đã kết nối thành công.
2025-05-26 00:34:39 info: Một người dùng đã kết nối: ru4XMdi3bcSbiUdCAAAY
2025-05-26 00:34:39 info: Một người dùng đã kết nối: 4eU7S5_3rzqBATmYAAAZ
2025-05-26 00:34:39 info: Một người dùng đã kết nối: Vs3YxplQLFlK85cTAAAc
2025-05-26 00:34:39 info: Một người dùng đã kết nối: pbMMrsFjKrd05u9xAAAd
2025-05-26 00:34:39 info: Một người dùng đã kết nối: 7ES70h-MtjuETEw1AAAf
2025-05-26 00:34:39 info: Một người dùng đã kết nối: -DCkKPyXRLcXxEgDAAAh
2025-05-26 00:34:39 info: Một người dùng đã kết nối: BeYvSRyGFOL-Q9WQAAAj
2025-05-26 00:34:39 info: Một người dùng đã kết nối: LFPRwC4RP0J58-pvAAAl
2025-05-26 00:34:39 info: Một người dùng đã kết nối: MHfJ64IKlglYRTiqAAAn
2025-05-26 00:34:48 info: Người dùng đã ngắt kết nối: c36A4HFHqnA-P9Y4AAAC
2025-05-26 00:34:48 info: Người dùng đã ngắt kết nối: 0_ABEbxGE21X4ZydAAAG
2025-05-26 00:34:49 info: Một người dùng đã kết nối: rcwRRTqjiiSp4_D4AAAp
2025-05-26 00:34:49 info: Một người dùng đã kết nối: B-SLbyo_D1eVJPmsAAAr
2025-05-26 00:36:07 info: Người dùng đã ngắt kết nối: rcwRRTqjiiSp4_D4AAAp
2025-05-26 00:36:15 info: Một người dùng đã kết nối: 7w8mvvg4uoCx-O6QAAAt
2025-05-26 00:37:28 info: Một người dùng đã kết nối: p1tL9bd3aSknAB_vAAAv
2025-05-26 00:37:28 info: Một người dùng đã kết nối: kGlR6bhvGCAxvJf3AAAx
2025-05-26 00:37:31 info: Người dùng đã ngắt kết nối: B-SLbyo_D1eVJPmsAAAr
2025-05-26 00:37:31 info: Người dùng đã ngắt kết nối: 7w8mvvg4uoCx-O6QAAAt
2025-05-26 00:37:37 info: Người dùng đã ngắt kết nối: p1tL9bd3aSknAB_vAAAv
2025-05-26 00:37:45 info: Một người dùng đã kết nối: 2yDKfZwiD_1_2lXIAAAz
2025-05-26 00:38:03 info: [MarkAllProcessed] User 6829c04c10683037e7acb040: 0 thông báo đã được đánh dấu xử lý. 4 thông báo được giữ lại.
