2025-05-22 08:07:56 info: Máy chủ đang chạy trên cổng 5000
2025-05-22 08:07:59 info: MongoDB đã kết nối thành công.
2025-05-22 08:09:49 info: Một người dùng đã kết nối: TjtUNp8wLds2O_DRAAAB
2025-05-22 08:09:49 info: Một người dùng đã kết nối: 1wyduAVSILYjbpcYAAAD
2025-05-22 08:12:30 info: Người dùng đã ngắt kết nối: 1wyduAVSILYjbpcYAAAD
2025-05-22 08:12:30 info: Người dùng đã ngắt kết nối: TjtUNp8wLds2O_DRAAAB
2025-05-22 08:13:55 info: Một người dùng đã kết nối: dPbtFgHTxM__eyamAAAF
2025-05-22 08:13:55 info: Một người dùng đã kết nối: G7BnuIxg334LsbdAAAAH
2025-05-22 08:16:26 info: [getHolidays] Attempting to fetch holidays for year: 2025
2025-05-22 08:16:26 info: [getHolidays] Found holiday document for year 2025. Holidays count: 1
2025-05-22 08:24:01 info: Người dùng đã ngắt kết nối: dPbtFgHTxM__eyamAAAF
2025-05-22 08:24:01 info: Người dùng đã ngắt kết nối: G7BnuIxg334LsbdAAAAH
2025-05-22 08:24:01 info: Một người dùng đã kết nối: 3jyXik7Il_rhLsgzAAAJ
2025-05-22 08:24:01 info: Một người dùng đã kết nối: WZxDDhIZPjG699vkAAAL
2025-05-22 08:24:22 error: Lỗi xác thực token: jwt expired
2025-05-22 08:24:23 error: Lỗi xác thực token: jwt expired
2025-05-22 08:24:25 info: Một người dùng đã kết nối: 43_c2dwachswJZ2YAAAN
2025-05-22 08:24:25 info: Một người dùng đã kết nối: VFdYFOELcRbI-6KpAAAP
2025-05-22 08:24:38 info: Một người dùng đã kết nối: wMkZ91fKTAzqOY2mAAAR
2025-05-22 08:24:38 info: Một người dùng đã kết nối: tH5VV7T4-NiPqzJZAAAT
2025-05-22 08:25:21 info: [getHolidays] Attempting to fetch holidays for year: 2025
2025-05-22 08:25:21 info: [getHolidays] Found holiday document for year 2025. Holidays count: 1
2025-05-22 08:26:58 info: Người dùng đã ngắt kết nối: wMkZ91fKTAzqOY2mAAAR
2025-05-22 08:26:58 info: Người dùng đã ngắt kết nối: VFdYFOELcRbI-6KpAAAP
2025-05-22 08:26:58 info: Người dùng đã ngắt kết nối: 43_c2dwachswJZ2YAAAN
2025-05-22 08:26:58 info: Người dùng đã ngắt kết nối: tH5VV7T4-NiPqzJZAAAT
2025-05-22 08:26:58 info: Một người dùng đã kết nối: NlaWSqzF5oKKpy8GAAAV
2025-05-22 08:26:59 info: Một người dùng đã kết nối: 2beMJ-TiclLyqaswAAAX
2025-05-22 08:27:03 info: Người dùng đã ngắt kết nối: NlaWSqzF5oKKpy8GAAAV
2025-05-22 08:27:03 info: Người dùng đã ngắt kết nối: 2beMJ-TiclLyqaswAAAX
2025-05-22 08:27:03 info: Một người dùng đã kết nối: QjimYP1BLtPgV6BgAAAZ
2025-05-22 08:27:03 info: Một người dùng đã kết nối: KWsg_o9CPDPvO3cwAAAb
2025-05-22 08:27:25 info: Người dùng đã ngắt kết nối: QjimYP1BLtPgV6BgAAAZ
2025-05-22 08:27:25 info: Người dùng đã ngắt kết nối: KWsg_o9CPDPvO3cwAAAb
2025-05-22 08:27:27 info: Một người dùng đã kết nối: RELAWP6Jp6LIOdymAAAd
2025-05-22 08:27:28 info: Một người dùng đã kết nối: LuMty-BEj4eM1vKGAAAf
2025-05-22 08:28:09 info: Một người dùng đã kết nối: duRk_oDlNiHMZy7mAAAh
2025-05-22 08:28:09 info: Một người dùng đã kết nối: 49XNupSo3N7jJgVwAAAj
2025-05-22 08:28:15 info: Người dùng đã ngắt kết nối: duRk_oDlNiHMZy7mAAAh
2025-05-22 08:28:15 info: Người dùng đã ngắt kết nối: LuMty-BEj4eM1vKGAAAf
2025-05-22 08:28:15 info: Người dùng đã ngắt kết nối: RELAWP6Jp6LIOdymAAAd
2025-05-22 08:28:15 info: Người dùng đã ngắt kết nối: 49XNupSo3N7jJgVwAAAj
2025-05-22 08:28:15 info: Một người dùng đã kết nối: -qEdXf24pDeaXWL0AAAl
2025-05-22 08:28:15 info: Một người dùng đã kết nối: iAlRIauf70h__mhKAAAn
2025-05-22 08:28:20 info: Người dùng đã ngắt kết nối: -qEdXf24pDeaXWL0AAAl
2025-05-22 08:28:20 info: Người dùng đã ngắt kết nối: iAlRIauf70h__mhKAAAn
2025-05-22 08:28:23 info: Một người dùng đã kết nối: wiMCDay-F2YtPyO8AAAp
2025-05-22 08:28:24 info: Một người dùng đã kết nối: z4kME_ytmhu2EMn3AAAr
2025-05-22 08:28:31 info: Người dùng đã ngắt kết nối: z4kME_ytmhu2EMn3AAAr
2025-05-22 08:28:31 info: Người dùng đã ngắt kết nối: wiMCDay-F2YtPyO8AAAp
2025-05-22 08:35:13 info: Người dùng đã ngắt kết nối: 3jyXik7Il_rhLsgzAAAJ
2025-05-22 08:35:13 info: Người dùng đã ngắt kết nối: WZxDDhIZPjG699vkAAAL
2025-05-22 08:35:14 info: Một người dùng đã kết nối: 97Ag41P5CxCj5AvaAAAt
2025-05-22 08:35:14 info: Một người dùng đã kết nối: Thq7zgnIeykiZ5lpAAAv
2025-05-22 08:35:40 info: [getHolidays] Attempting to fetch holidays for year: 2025
2025-05-22 08:35:40 info: [getHolidays] Found holiday document for year 2025. Holidays count: 1
2025-05-22 08:37:12 info: Một người dùng đã kết nối: U6i2Hh7HY-5NzMVyAAAx
2025-05-22 08:37:12 info: Một người dùng đã kết nối: jfqWXBB0pVhIOD8iAAAz
2025-05-22 08:37:21 info: Một người dùng đã kết nối: BPW0VZi4UBYu9-vkAAA1
2025-05-22 08:37:21 info: Một người dùng đã kết nối: 0ZUiRj_uvoimnV93AAA3
2025-05-22 08:38:17 info: Người dùng đã ngắt kết nối: BPW0VZi4UBYu9-vkAAA1
2025-05-22 08:38:17 info: Người dùng đã ngắt kết nối: jfqWXBB0pVhIOD8iAAAz
2025-05-22 08:38:17 info: Người dùng đã ngắt kết nối: U6i2Hh7HY-5NzMVyAAAx
2025-05-22 08:38:17 info: Người dùng đã ngắt kết nối: 0ZUiRj_uvoimnV93AAA3
2025-05-22 08:38:18 info: Một người dùng đã kết nối: 4btTisZJIUKRjnHqAAA5
2025-05-22 08:38:18 info: Một người dùng đã kết nối: vdPbGfYrkG7n_oIZAAA7
2025-05-22 08:40:34 info: Người dùng đã ngắt kết nối: 4btTisZJIUKRjnHqAAA5
2025-05-22 08:40:34 info: Người dùng đã ngắt kết nối: vdPbGfYrkG7n_oIZAAA7
2025-05-22 08:40:34 info: Người dùng đã ngắt kết nối: 97Ag41P5CxCj5AvaAAAt
2025-05-22 08:40:34 info: Người dùng đã ngắt kết nối: Thq7zgnIeykiZ5lpAAAv
2025-05-22 08:40:36 info: Một người dùng đã kết nối: bCHuOoP-bWyjn6XFAAA-
2025-05-22 08:40:36 info: Một người dùng đã kết nối: EJUC-oQLn1HLzosVAAA_
2025-05-22 08:40:36 info: Một người dùng đã kết nối: vPXh05gy07Huik42AABB
2025-05-22 08:40:36 info: Một người dùng đã kết nối: _nn3c0fbTuTw5D9qAABD
2025-05-22 08:41:52 info: [getHolidays] Attempting to fetch holidays for year: 2025
2025-05-22 08:41:52 info: [getHolidays] Found holiday document for year 2025. Holidays count: 1
2025-05-22 08:43:32 info: Người dùng đã ngắt kết nối: bCHuOoP-bWyjn6XFAAA-
2025-05-22 08:43:32 info: Người dùng đã ngắt kết nối: vPXh05gy07Huik42AABB
2025-05-22 08:43:33 info: Một người dùng đã kết nối: hQw2qHcjBXoPhsmnAABF
2025-05-22 08:43:33 info: Một người dùng đã kết nối: EN31AiJzfnQFFw1eAABH
2025-05-22 08:43:43 info: Một người dùng đã kết nối: Bl370StIPrwL5fW4AABJ
2025-05-22 08:43:43 info: Một người dùng đã kết nối: YZm_Vy3KYFsekEh2AABL
2025-05-22 08:44:45 info: [getHolidays] Attempting to fetch holidays for year: 2025
2025-05-22 08:44:45 info: [getHolidays] Found holiday document for year 2025. Holidays count: 1
2025-05-22 08:46:00 info: Người dùng đã ngắt kết nối: Bl370StIPrwL5fW4AABJ
2025-05-22 08:46:04 info: Một người dùng đã kết nối: 6bC2u-r1kl8cbNXXAABN
2025-05-22 08:46:04 info: Một người dùng đã kết nối: MiTLXzQC-gbNiFy1AABO
2025-05-22 08:53:12 info: [getHolidays] Attempting to fetch holidays for year: 2025
2025-05-22 08:53:12 info: [getHolidays] Found holiday document for year 2025. Holidays count: 1
2025-05-22 08:58:15 info: Một người dùng đã kết nối: UjTuQ_6_WEoMNGrtAABQ
2025-05-22 08:58:15 info: Một người dùng đã kết nối: hd_gPmii73VLWzJqAABS
2025-05-22 08:58:15 info: Người dùng đã ngắt kết nối: EJUC-oQLn1HLzosVAAA_
2025-05-22 08:58:15 info: Người dùng đã ngắt kết nối: _nn3c0fbTuTw5D9qAABD
2025-05-22 08:58:29 info: Người dùng đã ngắt kết nối: MiTLXzQC-gbNiFy1AABO
2025-05-22 08:58:29 info: Người dùng đã ngắt kết nối: 6bC2u-r1kl8cbNXXAABN
2025-05-22 08:58:31 info: Một người dùng đã kết nối: 8DYtx-b1hEJF6rleAABU
2025-05-22 08:58:31 info: Một người dùng đã kết nối: mHSvgZxdW1G5XO8wAABV
2025-05-22 08:59:26 info: [getHolidays] Attempting to fetch holidays for year: 2025
2025-05-22 08:59:26 info: [getHolidays] Found holiday document for year 2025. Holidays count: 1
2025-05-22 09:00:09 info: Người dùng đã ngắt kết nối: YZm_Vy3KYFsekEh2AABL
2025-05-22 09:00:09 info: Người dùng đã ngắt kết nối: 8DYtx-b1hEJF6rleAABU
2025-05-22 09:00:09 info: Người dùng đã ngắt kết nối: mHSvgZxdW1G5XO8wAABV
2025-05-22 09:00:09 info: Người dùng đã ngắt kết nối: EN31AiJzfnQFFw1eAABH
2025-05-22 09:00:09 info: Người dùng đã ngắt kết nối: hQw2qHcjBXoPhsmnAABF
2025-05-22 09:00:09 info: Một người dùng đã kết nối: kyHczd9msOG6-6neAABX
2025-05-22 09:00:09 info: Một người dùng đã kết nối: VDITBUk-S99bTbVRAABZ
2025-05-22 09:00:32 info: [getHolidays] Attempting to fetch holidays for year: 2025
2025-05-22 09:00:32 info: [getHolidays] Found holiday document for year 2025. Holidays count: 1
2025-05-22 09:02:03 info: [getHolidays] Attempting to fetch holidays for year: 2025
2025-05-22 09:02:03 info: [getHolidays] Found holiday document for year 2025. Holidays count: 1
2025-05-22 09:09:27 info: [getHolidays] Attempting to fetch holidays for year: 2025
2025-05-22 09:09:27 info: [getHolidays] Found holiday document for year 2025. Holidays count: 1
2025-05-22 09:17:09 info: Một người dùng đã kết nối: Yhib_4DaJFo29ncGAABb
2025-05-22 09:17:09 info: Một người dùng đã kết nối: YiletCBctBQRL8KFAABd
2025-05-22 09:17:10 info: Người dùng đã ngắt kết nối: hd_gPmii73VLWzJqAABS
2025-05-22 09:17:10 info: Người dùng đã ngắt kết nối: UjTuQ_6_WEoMNGrtAABQ
2025-05-22 09:17:34 info: [getHolidays] Attempting to fetch holidays for year: 2025
2025-05-22 09:17:34 info: [getHolidays] Found holiday document for year 2025. Holidays count: 1
2025-05-22 09:17:49 info: Ngày nghỉ cho năm 2025 đã được cập nhật bởi admin
2025-05-22 09:17:49 info: [getHolidays] Attempting to fetch holidays for year: 2025
2025-05-22 09:17:49 info: [getHolidays] Found holiday document for year 2025. Holidays count: 1
2025-05-22 09:17:55 info: Người dùng đã ngắt kết nối: Yhib_4DaJFo29ncGAABb
2025-05-22 09:17:55 info: Người dùng đã ngắt kết nối: YiletCBctBQRL8KFAABd
2025-05-22 09:17:56 info: Một người dùng đã kết nối: nzeHBZKOySnw-5ZUAABf
2025-05-22 09:17:56 info: Một người dùng đã kết nối: HV4m3g7VenmBUKYYAABh
2025-05-22 09:17:57 info: [getHolidays] Attempting to fetch holidays for year: 2025
2025-05-22 09:17:57 info: [getHolidays] Found holiday document for year 2025. Holidays count: 1
2025-05-22 09:18:18 info: [getHolidays] Attempting to fetch holidays for year: 2025
2025-05-22 09:18:19 info: [getHolidays] Found holiday document for year 2025. Holidays count: 1
2025-05-22 09:18:44 info: [getHolidays] Attempting to fetch holidays for year: 2025
2025-05-22 09:18:44 info: [getHolidays] Found holiday document for year 2025. Holidays count: 1
2025-05-22 09:19:21 info: [getHolidays] Attempting to fetch holidays for year: 2025
2025-05-22 09:19:21 info: [getHolidays] Found holiday document for year 2025. Holidays count: 1
