2025-05-25 00:03:06 info: Người dùng đã ngắt kết nối: 6NQ0V4I82jWxSe-kAAAx
2025-05-25 00:03:06 info: Người dùng đã ngắt kết nối: MUMS_jzQFwcbrUKEAAAz
2025-05-25 00:03:07 info: Một người dùng đã kết nối: W13vuaKPr1Fq5EIuAAA1
2025-05-25 00:03:07 info: Một người dùng đã kết nối: J2ctacFqjHZIlJw4AAA3
2025-05-25 00:08:45 info: Người dùng đã ngắt kết nối: W13vuaKPr1Fq5EIuAAA1
2025-05-25 00:08:45 info: Người dùng đã ngắt kết nối: J2ctacFqjHZIlJw4AAA3
2025-05-25 00:08:45 info: Một người dùng đã kết nối: SBogQoPUvkP9tYTXAAA5
2025-05-25 00:08:45 info: Một người dùng đã kết nối: Zkrf8SZJfkbRMMGRAAA7
2025-05-25 00:12:59 info: Người dùng đã ngắt kết nối: SBogQoPUvkP9tYTXAAA5
2025-05-25 00:12:59 info: Người dùng đã ngắt kết nối: Zkrf8SZJfkbRMMGRAAA7
2025-05-25 00:12:59 info: Một người dùng đã kết nối: S-_lFwU54Y_i8_hhAAA9
2025-05-25 00:12:59 info: Một người dùng đã kết nối: 9ForACUPVLNwKm4tAAA_
2025-05-25 00:17:15 info: Người dùng đã ngắt kết nối: S-_lFwU54Y_i8_hhAAA9
2025-05-25 00:17:15 info: Một người dùng đã kết nối: sCMTHGMXAKD7cahwAABB
2025-05-25 00:17:28 info: Người dùng đã ngắt kết nối: 9ForACUPVLNwKm4tAAA_
2025-05-25 00:17:28 info: Người dùng đã ngắt kết nối: sCMTHGMXAKD7cahwAABB
2025-05-25 00:17:29 info: Một người dùng đã kết nối: eH2GKdiR_7FgcxlQAABD
2025-05-25 00:17:29 info: Một người dùng đã kết nối: nB5q8Uv5ZItGNv3HAABF
2025-05-25 00:24:21 info: Người dùng đã ngắt kết nối: eH2GKdiR_7FgcxlQAABD
2025-05-25 00:24:21 info: Người dùng đã ngắt kết nối: nB5q8Uv5ZItGNv3HAABF
2025-05-25 00:24:21 info: Một người dùng đã kết nối: SRmAaZuSF3Difeu_AABH
2025-05-25 00:24:21 info: Một người dùng đã kết nối: lsgntA7CZv7SWCpPAABJ
2025-05-25 00:46:03 info: [addHoliday Controller] Received req.body: {"year":2025,"date":"2025-07-02","description":"222"}, Type of req.body.year: number
2025-05-25 00:46:04 info: Đã thêm ngày nghỉ 2025-07-02 cho năm 2025 bởi admin
2025-05-25 00:46:14 info: Ngày nghỉ 2025-05-26 cho năm 2025 đã được xóa bởi admin
2025-05-25 00:46:17 info: Ngày nghỉ 2025-05-28 cho năm 2025 đã được xóa bởi admin
2025-05-25 00:46:19 info: Ngày nghỉ 2025-07-02 cho năm 2025 đã được xóa bởi admin
2025-05-25 00:46:21 info: Ngày nghỉ 2025-07-03 cho năm 2025 đã được xóa bởi admin
2025-05-25 00:50:59 info: Batch update profile timeline result for estimator 6824441608ab772b765f4d88, year 2025:
2025-05-25 01:01:19 info: Người dùng đã ngắt kết nối: SRmAaZuSF3Difeu_AABH
2025-05-25 01:01:19 info: Người dùng đã ngắt kết nối: lsgntA7CZv7SWCpPAABJ
2025-05-25 01:01:19 info: Một người dùng đã kết nối: yWtOgNQf-SCe4fzgAABL
2025-05-25 01:01:19 info: Một người dùng đã kết nối: _m1r4a5Y_LK7iAuXAABN
2025-05-25 01:03:40 info: Batch update profile timeline result for estimator 682dc129d251bb6a04b6776a, year 2025:
2025-05-25 01:05:23 info: Người dùng đã ngắt kết nối: yWtOgNQf-SCe4fzgAABL
2025-05-25 01:05:23 info: Người dùng đã ngắt kết nối: _m1r4a5Y_LK7iAuXAABN
2025-05-25 01:05:23 info: Một người dùng đã kết nối: GWzThedz-wc0WdS3AABP
2025-05-25 01:05:24 info: Một người dùng đã kết nối: wx7tK8dAErzomsXiAABR
2025-05-25 01:12:17 info: Người dùng đã ngắt kết nối: GWzThedz-wc0WdS3AABP
2025-05-25 01:12:17 info: Người dùng đã ngắt kết nối: wx7tK8dAErzomsXiAABR
2025-05-25 01:12:17 info: Một người dùng đã kết nối: bRlSCbhCqkJSCGTdAABT
2025-05-25 01:12:17 info: Một người dùng đã kết nối: I7dEzmPsg2msrx6qAABV
2025-05-25 01:20:48 info: Người dùng đã ngắt kết nối: bRlSCbhCqkJSCGTdAABT
2025-05-25 01:20:48 info: Người dùng đã ngắt kết nối: I7dEzmPsg2msrx6qAABV
2025-05-25 01:20:48 info: Một người dùng đã kết nối: tNjQ1SD3rYoNApuzAABX
2025-05-25 01:20:48 info: Một người dùng đã kết nối: y6zV_ak3JatNQ_42AABZ
2025-05-25 01:21:45 info: Một người dùng đã kết nối: 3UbN6r0Jap9nuoWEAABb
2025-05-25 01:21:45 info: Một người dùng đã kết nối: 0R2zfkqkiEmkrde_AABd
2025-05-25 01:21:46 info: Người dùng đã ngắt kết nối: tNjQ1SD3rYoNApuzAABX
2025-05-25 01:21:46 info: Người dùng đã ngắt kết nối: y6zV_ak3JatNQ_42AABZ
2025-05-25 01:25:10 info: Người dùng đã ngắt kết nối: 3UbN6r0Jap9nuoWEAABb
2025-05-25 01:25:10 info: Người dùng đã ngắt kết nối: 0R2zfkqkiEmkrde_AABd
2025-05-25 01:25:10 info: Một người dùng đã kết nối: OK-dtLguGhwoeeMXAABf
2025-05-25 01:25:10 info: Một người dùng đã kết nối: Sg7eflNO183oOnExAABh
2025-05-25 01:39:57 info: Máy chủ đang chạy trên cổng 5000
2025-05-25 01:39:57 info: Một người dùng đã kết nối: -rt_eU_x8mtLmbSSAAAC
2025-05-25 01:39:57 info: Một người dùng đã kết nối: -DWi9ZHhMN971oAXAAAD
2025-05-25 01:39:58 info: MongoDB đã kết nối thành công.
2025-05-25 01:40:11 info: Một người dùng đã kết nối: VCu46OGRkEnq6h61AAAF
2025-05-25 01:40:11 info: Một người dùng đã kết nối: kPWd6MiYV3s6xaqBAAAH
2025-05-25 01:40:15 info: Người dùng đã ngắt kết nối: -DWi9ZHhMN971oAXAAAD
2025-05-25 01:40:15 info: Người dùng đã ngắt kết nối: -rt_eU_x8mtLmbSSAAAC
2025-05-25 01:45:28 info: Batch update profile timeline result for estimator 682dc129d251bb6a04b6776a, year 2025:
2025-05-25 01:47:41 info: Người dùng đã ngắt kết nối: VCu46OGRkEnq6h61AAAF
2025-05-25 01:47:41 info: Người dùng đã ngắt kết nối: kPWd6MiYV3s6xaqBAAAH
2025-05-25 01:47:41 info: Một người dùng đã kết nối: 4mezWMM_DwmJPVlMAAAJ
2025-05-25 01:47:41 info: Một người dùng đã kết nối: XbsUCsXbcg42pWo-AAAL
2025-05-25 01:48:29 info: Batch update profile timeline result for estimator 6824441608ab772b765f4d88, year 2025:
2025-05-25 01:59:41 info: Máy chủ đang chạy trên cổng 5000
2025-05-25 01:59:41 info: Một người dùng đã kết nối: 1CuqrkE3mlm2Tq8DAAAB
2025-05-25 01:59:41 info: Một người dùng đã kết nối: PstIY0bVwhObm0vTAAAD
2025-05-25 01:59:42 info: MongoDB đã kết nối thành công.
2025-05-25 01:59:50 info: Một người dùng đã kết nối: Dbzu7XRt-5GpTVMqAAAF
2025-05-25 01:59:50 info: Một người dùng đã kết nối: X3rfZJgid6jaokLnAAAH
2025-05-25 01:59:51 info: Người dùng đã ngắt kết nối: 1CuqrkE3mlm2Tq8DAAAB
2025-05-25 01:59:51 info: Người dùng đã ngắt kết nối: PstIY0bVwhObm0vTAAAD
2025-05-25 02:08:33 info: Máy chủ đang chạy trên cổng 5000
2025-05-25 02:08:33 info: Một người dùng đã kết nối: rKJdZupac-YUXmq_AAAB
2025-05-25 02:08:33 info: Một người dùng đã kết nối: egmN_VdHjWyPempuAAAD
2025-05-25 02:08:34 info: MongoDB đã kết nối thành công.
2025-05-25 02:08:43 info: Người dùng đã ngắt kết nối: rKJdZupac-YUXmq_AAAB
2025-05-25 02:08:43 info: Người dùng đã ngắt kết nối: egmN_VdHjWyPempuAAAD
2025-05-25 02:08:43 info: Một người dùng đã kết nối: 43eXf55ythSdBG61AAAF
2025-05-25 02:08:43 info: Một người dùng đã kết nối: CwqDMnPQbaWURfpMAAAH
2025-05-25 02:16:53 info: Một người dùng đã kết nối: zuDhRnDxORAoU3eTAAAJ
2025-05-25 02:17:32 info: Máy chủ đang chạy trên cổng 5000
2025-05-25 02:17:32 info: Một người dùng đã kết nối: Jl_sT_Mqd2EbW9iMAAAB
2025-05-25 02:17:32 info: Một người dùng đã kết nối: QRyOy6duIY_9mmbcAAAD
2025-05-25 02:17:32 info: Một người dùng đã kết nối: bIPbN9MfVu2Li7gmAAAF
2025-05-25 02:17:32 info: MongoDB đã kết nối thành công.
2025-05-25 02:18:32 info: Người dùng đã ngắt kết nối: Jl_sT_Mqd2EbW9iMAAAB
2025-05-25 02:18:32 info: Người dùng đã ngắt kết nối: bIPbN9MfVu2Li7gmAAAF
2025-05-25 02:18:32 info: Người dùng đã ngắt kết nối: QRyOy6duIY_9mmbcAAAD
2025-05-25 02:18:33 info: Một người dùng đã kết nối: UMg6fW9TdNu6FyfgAAAH
2025-05-25 02:18:33 info: Một người dùng đã kết nối: ZPe09JAmtRtYM37mAAAJ
2025-05-25 02:22:00 info: Batch update profile timeline result for estimator 6824441608ab772b765f4d88, year 2025:
2025-05-25 02:22:22 info: Batch update profile timeline result for estimator 6824441608ab772b765f4d88, year 2025:
2025-05-25 02:24:04 info: Một người dùng đã kết nối: 2alHREXW9JAgSj9mAAAL
2025-05-25 02:24:37 info: Máy chủ đang chạy trên cổng 5000
2025-05-25 02:24:37 info: Một người dùng đã kết nối: -j7oAeEoE4swwkwZAAAB
2025-05-25 02:24:37 info: Một người dùng đã kết nối: Rot9J1Zuwg30Y8q8AAAD
2025-05-25 02:24:37 info: Một người dùng đã kết nối: 8GFNfN8AoNFd9o-rAAAF
2025-05-25 02:24:38 info: MongoDB đã kết nối thành công.
2025-05-25 02:28:42 info: Người dùng đã ngắt kết nối: -j7oAeEoE4swwkwZAAAB
2025-05-25 02:28:42 info: Người dùng đã ngắt kết nối: 8GFNfN8AoNFd9o-rAAAF
2025-05-25 02:28:42 info: Người dùng đã ngắt kết nối: Rot9J1Zuwg30Y8q8AAAD
2025-05-25 02:28:43 info: Một người dùng đã kết nối: leCciYtQazzDAc44AAAH
2025-05-25 02:28:43 info: Một người dùng đã kết nối: g0M9mnaUdbUxAnw0AAAJ
2025-05-25 02:28:46 info: Người dùng đã ngắt kết nối: leCciYtQazzDAc44AAAH
2025-05-25 02:28:52 info: Một người dùng đã kết nối: qX5DgpiJ5el1kjJpAAAL
2025-05-25 02:30:15 info: Máy chủ đang chạy trên cổng 5000
2025-05-25 02:30:15 info: Một người dùng đã kết nối: FMwkwXn986BzFwY_AAAB
2025-05-25 02:30:15 info: Một người dùng đã kết nối: eyZEXdm2B9vzA_ftAAAD
2025-05-25 02:30:15 info: MongoDB đã kết nối thành công.
2025-05-25 02:31:34 info: Người dùng đã ngắt kết nối: FMwkwXn986BzFwY_AAAB
2025-05-25 02:31:34 info: Người dùng đã ngắt kết nối: eyZEXdm2B9vzA_ftAAAD
2025-05-25 02:34:20 info: Một người dùng đã kết nối: lGtq_9LvTXX03XBGAAAF
2025-05-25 02:34:20 info: Một người dùng đã kết nối: nTQzQwxLWNHdVgPtAAAH
2025-05-25 02:34:30 info: Người dùng đã ngắt kết nối: lGtq_9LvTXX03XBGAAAF
2025-05-25 02:34:30 info: Người dùng đã ngắt kết nối: nTQzQwxLWNHdVgPtAAAH
2025-05-25 02:34:30 info: Một người dùng đã kết nối: 0xluW5RjBaOiZUayAAAJ
2025-05-25 02:34:30 info: Một người dùng đã kết nối: 26Urcdvt6987OZH5AAAL
2025-05-25 02:34:36 info: [MarkAllProcessed] User 68253af0ae2af2c31a6872a3: 0 thông báo đã được đánh dấu xử lý. 0 thông báo được giữ lại.
2025-05-25 02:34:46 info: [MarkAllProcessed] User 68253af0ae2af2c31a6872a3: 0 thông báo đã được đánh dấu xử lý. 0 thông báo được giữ lại.
2025-05-25 02:34:57 info: [MarkAllProcessed] User 68253af0ae2af2c31a6872a3: 0 thông báo đã được đánh dấu xử lý. 0 thông báo được giữ lại.
2025-05-25 02:35:02 info: Người dùng đã ngắt kết nối: 0xluW5RjBaOiZUayAAAJ
2025-05-25 02:35:02 info: Người dùng đã ngắt kết nối: 26Urcdvt6987OZH5AAAL
2025-05-25 02:35:03 info: Một người dùng đã kết nối: i0TT5FepEgXYTNf5AAAN
2025-05-25 02:35:03 info: Một người dùng đã kết nối: oMDXwbfXTzzzyi7wAAAP
2025-05-25 02:40:10 info: Một người dùng đã kết nối: 98vgRAJ6gAY7IcTNAAAR
2025-05-25 02:44:06 info: Máy chủ đang chạy trên cổng 5000
2025-05-25 02:44:06 info: Một người dùng đã kết nối: JoiM7HoSJEcqIVrSAAAB
2025-05-25 02:44:06 info: Một người dùng đã kết nối: jNQztAoSe7eso-BLAAAD
2025-05-25 02:44:06 info: Một người dùng đã kết nối: VDg6aVdB4J058p-AAAAF
2025-05-25 02:44:07 info: MongoDB đã kết nối thành công.
2025-05-25 02:44:10 info: Người dùng đã ngắt kết nối: JoiM7HoSJEcqIVrSAAAB
2025-05-25 02:44:10 info: Người dùng đã ngắt kết nối: VDg6aVdB4J058p-AAAAF
2025-05-25 02:44:10 info: Người dùng đã ngắt kết nối: jNQztAoSe7eso-BLAAAD
2025-05-25 02:44:10 info: Một người dùng đã kết nối: 9PemXg8wmVebfitYAAAH
2025-05-25 02:44:10 info: Một người dùng đã kết nối: XzLJ-6UOrbkGXmnvAAAJ
2025-05-25 02:44:15 info: [MarkAllProcessed] User 68253af0ae2af2c31a6872a3: 0 thông báo đã được đánh dấu xử lý. 0 thông báo được giữ lại.
2025-05-25 02:44:20 info: [MarkAllProcessed] User 68253af0ae2af2c31a6872a3: 0 thông báo đã được đánh dấu xử lý. 0 thông báo được giữ lại.
2025-05-25 02:45:51 info: Người dùng đã ngắt kết nối: 9PemXg8wmVebfitYAAAH
2025-05-25 02:45:59 info: Một người dùng đã kết nối: rqLdAa0xJS3wkWQGAAAL
2025-05-25 02:45:59 info: Người dùng đã ngắt kết nối: rqLdAa0xJS3wkWQGAAAL
2025-05-25 02:45:59 info: Một người dùng đã kết nối: 3H0qEiVJO8MQ_rvAAAAN
2025-05-25 02:46:05 info: [MarkAllProcessed] User 6819dbdab39ddc757e4b0efa: 19 thông báo đã được đánh dấu xử lý. 0 thông báo được giữ lại.
2025-05-25 02:47:43 info: Một người dùng đã kết nối: DhTORr1VLosnf27wAAAP
2025-05-25 02:48:00 info: Máy chủ đang chạy trên cổng 5000
2025-05-25 02:48:00 info: Một người dùng đã kết nối: qpkEon4qufObugBaAAAB
2025-05-25 02:48:00 info: Một người dùng đã kết nối: khzCdc48U_wfzmuzAAAD
2025-05-25 02:48:00 info: Một người dùng đã kết nối: rRWVb2A_LxoEKUh6AAAF
2025-05-25 02:48:00 info: MongoDB đã kết nối thành công.
2025-05-25 02:48:05 error: Lỗi API đánh dấu tất cả thông báo đã xử lý: Notification validation failed: projectModel: Path `projectModel` is required.
2025-05-25 02:48:05 error: Lỗi không xác định: Notification validation failed: projectModel: Path `projectModel` is required.
2025-05-25 02:48:12 error: Lỗi API đánh dấu tất cả thông báo đã xử lý: Notification validation failed: projectModel: Path `projectModel` is required.
2025-05-25 02:48:12 error: Lỗi không xác định: Notification validation failed: projectModel: Path `projectModel` is required.
2025-05-25 02:48:23 error: Lỗi API đánh dấu tất cả thông báo đã xử lý: Notification validation failed: projectModel: Path `projectModel` is required.
2025-05-25 02:48:23 error: Lỗi không xác định: Notification validation failed: projectModel: Path `projectModel` is required.
2025-05-25 02:49:54 info: Một người dùng đã kết nối: PKC3K-ZhTU8AuX75AAAH
2025-05-25 02:49:55 info: Một người dùng đã kết nối: bCGE6bVMbmME0OSpAAAJ
2025-05-25 02:49:55 info: Người dùng đã ngắt kết nối: qpkEon4qufObugBaAAAB
2025-05-25 02:49:55 info: Người dùng đã ngắt kết nối: rRWVb2A_LxoEKUh6AAAF
2025-05-25 02:49:55 info: Người dùng đã ngắt kết nối: khzCdc48U_wfzmuzAAAD
2025-05-25 02:50:00 error: Lỗi API đánh dấu tất cả thông báo đã xử lý: Notification validation failed: projectModel: Path `projectModel` is required.
2025-05-25 02:50:00 error: Lỗi không xác định: Notification validation failed: projectModel: Path `projectModel` is required.
2025-05-25 02:51:51 info: Một người dùng đã kết nối: 3BaxEbi_YLF49zl8AAAL
2025-05-25 02:52:28 info: Máy chủ đang chạy trên cổng 5000
2025-05-25 02:52:28 info: Một người dùng đã kết nối: u4sO-MsTufodnPniAAAB
2025-05-25 02:52:28 info: Một người dùng đã kết nối: p2ympX3emdX_NsWNAAAE
2025-05-25 02:52:28 info: Một người dùng đã kết nối: BxPDdLOu3CEjKgE5AAAF
2025-05-25 02:52:28 info: MongoDB đã kết nối thành công.
2025-05-25 02:52:32 info: Người dùng đã ngắt kết nối: u4sO-MsTufodnPniAAAB
2025-05-25 02:52:32 info: Người dùng đã ngắt kết nối: BxPDdLOu3CEjKgE5AAAF
2025-05-25 02:52:32 info: Người dùng đã ngắt kết nối: p2ympX3emdX_NsWNAAAE
2025-05-25 02:52:32 info: Một người dùng đã kết nối: J5fIb0q-MkI-8LiwAAAH
2025-05-25 02:52:32 info: Một người dùng đã kết nối: gefxLzei8nUgZ1RiAAAJ
2025-05-25 02:52:37 error: Lỗi API đánh dấu tất cả thông báo đã xử lý: Notification validation failed: projectModel: Path `projectModel` is required.
2025-05-25 02:52:37 error: Lỗi không xác định: Notification validation failed: projectModel: Path `projectModel` is required.
2025-05-25 02:53:11 error: Lỗi API đánh dấu tất cả thông báo đã xử lý: Notification validation failed: projectModel: Path `projectModel` is required.
2025-05-25 02:53:11 error: Lỗi không xác định: Notification validation failed: projectModel: Path `projectModel` is required.
2025-05-25 02:57:49 info: Máy chủ đang chạy trên cổng 5000
2025-05-25 02:57:49 info: Một người dùng đã kết nối: cshUFXd7iQyhwDIMAAAB
2025-05-25 02:57:49 info: Một người dùng đã kết nối: g7RNPdMqJa0FWB69AAAD
2025-05-25 02:57:50 info: MongoDB đã kết nối thành công.
2025-05-25 03:00:26 info: Một người dùng đã kết nối: DS4YtSeI783tGYNaAAAF
2025-05-25 03:00:32 warn: [MarkAllProcessed] Notification ID 6819ce913c478a7b1b12e944 for projectId 6819ce913c478a7b1b12e941 is missing projectModel. Attempting to determine...
2025-05-25 03:00:32 error: [MarkAllProcessed] Could not determine projectModel for Notification ID 6819ce913c478a7b1b12e944 with projectId 6819ce913c478a7b1b12e941. Project does not exist in either collection. Notification will likely fail to save.
2025-05-25 03:00:32 error: Lỗi API đánh dấu tất cả thông báo đã xử lý: Notification validation failed: projectModel: Path `projectModel` is required.
2025-05-25 03:00:32 error: Lỗi không xác định: Notification validation failed: projectModel: Path `projectModel` is required.
2025-05-25 03:00:35 warn: [MarkAllProcessed] Notification ID 6819ce913c478a7b1b12e944 for projectId 6819ce913c478a7b1b12e941 is missing projectModel. Attempting to determine...
2025-05-25 03:00:36 error: [MarkAllProcessed] Could not determine projectModel for Notification ID 6819ce913c478a7b1b12e944 with projectId 6819ce913c478a7b1b12e941. Project does not exist in either collection. Notification will likely fail to save.
2025-05-25 03:00:36 error: Lỗi API đánh dấu tất cả thông báo đã xử lý: Notification validation failed: projectModel: Path `projectModel` is required.
2025-05-25 03:00:36 error: Lỗi không xác định: Notification validation failed: projectModel: Path `projectModel` is required.
2025-05-25 03:00:43 warn: [MarkAllProcessed] Notification ID 6819ce913c478a7b1b12e944 for projectId 6819ce913c478a7b1b12e941 is missing projectModel. Attempting to determine...
2025-05-25 03:00:43 error: [MarkAllProcessed] Could not determine projectModel for Notification ID 6819ce913c478a7b1b12e944 with projectId 6819ce913c478a7b1b12e941. Project does not exist in either collection. Notification will likely fail to save.
2025-05-25 03:00:43 error: Lỗi API đánh dấu tất cả thông báo đã xử lý: Notification validation failed: projectModel: Path `projectModel` is required.
2025-05-25 03:00:43 error: Lỗi không xác định: Notification validation failed: projectModel: Path `projectModel` is required.
2025-05-25 03:00:50 warn: [MarkAllProcessed] Notification ID 6819ce913c478a7b1b12e944 for projectId 6819ce913c478a7b1b12e941 is missing projectModel. Attempting to determine...
2025-05-25 03:00:50 error: [MarkAllProcessed] Could not determine projectModel for Notification ID 6819ce913c478a7b1b12e944 with projectId 6819ce913c478a7b1b12e941. Project does not exist in either collection. Notification will likely fail to save.
2025-05-25 03:00:50 error: Lỗi API đánh dấu tất cả thông báo đã xử lý: Notification validation failed: projectModel: Path `projectModel` is required.
2025-05-25 03:00:50 error: Lỗi không xác định: Notification validation failed: projectModel: Path `projectModel` is required.
2025-05-25 03:05:24 info: Máy chủ đang chạy trên cổng 5000
2025-05-25 03:05:24 info: Một người dùng đã kết nối: wNXJO4T6bqjY7ofiAAAB
2025-05-25 03:05:24 info: Một người dùng đã kết nối: VnruBejByA9Wh2j9AAAD
2025-05-25 03:05:24 info: Một người dùng đã kết nối: d4k2hlaWMLwMNXmgAAAF
2025-05-25 03:05:25 info: MongoDB đã kết nối thành công.
2025-05-25 03:05:30 warn: [MarkAllProcessed] Notification ID 6819ce913c478a7b1b12e944 for projectId 6819ce913c478a7b1b12e941 is missing projectModel. Attempting to determine...
2025-05-25 03:05:30 error: [MarkAllProcessed] Could not determine projectModel for Notification ID 6819ce913c478a7b1b12e944 with projectId 6819ce913c478a7b1b12e941. Project does not exist in either collection. Notification will likely fail to save.
2025-05-25 03:05:30 warn: [MarkAllProcessed] Skipped saving Notification ID 6819ce913c478a7b1b12e944 due to missing/invalid projectModel and non-existent project.
2025-05-25 03:05:30 warn: [MarkAllProcessed] Notification ID 681e3744f1cb6f545a296b20 for projectId 681e3744f1cb6f545a296b1d is missing projectModel. Attempting to determine...
2025-05-25 03:05:31 error: [MarkAllProcessed] Could not determine projectModel for Notification ID 681e3744f1cb6f545a296b20 with projectId 681e3744f1cb6f545a296b1d. Project does not exist in either collection. Notification will likely fail to save.
2025-05-25 03:05:31 warn: [MarkAllProcessed] Skipped saving Notification ID 681e3744f1cb6f545a296b20 due to missing/invalid projectModel and non-existent project.
2025-05-25 03:05:31 warn: [MarkAllProcessed] Notification ID 681e4b792ab6572cfccc06e6 for projectId 681e4b792ab6572cfccc06e3 is missing projectModel. Attempting to determine...
2025-05-25 03:05:31 error: [MarkAllProcessed] Could not determine projectModel for Notification ID 681e4b792ab6572cfccc06e6 with projectId 681e4b792ab6572cfccc06e3. Project does not exist in either collection. Notification will likely fail to save.
2025-05-25 03:05:31 warn: [MarkAllProcessed] Skipped saving Notification ID 681e4b792ab6572cfccc06e6 due to missing/invalid projectModel and non-existent project.
2025-05-25 03:05:31 warn: [MarkAllProcessed] Notification ID 681e50abc1ca5c9b0b63a6fc for projectId 681e50abc1ca5c9b0b63a6f9 is missing projectModel. Attempting to determine...
2025-05-25 03:05:31 error: [MarkAllProcessed] Could not determine projectModel for Notification ID 681e50abc1ca5c9b0b63a6fc with projectId 681e50abc1ca5c9b0b63a6f9. Project does not exist in either collection. Notification will likely fail to save.
2025-05-25 03:05:31 warn: [MarkAllProcessed] Skipped saving Notification ID 681e50abc1ca5c9b0b63a6fc due to missing/invalid projectModel and non-existent project.
2025-05-25 03:05:31 warn: [MarkAllProcessed] Notification ID 681e510ac1ca5c9b0b63a734 for projectId 681e510ac1ca5c9b0b63a731 is missing projectModel. Attempting to determine...
2025-05-25 03:05:31 error: [MarkAllProcessed] Could not determine projectModel for Notification ID 681e510ac1ca5c9b0b63a734 with projectId 681e510ac1ca5c9b0b63a731. Project does not exist in either collection. Notification will likely fail to save.
2025-05-25 03:05:31 warn: [MarkAllProcessed] Skipped saving Notification ID 681e510ac1ca5c9b0b63a734 due to missing/invalid projectModel and non-existent project.
2025-05-25 03:05:31 warn: [MarkAllProcessed] Notification ID 681e5193c1ca5c9b0b63a749 for projectId 681e5193c1ca5c9b0b63a746 is missing projectModel. Attempting to determine...
2025-05-25 03:05:31 error: [MarkAllProcessed] Could not determine projectModel for Notification ID 681e5193c1ca5c9b0b63a749 with projectId 681e5193c1ca5c9b0b63a746. Project does not exist in either collection. Notification will likely fail to save.
2025-05-25 03:05:31 warn: [MarkAllProcessed] Skipped saving Notification ID 681e5193c1ca5c9b0b63a749 due to missing/invalid projectModel and non-existent project.
2025-05-25 03:05:31 warn: [MarkAllProcessed] Notification ID 681e5783c1ca5c9b0b63a79d for projectId 681e5783c1ca5c9b0b63a79a is missing projectModel. Attempting to determine...
2025-05-25 03:05:31 error: [MarkAllProcessed] Could not determine projectModel for Notification ID 681e5783c1ca5c9b0b63a79d with projectId 681e5783c1ca5c9b0b63a79a. Project does not exist in either collection. Notification will likely fail to save.
2025-05-25 03:05:31 warn: [MarkAllProcessed] Skipped saving Notification ID 681e5783c1ca5c9b0b63a79d due to missing/invalid projectModel and non-existent project.
2025-05-25 03:05:31 warn: [MarkAllProcessed] Notification ID 681e581249ff4d19c1cfbf58 for projectId 681e581149ff4d19c1cfbf55 is missing projectModel. Attempting to determine...
2025-05-25 03:05:31 error: [MarkAllProcessed] Could not determine projectModel for Notification ID 681e581249ff4d19c1cfbf58 with projectId 681e581149ff4d19c1cfbf55. Project does not exist in either collection. Notification will likely fail to save.
2025-05-25 03:05:31 warn: [MarkAllProcessed] Skipped saving Notification ID 681e581249ff4d19c1cfbf58 due to missing/invalid projectModel and non-existent project.
2025-05-25 03:05:31 warn: [MarkAllProcessed] Notification ID 681e5a5bf8d113cfd90e0f1e for projectId 681e5a5bf8d113cfd90e0f1b is missing projectModel. Attempting to determine...
2025-05-25 03:05:32 error: [MarkAllProcessed] Could not determine projectModel for Notification ID 681e5a5bf8d113cfd90e0f1e with projectId 681e5a5bf8d113cfd90e0f1b. Project does not exist in either collection. Notification will likely fail to save.
2025-05-25 03:05:32 warn: [MarkAllProcessed] Skipped saving Notification ID 681e5a5bf8d113cfd90e0f1e due to missing/invalid projectModel and non-existent project.
2025-05-25 03:05:34 warn: [MarkAllProcessed] Notification ID 6819ce913c478a7b1b12e944 for projectId 6819ce913c478a7b1b12e941 is missing projectModel. Attempting to determine...
2025-05-25 03:05:35 error: [MarkAllProcessed] Could not determine projectModel for Notification ID 6819ce913c478a7b1b12e944 with projectId 6819ce913c478a7b1b12e941. Project does not exist in either collection. Notification will likely fail to save.
2025-05-25 03:05:35 warn: [MarkAllProcessed] Skipped saving Notification ID 6819ce913c478a7b1b12e944 due to missing/invalid projectModel and non-existent project.
2025-05-25 03:05:35 warn: [MarkAllProcessed] Notification ID 681e3744f1cb6f545a296b20 for projectId 681e3744f1cb6f545a296b1d is missing projectModel. Attempting to determine...
2025-05-25 03:05:35 error: [MarkAllProcessed] Could not determine projectModel for Notification ID 681e3744f1cb6f545a296b20 with projectId 681e3744f1cb6f545a296b1d. Project does not exist in either collection. Notification will likely fail to save.
2025-05-25 03:05:35 warn: [MarkAllProcessed] Skipped saving Notification ID 681e3744f1cb6f545a296b20 due to missing/invalid projectModel and non-existent project.
2025-05-25 03:05:35 warn: [MarkAllProcessed] Notification ID 681e4b792ab6572cfccc06e6 for projectId 681e4b792ab6572cfccc06e3 is missing projectModel. Attempting to determine...
2025-05-25 03:05:35 error: [MarkAllProcessed] Could not determine projectModel for Notification ID 681e4b792ab6572cfccc06e6 with projectId 681e4b792ab6572cfccc06e3. Project does not exist in either collection. Notification will likely fail to save.
2025-05-25 03:05:35 warn: [MarkAllProcessed] Skipped saving Notification ID 681e4b792ab6572cfccc06e6 due to missing/invalid projectModel and non-existent project.
2025-05-25 03:05:35 warn: [MarkAllProcessed] Notification ID 681e50abc1ca5c9b0b63a6fc for projectId 681e50abc1ca5c9b0b63a6f9 is missing projectModel. Attempting to determine...
2025-05-25 03:05:35 error: [MarkAllProcessed] Could not determine projectModel for Notification ID 681e50abc1ca5c9b0b63a6fc with projectId 681e50abc1ca5c9b0b63a6f9. Project does not exist in either collection. Notification will likely fail to save.
2025-05-25 03:05:35 warn: [MarkAllProcessed] Skipped saving Notification ID 681e50abc1ca5c9b0b63a6fc due to missing/invalid projectModel and non-existent project.
2025-05-25 03:05:35 warn: [MarkAllProcessed] Notification ID 681e510ac1ca5c9b0b63a734 for projectId 681e510ac1ca5c9b0b63a731 is missing projectModel. Attempting to determine...
2025-05-25 03:05:35 error: [MarkAllProcessed] Could not determine projectModel for Notification ID 681e510ac1ca5c9b0b63a734 with projectId 681e510ac1ca5c9b0b63a731. Project does not exist in either collection. Notification will likely fail to save.
2025-05-25 03:05:35 warn: [MarkAllProcessed] Skipped saving Notification ID 681e510ac1ca5c9b0b63a734 due to missing/invalid projectModel and non-existent project.
2025-05-25 03:05:35 warn: [MarkAllProcessed] Notification ID 681e5193c1ca5c9b0b63a749 for projectId 681e5193c1ca5c9b0b63a746 is missing projectModel. Attempting to determine...
2025-05-25 03:05:36 error: [MarkAllProcessed] Could not determine projectModel for Notification ID 681e5193c1ca5c9b0b63a749 with projectId 681e5193c1ca5c9b0b63a746. Project does not exist in either collection. Notification will likely fail to save.
2025-05-25 03:05:36 warn: [MarkAllProcessed] Skipped saving Notification ID 681e5193c1ca5c9b0b63a749 due to missing/invalid projectModel and non-existent project.
2025-05-25 03:05:36 warn: [MarkAllProcessed] Notification ID 681e5783c1ca5c9b0b63a79d for projectId 681e5783c1ca5c9b0b63a79a is missing projectModel. Attempting to determine...
2025-05-25 03:05:36 error: [MarkAllProcessed] Could not determine projectModel for Notification ID 681e5783c1ca5c9b0b63a79d with projectId 681e5783c1ca5c9b0b63a79a. Project does not exist in either collection. Notification will likely fail to save.
2025-05-25 03:05:36 warn: [MarkAllProcessed] Skipped saving Notification ID 681e5783c1ca5c9b0b63a79d due to missing/invalid projectModel and non-existent project.
2025-05-25 03:05:36 warn: [MarkAllProcessed] Notification ID 681e581249ff4d19c1cfbf58 for projectId 681e581149ff4d19c1cfbf55 is missing projectModel. Attempting to determine...
2025-05-25 03:05:36 error: [MarkAllProcessed] Could not determine projectModel for Notification ID 681e581249ff4d19c1cfbf58 with projectId 681e581149ff4d19c1cfbf55. Project does not exist in either collection. Notification will likely fail to save.
2025-05-25 03:05:36 warn: [MarkAllProcessed] Skipped saving Notification ID 681e581249ff4d19c1cfbf58 due to missing/invalid projectModel and non-existent project.
2025-05-25 03:05:36 warn: [MarkAllProcessed] Notification ID 681e5a5bf8d113cfd90e0f1e for projectId 681e5a5bf8d113cfd90e0f1b is missing projectModel. Attempting to determine...
2025-05-25 03:05:36 error: [MarkAllProcessed] Could not determine projectModel for Notification ID 681e5a5bf8d113cfd90e0f1e with projectId 681e5a5bf8d113cfd90e0f1b. Project does not exist in either collection. Notification will likely fail to save.
2025-05-25 03:05:36 warn: [MarkAllProcessed] Skipped saving Notification ID 681e5a5bf8d113cfd90e0f1e due to missing/invalid projectModel and non-existent project.
2025-05-25 03:05:36 info: [MarkAllProcessed] User 6819dbdab39ddc757e4b0efa: 43 thông báo đã được đánh dấu xử lý. 9 thông báo được giữ lại.
2025-05-25 03:05:38 info: [MarkAllProcessed] User 6819dbdab39ddc757e4b0efa: 19 thông báo đã được đánh dấu xử lý. 9 thông báo được giữ lại.
2025-05-25 03:05:50 warn: [MarkAllProcessed] Notification ID 6819ce913c478a7b1b12e944 for projectId 6819ce913c478a7b1b12e941 is missing projectModel. Attempting to determine...
2025-05-25 03:05:50 error: [MarkAllProcessed] Could not determine projectModel for Notification ID 6819ce913c478a7b1b12e944 with projectId 6819ce913c478a7b1b12e941. Project does not exist in either collection. Notification will likely fail to save.
2025-05-25 03:05:50 warn: [MarkAllProcessed] Skipped saving Notification ID 6819ce913c478a7b1b12e944 due to missing/invalid projectModel and non-existent project.
2025-05-25 03:05:50 warn: [MarkAllProcessed] Notification ID 681e3744f1cb6f545a296b20 for projectId 681e3744f1cb6f545a296b1d is missing projectModel. Attempting to determine...
2025-05-25 03:05:51 error: [MarkAllProcessed] Could not determine projectModel for Notification ID 681e3744f1cb6f545a296b20 with projectId 681e3744f1cb6f545a296b1d. Project does not exist in either collection. Notification will likely fail to save.
2025-05-25 03:05:51 warn: [MarkAllProcessed] Skipped saving Notification ID 681e3744f1cb6f545a296b20 due to missing/invalid projectModel and non-existent project.
2025-05-25 03:05:51 warn: [MarkAllProcessed] Notification ID 681e4b792ab6572cfccc06e6 for projectId 681e4b792ab6572cfccc06e3 is missing projectModel. Attempting to determine...
2025-05-25 03:05:51 error: [MarkAllProcessed] Could not determine projectModel for Notification ID 681e4b792ab6572cfccc06e6 with projectId 681e4b792ab6572cfccc06e3. Project does not exist in either collection. Notification will likely fail to save.
2025-05-25 03:05:51 warn: [MarkAllProcessed] Skipped saving Notification ID 681e4b792ab6572cfccc06e6 due to missing/invalid projectModel and non-existent project.
2025-05-25 03:05:51 warn: [MarkAllProcessed] Notification ID 681e50abc1ca5c9b0b63a6fc for projectId 681e50abc1ca5c9b0b63a6f9 is missing projectModel. Attempting to determine...
2025-05-25 03:05:51 error: [MarkAllProcessed] Could not determine projectModel for Notification ID 681e50abc1ca5c9b0b63a6fc with projectId 681e50abc1ca5c9b0b63a6f9. Project does not exist in either collection. Notification will likely fail to save.
2025-05-25 03:05:51 warn: [MarkAllProcessed] Skipped saving Notification ID 681e50abc1ca5c9b0b63a6fc due to missing/invalid projectModel and non-existent project.
2025-05-25 03:05:51 warn: [MarkAllProcessed] Notification ID 681e510ac1ca5c9b0b63a734 for projectId 681e510ac1ca5c9b0b63a731 is missing projectModel. Attempting to determine...
2025-05-25 03:05:51 error: [MarkAllProcessed] Could not determine projectModel for Notification ID 681e510ac1ca5c9b0b63a734 with projectId 681e510ac1ca5c9b0b63a731. Project does not exist in either collection. Notification will likely fail to save.
2025-05-25 03:05:51 warn: [MarkAllProcessed] Skipped saving Notification ID 681e510ac1ca5c9b0b63a734 due to missing/invalid projectModel and non-existent project.
2025-05-25 03:05:51 warn: [MarkAllProcessed] Notification ID 681e5193c1ca5c9b0b63a749 for projectId 681e5193c1ca5c9b0b63a746 is missing projectModel. Attempting to determine...
2025-05-25 03:05:52 error: [MarkAllProcessed] Could not determine projectModel for Notification ID 681e5193c1ca5c9b0b63a749 with projectId 681e5193c1ca5c9b0b63a746. Project does not exist in either collection. Notification will likely fail to save.
2025-05-25 03:05:52 warn: [MarkAllProcessed] Skipped saving Notification ID 681e5193c1ca5c9b0b63a749 due to missing/invalid projectModel and non-existent project.
2025-05-25 03:05:52 warn: [MarkAllProcessed] Notification ID 681e5783c1ca5c9b0b63a79d for projectId 681e5783c1ca5c9b0b63a79a is missing projectModel. Attempting to determine...
2025-05-25 03:05:52 error: [MarkAllProcessed] Could not determine projectModel for Notification ID 681e5783c1ca5c9b0b63a79d with projectId 681e5783c1ca5c9b0b63a79a. Project does not exist in either collection. Notification will likely fail to save.
2025-05-25 03:05:52 warn: [MarkAllProcessed] Skipped saving Notification ID 681e5783c1ca5c9b0b63a79d due to missing/invalid projectModel and non-existent project.
2025-05-25 03:05:52 warn: [MarkAllProcessed] Notification ID 681e581249ff4d19c1cfbf58 for projectId 681e581149ff4d19c1cfbf55 is missing projectModel. Attempting to determine...
2025-05-25 03:05:52 error: [MarkAllProcessed] Could not determine projectModel for Notification ID 681e581249ff4d19c1cfbf58 with projectId 681e581149ff4d19c1cfbf55. Project does not exist in either collection. Notification will likely fail to save.
2025-05-25 03:05:52 warn: [MarkAllProcessed] Skipped saving Notification ID 681e581249ff4d19c1cfbf58 due to missing/invalid projectModel and non-existent project.
2025-05-25 03:05:52 warn: [MarkAllProcessed] Notification ID 681e5a5bf8d113cfd90e0f1e for projectId 681e5a5bf8d113cfd90e0f1b is missing projectModel. Attempting to determine...
2025-05-25 03:05:52 error: [MarkAllProcessed] Could not determine projectModel for Notification ID 681e5a5bf8d113cfd90e0f1e with projectId 681e5a5bf8d113cfd90e0f1b. Project does not exist in either collection. Notification will likely fail to save.
2025-05-25 03:05:52 warn: [MarkAllProcessed] Skipped saving Notification ID 681e5a5bf8d113cfd90e0f1e due to missing/invalid projectModel and non-existent project.
2025-05-25 03:05:52 info: [MarkAllProcessed] User 6819dbdab39ddc757e4b0efa: 0 thông báo đã được đánh dấu xử lý. 9 thông báo được giữ lại.
2025-05-25 03:19:57 info: Máy chủ đang chạy trên cổng 5000
2025-05-25 03:19:57 info: Một người dùng đã kết nối: V7mzzSkKZT7dHETNAAAB
2025-05-25 03:19:57 info: Một người dùng đã kết nối: atyjrJrKuYM1DzD6AAAD
2025-05-25 03:19:57 info: Một người dùng đã kết nối: CwNJdYPzsPNR5ziSAAAF
2025-05-25 03:19:57 info: MongoDB đã kết nối thành công.
2025-05-25 03:21:18 info: Một người dùng đã kết nối: m8-Rvj5rJnNuslHjAAAH
2025-05-25 03:21:51 warn: [MarkAllProcessed] Notification ID 6819ce913c478a7b1b12e944 for projectId 6819ce913c478a7b1b12e941 is missing projectModel. Attempting to determine...
2025-05-25 03:21:51 error: [MarkAllProcessed] Could not determine projectModel for Notification ID 6819ce913c478a7b1b12e944 with projectId 6819ce913c478a7b1b12e941. Project does not exist in either collection. Notification will likely fail to save.
2025-05-25 03:21:51 warn: [MarkAllProcessed] Skipped saving Notification ID 6819ce913c478a7b1b12e944 due to missing/invalid projectModel and non-existent project.
2025-05-25 03:21:51 warn: [MarkAllProcessed] Notification ID 681e3744f1cb6f545a296b20 for projectId 681e3744f1cb6f545a296b1d is missing projectModel. Attempting to determine...
2025-05-25 03:21:52 error: [MarkAllProcessed] Could not determine projectModel for Notification ID 681e3744f1cb6f545a296b20 with projectId 681e3744f1cb6f545a296b1d. Project does not exist in either collection. Notification will likely fail to save.
2025-05-25 03:21:52 warn: [MarkAllProcessed] Skipped saving Notification ID 681e3744f1cb6f545a296b20 due to missing/invalid projectModel and non-existent project.
2025-05-25 03:21:52 warn: [MarkAllProcessed] Notification ID 681e4b792ab6572cfccc06e6 for projectId 681e4b792ab6572cfccc06e3 is missing projectModel. Attempting to determine...
2025-05-25 03:21:52 error: [MarkAllProcessed] Could not determine projectModel for Notification ID 681e4b792ab6572cfccc06e6 with projectId 681e4b792ab6572cfccc06e3. Project does not exist in either collection. Notification will likely fail to save.
2025-05-25 03:21:52 warn: [MarkAllProcessed] Skipped saving Notification ID 681e4b792ab6572cfccc06e6 due to missing/invalid projectModel and non-existent project.
2025-05-25 03:21:52 warn: [MarkAllProcessed] Notification ID 681e50abc1ca5c9b0b63a6fc for projectId 681e50abc1ca5c9b0b63a6f9 is missing projectModel. Attempting to determine...
2025-05-25 03:21:52 error: [MarkAllProcessed] Could not determine projectModel for Notification ID 681e50abc1ca5c9b0b63a6fc with projectId 681e50abc1ca5c9b0b63a6f9. Project does not exist in either collection. Notification will likely fail to save.
2025-05-25 03:21:52 warn: [MarkAllProcessed] Skipped saving Notification ID 681e50abc1ca5c9b0b63a6fc due to missing/invalid projectModel and non-existent project.
2025-05-25 03:21:52 warn: [MarkAllProcessed] Notification ID 681e510ac1ca5c9b0b63a734 for projectId 681e510ac1ca5c9b0b63a731 is missing projectModel. Attempting to determine...
2025-05-25 03:21:52 error: [MarkAllProcessed] Could not determine projectModel for Notification ID 681e510ac1ca5c9b0b63a734 with projectId 681e510ac1ca5c9b0b63a731. Project does not exist in either collection. Notification will likely fail to save.
2025-05-25 03:21:52 warn: [MarkAllProcessed] Skipped saving Notification ID 681e510ac1ca5c9b0b63a734 due to missing/invalid projectModel and non-existent project.
2025-05-25 03:21:52 warn: [MarkAllProcessed] Notification ID 681e5193c1ca5c9b0b63a749 for projectId 681e5193c1ca5c9b0b63a746 is missing projectModel. Attempting to determine...
2025-05-25 03:21:52 error: [MarkAllProcessed] Could not determine projectModel for Notification ID 681e5193c1ca5c9b0b63a749 with projectId 681e5193c1ca5c9b0b63a746. Project does not exist in either collection. Notification will likely fail to save.
2025-05-25 03:21:52 warn: [MarkAllProcessed] Skipped saving Notification ID 681e5193c1ca5c9b0b63a749 due to missing/invalid projectModel and non-existent project.
2025-05-25 03:21:52 warn: [MarkAllProcessed] Notification ID 681e5783c1ca5c9b0b63a79d for projectId 681e5783c1ca5c9b0b63a79a is missing projectModel. Attempting to determine...
2025-05-25 03:21:52 error: [MarkAllProcessed] Could not determine projectModel for Notification ID 681e5783c1ca5c9b0b63a79d with projectId 681e5783c1ca5c9b0b63a79a. Project does not exist in either collection. Notification will likely fail to save.
2025-05-25 03:21:52 warn: [MarkAllProcessed] Skipped saving Notification ID 681e5783c1ca5c9b0b63a79d due to missing/invalid projectModel and non-existent project.
2025-05-25 03:21:52 warn: [MarkAllProcessed] Notification ID 681e581249ff4d19c1cfbf58 for projectId 681e581149ff4d19c1cfbf55 is missing projectModel. Attempting to determine...
2025-05-25 03:21:53 error: [MarkAllProcessed] Could not determine projectModel for Notification ID 681e581249ff4d19c1cfbf58 with projectId 681e581149ff4d19c1cfbf55. Project does not exist in either collection. Notification will likely fail to save.
2025-05-25 03:21:53 warn: [MarkAllProcessed] Skipped saving Notification ID 681e581249ff4d19c1cfbf58 due to missing/invalid projectModel and non-existent project.
2025-05-25 03:21:53 warn: [MarkAllProcessed] Notification ID 681e5a5bf8d113cfd90e0f1e for projectId 681e5a5bf8d113cfd90e0f1b is missing projectModel. Attempting to determine...
2025-05-25 03:21:53 error: [MarkAllProcessed] Could not determine projectModel for Notification ID 681e5a5bf8d113cfd90e0f1e with projectId 681e5a5bf8d113cfd90e0f1b. Project does not exist in either collection. Notification will likely fail to save.
2025-05-25 03:21:53 warn: [MarkAllProcessed] Skipped saving Notification ID 681e5a5bf8d113cfd90e0f1e due to missing/invalid projectModel and non-existent project.
2025-05-25 03:21:53 info: [MarkAllProcessed] User 6819dbdab39ddc757e4b0efa: 0 thông báo đã được đánh dấu xử lý. 9 thông báo được giữ lại.
2025-05-25 03:23:11 warn: [MarkAllProcessed] Notification ID 6819ce913c478a7b1b12e944 for projectId 6819ce913c478a7b1b12e941 is missing projectModel. Attempting to determine...
2025-05-25 03:23:11 error: [MarkAllProcessed] Could not determine projectModel for Notification ID 6819ce913c478a7b1b12e944 with projectId 6819ce913c478a7b1b12e941. Project does not exist in either collection. Notification will likely fail to save.
2025-05-25 03:23:11 warn: [MarkAllProcessed] Skipped saving Notification ID 6819ce913c478a7b1b12e944 due to missing/invalid projectModel and non-existent project.
2025-05-25 03:23:11 warn: [MarkAllProcessed] Notification ID 681e3744f1cb6f545a296b20 for projectId 681e3744f1cb6f545a296b1d is missing projectModel. Attempting to determine...
2025-05-25 03:23:11 error: [MarkAllProcessed] Could not determine projectModel for Notification ID 681e3744f1cb6f545a296b20 with projectId 681e3744f1cb6f545a296b1d. Project does not exist in either collection. Notification will likely fail to save.
2025-05-25 03:23:11 warn: [MarkAllProcessed] Skipped saving Notification ID 681e3744f1cb6f545a296b20 due to missing/invalid projectModel and non-existent project.
2025-05-25 03:23:11 warn: [MarkAllProcessed] Notification ID 681e4b792ab6572cfccc06e6 for projectId 681e4b792ab6572cfccc06e3 is missing projectModel. Attempting to determine...
2025-05-25 03:23:12 error: [MarkAllProcessed] Could not determine projectModel for Notification ID 681e4b792ab6572cfccc06e6 with projectId 681e4b792ab6572cfccc06e3. Project does not exist in either collection. Notification will likely fail to save.
2025-05-25 03:23:12 warn: [MarkAllProcessed] Skipped saving Notification ID 681e4b792ab6572cfccc06e6 due to missing/invalid projectModel and non-existent project.
2025-05-25 03:23:12 warn: [MarkAllProcessed] Notification ID 681e50abc1ca5c9b0b63a6fc for projectId 681e50abc1ca5c9b0b63a6f9 is missing projectModel. Attempting to determine...
2025-05-25 03:23:12 error: [MarkAllProcessed] Could not determine projectModel for Notification ID 681e50abc1ca5c9b0b63a6fc with projectId 681e50abc1ca5c9b0b63a6f9. Project does not exist in either collection. Notification will likely fail to save.
2025-05-25 03:23:12 warn: [MarkAllProcessed] Skipped saving Notification ID 681e50abc1ca5c9b0b63a6fc due to missing/invalid projectModel and non-existent project.
2025-05-25 03:23:12 warn: [MarkAllProcessed] Notification ID 681e510ac1ca5c9b0b63a734 for projectId 681e510ac1ca5c9b0b63a731 is missing projectModel. Attempting to determine...
2025-05-25 03:23:12 error: [MarkAllProcessed] Could not determine projectModel for Notification ID 681e510ac1ca5c9b0b63a734 with projectId 681e510ac1ca5c9b0b63a731. Project does not exist in either collection. Notification will likely fail to save.
2025-05-25 03:23:12 warn: [MarkAllProcessed] Skipped saving Notification ID 681e510ac1ca5c9b0b63a734 due to missing/invalid projectModel and non-existent project.
2025-05-25 03:23:12 warn: [MarkAllProcessed] Notification ID 681e5193c1ca5c9b0b63a749 for projectId 681e5193c1ca5c9b0b63a746 is missing projectModel. Attempting to determine...
2025-05-25 03:23:12 error: [MarkAllProcessed] Could not determine projectModel for Notification ID 681e5193c1ca5c9b0b63a749 with projectId 681e5193c1ca5c9b0b63a746. Project does not exist in either collection. Notification will likely fail to save.
2025-05-25 03:23:12 warn: [MarkAllProcessed] Skipped saving Notification ID 681e5193c1ca5c9b0b63a749 due to missing/invalid projectModel and non-existent project.
2025-05-25 03:23:12 warn: [MarkAllProcessed] Notification ID 681e5783c1ca5c9b0b63a79d for projectId 681e5783c1ca5c9b0b63a79a is missing projectModel. Attempting to determine...
2025-05-25 03:23:12 error: [MarkAllProcessed] Could not determine projectModel for Notification ID 681e5783c1ca5c9b0b63a79d with projectId 681e5783c1ca5c9b0b63a79a. Project does not exist in either collection. Notification will likely fail to save.
2025-05-25 03:23:12 warn: [MarkAllProcessed] Skipped saving Notification ID 681e5783c1ca5c9b0b63a79d due to missing/invalid projectModel and non-existent project.
2025-05-25 03:23:12 warn: [MarkAllProcessed] Notification ID 681e581249ff4d19c1cfbf58 for projectId 681e581149ff4d19c1cfbf55 is missing projectModel. Attempting to determine...
2025-05-25 03:23:13 error: [MarkAllProcessed] Could not determine projectModel for Notification ID 681e581249ff4d19c1cfbf58 with projectId 681e581149ff4d19c1cfbf55. Project does not exist in either collection. Notification will likely fail to save.
2025-05-25 03:23:13 warn: [MarkAllProcessed] Skipped saving Notification ID 681e581249ff4d19c1cfbf58 due to missing/invalid projectModel and non-existent project.
2025-05-25 03:23:13 warn: [MarkAllProcessed] Notification ID 681e5a5bf8d113cfd90e0f1e for projectId 681e5a5bf8d113cfd90e0f1b is missing projectModel. Attempting to determine...
2025-05-25 03:23:13 error: [MarkAllProcessed] Could not determine projectModel for Notification ID 681e5a5bf8d113cfd90e0f1e with projectId 681e5a5bf8d113cfd90e0f1b. Project does not exist in either collection. Notification will likely fail to save.
2025-05-25 03:23:13 warn: [MarkAllProcessed] Skipped saving Notification ID 681e5a5bf8d113cfd90e0f1e due to missing/invalid projectModel and non-existent project.
2025-05-25 03:23:13 info: [MarkAllProcessed] User 6819dbdab39ddc757e4b0efa: 0 thông báo đã được đánh dấu xử lý. 9 thông báo được giữ lại.
2025-05-25 03:40:51 info: Một người dùng đã kết nối: umYpH82s40AQ-F8qAAAJ
2025-05-25 03:45:34 info: Người dùng đã ngắt kết nối: V7mzzSkKZT7dHETNAAAB
2025-05-25 03:45:34 info: Người dùng đã ngắt kết nối: umYpH82s40AQ-F8qAAAJ
2025-05-25 03:45:34 info: Người dùng đã ngắt kết nối: m8-Rvj5rJnNuslHjAAAH
2025-05-25 03:45:34 info: Người dùng đã ngắt kết nối: CwNJdYPzsPNR5ziSAAAF
2025-05-25 03:45:34 info: Người dùng đã ngắt kết nối: atyjrJrKuYM1DzD6AAAD
2025-05-25 03:45:34 info: Một người dùng đã kết nối: 46mDlzMaJeB26O1vAAAL
2025-05-25 03:45:35 info: Một người dùng đã kết nối: 5H8BGaxzjt7csT03AAAN
2025-05-25 03:45:41 warn: [MarkAllProcessed] Notification ID 6819ce913c478a7b1b12e944 for projectId 6819ce913c478a7b1b12e941 is missing projectModel. Attempting to determine...
2025-05-25 03:45:41 error: [MarkAllProcessed] Could not determine projectModel for Notification ID 6819ce913c478a7b1b12e944 with projectId 6819ce913c478a7b1b12e941. Project does not exist in either collection. Notification will likely fail to save.
2025-05-25 03:45:41 warn: [MarkAllProcessed] Skipped saving Notification ID 6819ce913c478a7b1b12e944 due to missing/invalid projectModel and non-existent project.
2025-05-25 03:45:41 warn: [MarkAllProcessed] Notification ID 681e3744f1cb6f545a296b20 for projectId 681e3744f1cb6f545a296b1d is missing projectModel. Attempting to determine...
2025-05-25 03:45:41 error: [MarkAllProcessed] Could not determine projectModel for Notification ID 681e3744f1cb6f545a296b20 with projectId 681e3744f1cb6f545a296b1d. Project does not exist in either collection. Notification will likely fail to save.
2025-05-25 03:45:41 warn: [MarkAllProcessed] Skipped saving Notification ID 681e3744f1cb6f545a296b20 due to missing/invalid projectModel and non-existent project.
2025-05-25 03:45:41 warn: [MarkAllProcessed] Notification ID 681e4b792ab6572cfccc06e6 for projectId 681e4b792ab6572cfccc06e3 is missing projectModel. Attempting to determine...
2025-05-25 03:45:41 error: [MarkAllProcessed] Could not determine projectModel for Notification ID 681e4b792ab6572cfccc06e6 with projectId 681e4b792ab6572cfccc06e3. Project does not exist in either collection. Notification will likely fail to save.
2025-05-25 03:45:41 warn: [MarkAllProcessed] Skipped saving Notification ID 681e4b792ab6572cfccc06e6 due to missing/invalid projectModel and non-existent project.
2025-05-25 03:45:41 warn: [MarkAllProcessed] Notification ID 681e50abc1ca5c9b0b63a6fc for projectId 681e50abc1ca5c9b0b63a6f9 is missing projectModel. Attempting to determine...
2025-05-25 03:45:42 error: [MarkAllProcessed] Could not determine projectModel for Notification ID 681e50abc1ca5c9b0b63a6fc with projectId 681e50abc1ca5c9b0b63a6f9. Project does not exist in either collection. Notification will likely fail to save.
2025-05-25 03:45:42 warn: [MarkAllProcessed] Skipped saving Notification ID 681e50abc1ca5c9b0b63a6fc due to missing/invalid projectModel and non-existent project.
2025-05-25 03:45:42 warn: [MarkAllProcessed] Notification ID 681e510ac1ca5c9b0b63a734 for projectId 681e510ac1ca5c9b0b63a731 is missing projectModel. Attempting to determine...
2025-05-25 03:45:42 error: [MarkAllProcessed] Could not determine projectModel for Notification ID 681e510ac1ca5c9b0b63a734 with projectId 681e510ac1ca5c9b0b63a731. Project does not exist in either collection. Notification will likely fail to save.
2025-05-25 03:45:42 warn: [MarkAllProcessed] Skipped saving Notification ID 681e510ac1ca5c9b0b63a734 due to missing/invalid projectModel and non-existent project.
2025-05-25 03:45:42 warn: [MarkAllProcessed] Notification ID 681e5193c1ca5c9b0b63a749 for projectId 681e5193c1ca5c9b0b63a746 is missing projectModel. Attempting to determine...
2025-05-25 03:45:42 error: [MarkAllProcessed] Could not determine projectModel for Notification ID 681e5193c1ca5c9b0b63a749 with projectId 681e5193c1ca5c9b0b63a746. Project does not exist in either collection. Notification will likely fail to save.
2025-05-25 03:45:42 warn: [MarkAllProcessed] Skipped saving Notification ID 681e5193c1ca5c9b0b63a749 due to missing/invalid projectModel and non-existent project.
2025-05-25 03:45:42 warn: [MarkAllProcessed] Notification ID 681e5783c1ca5c9b0b63a79d for projectId 681e5783c1ca5c9b0b63a79a is missing projectModel. Attempting to determine...
2025-05-25 03:45:42 error: [MarkAllProcessed] Could not determine projectModel for Notification ID 681e5783c1ca5c9b0b63a79d with projectId 681e5783c1ca5c9b0b63a79a. Project does not exist in either collection. Notification will likely fail to save.
2025-05-25 03:45:42 warn: [MarkAllProcessed] Skipped saving Notification ID 681e5783c1ca5c9b0b63a79d due to missing/invalid projectModel and non-existent project.
2025-05-25 03:45:42 warn: [MarkAllProcessed] Notification ID 681e581249ff4d19c1cfbf58 for projectId 681e581149ff4d19c1cfbf55 is missing projectModel. Attempting to determine...
2025-05-25 03:45:42 error: [MarkAllProcessed] Could not determine projectModel for Notification ID 681e581249ff4d19c1cfbf58 with projectId 681e581149ff4d19c1cfbf55. Project does not exist in either collection. Notification will likely fail to save.
2025-05-25 03:45:42 warn: [MarkAllProcessed] Skipped saving Notification ID 681e581249ff4d19c1cfbf58 due to missing/invalid projectModel and non-existent project.
2025-05-25 03:45:42 warn: [MarkAllProcessed] Notification ID 681e5a5bf8d113cfd90e0f1e for projectId 681e5a5bf8d113cfd90e0f1b is missing projectModel. Attempting to determine...
2025-05-25 03:45:42 error: [MarkAllProcessed] Could not determine projectModel for Notification ID 681e5a5bf8d113cfd90e0f1e with projectId 681e5a5bf8d113cfd90e0f1b. Project does not exist in either collection. Notification will likely fail to save.
2025-05-25 03:45:42 warn: [MarkAllProcessed] Skipped saving Notification ID 681e5a5bf8d113cfd90e0f1e due to missing/invalid projectModel and non-existent project.
2025-05-25 03:45:42 info: [MarkAllProcessed] User 6819dbdab39ddc757e4b0efa: 0 thông báo đã được đánh dấu xử lý. 9 thông báo được giữ lại.
2025-05-25 03:49:09 info: Người dùng đã ngắt kết nối: 46mDlzMaJeB26O1vAAAL
2025-05-25 03:49:23 info: Một người dùng đã kết nối: G9sSZnhssBkfbNgnAAAP
2025-05-25 03:50:06 error: Lỗi Controller cập nhật một task Timeline Hồ sơ: Bạn không có quyền cập nhật timeline hồ sơ.
2025-05-25 03:50:21 info: Người dùng đã ngắt kết nối: G9sSZnhssBkfbNgnAAAP
2025-05-25 03:50:32 info: Một người dùng đã kết nối: ZrUVTgGUI0E4jZJZAAAR
2025-05-25 03:50:55 info: Người dùng đã ngắt kết nối: ZrUVTgGUI0E4jZJZAAAR
2025-05-25 03:51:08 info: Một người dùng đã kết nối: urEi-y95qQpLaE3FAAAT
2025-05-25 03:51:22 error: Lỗi Controller cập nhật một task Timeline Hồ sơ: Bạn không có quyền cập nhật timeline hồ sơ.
2025-05-25 03:51:34 info: Người dùng đã ngắt kết nối: urEi-y95qQpLaE3FAAAT
2025-05-25 03:51:43 info: Một người dùng đã kết nối: _RGp-jxZXvuqzQaFAAAV
2025-05-25 04:02:51 info: Máy chủ đang chạy trên cổng 5000
2025-05-25 04:02:51 info: Một người dùng đã kết nối: A7Oad9l36gZLQ7pPAAAB
2025-05-25 04:02:51 info: Một người dùng đã kết nối: F5JDk_X_sheU2WjxAAAD
2025-05-25 04:02:52 info: MongoDB đã kết nối thành công.
2025-05-25 04:03:03 warn: [MarkAllProcessed] Notification ID 6819ce913c478a7b1b12e944 for projectId 6819ce913c478a7b1b12e941 is missing projectModel. Attempting to determine...
2025-05-25 04:03:03 error: [MarkAllProcessed] Could not determine projectModel for Notification ID 6819ce913c478a7b1b12e944 with projectId 6819ce913c478a7b1b12e941. Project does not exist in either collection.
2025-05-25 04:03:03 warn: [MarkAllProcessed] Skipped saving Notification ID 6819ce913c478a7b1b12e944 due to missing/invalid projectModel and non-existent project.
2025-05-25 04:03:03 warn: [MarkAllProcessed] Notification ID 681e3744f1cb6f545a296b20 for projectId 681e3744f1cb6f545a296b1d is missing projectModel. Attempting to determine...
2025-05-25 04:03:03 error: [MarkAllProcessed] Could not determine projectModel for Notification ID 681e3744f1cb6f545a296b20 with projectId 681e3744f1cb6f545a296b1d. Project does not exist in either collection.
2025-05-25 04:03:03 warn: [MarkAllProcessed] Skipped saving Notification ID 681e3744f1cb6f545a296b20 due to missing/invalid projectModel and non-existent project.
2025-05-25 04:03:03 warn: [MarkAllProcessed] Notification ID 681e4b792ab6572cfccc06e6 for projectId 681e4b792ab6572cfccc06e3 is missing projectModel. Attempting to determine...
2025-05-25 04:03:03 error: [MarkAllProcessed] Could not determine projectModel for Notification ID 681e4b792ab6572cfccc06e6 with projectId 681e4b792ab6572cfccc06e3. Project does not exist in either collection.
2025-05-25 04:03:03 warn: [MarkAllProcessed] Skipped saving Notification ID 681e4b792ab6572cfccc06e6 due to missing/invalid projectModel and non-existent project.
2025-05-25 04:03:03 warn: [MarkAllProcessed] Notification ID 681e50abc1ca5c9b0b63a6fc for projectId 681e50abc1ca5c9b0b63a6f9 is missing projectModel. Attempting to determine...
2025-05-25 04:03:03 error: [MarkAllProcessed] Could not determine projectModel for Notification ID 681e50abc1ca5c9b0b63a6fc with projectId 681e50abc1ca5c9b0b63a6f9. Project does not exist in either collection.
2025-05-25 04:03:03 warn: [MarkAllProcessed] Skipped saving Notification ID 681e50abc1ca5c9b0b63a6fc due to missing/invalid projectModel and non-existent project.
2025-05-25 04:03:03 warn: [MarkAllProcessed] Notification ID 681e510ac1ca5c9b0b63a734 for projectId 681e510ac1ca5c9b0b63a731 is missing projectModel. Attempting to determine...
2025-05-25 04:03:04 error: [MarkAllProcessed] Could not determine projectModel for Notification ID 681e510ac1ca5c9b0b63a734 with projectId 681e510ac1ca5c9b0b63a731. Project does not exist in either collection.
2025-05-25 04:03:04 warn: [MarkAllProcessed] Skipped saving Notification ID 681e510ac1ca5c9b0b63a734 due to missing/invalid projectModel and non-existent project.
2025-05-25 04:03:04 warn: [MarkAllProcessed] Notification ID 681e5193c1ca5c9b0b63a749 for projectId 681e5193c1ca5c9b0b63a746 is missing projectModel. Attempting to determine...
2025-05-25 04:03:04 error: [MarkAllProcessed] Could not determine projectModel for Notification ID 681e5193c1ca5c9b0b63a749 with projectId 681e5193c1ca5c9b0b63a746. Project does not exist in either collection.
2025-05-25 04:03:04 warn: [MarkAllProcessed] Skipped saving Notification ID 681e5193c1ca5c9b0b63a749 due to missing/invalid projectModel and non-existent project.
2025-05-25 04:03:04 warn: [MarkAllProcessed] Notification ID 681e5783c1ca5c9b0b63a79d for projectId 681e5783c1ca5c9b0b63a79a is missing projectModel. Attempting to determine...
2025-05-25 04:03:04 error: [MarkAllProcessed] Could not determine projectModel for Notification ID 681e5783c1ca5c9b0b63a79d with projectId 681e5783c1ca5c9b0b63a79a. Project does not exist in either collection.
2025-05-25 04:03:04 warn: [MarkAllProcessed] Skipped saving Notification ID 681e5783c1ca5c9b0b63a79d due to missing/invalid projectModel and non-existent project.
2025-05-25 04:03:04 warn: [MarkAllProcessed] Notification ID 681e581249ff4d19c1cfbf58 for projectId 681e581149ff4d19c1cfbf55 is missing projectModel. Attempting to determine...
2025-05-25 04:03:04 error: [MarkAllProcessed] Could not determine projectModel for Notification ID 681e581249ff4d19c1cfbf58 with projectId 681e581149ff4d19c1cfbf55. Project does not exist in either collection.
2025-05-25 04:03:04 warn: [MarkAllProcessed] Skipped saving Notification ID 681e581249ff4d19c1cfbf58 due to missing/invalid projectModel and non-existent project.
2025-05-25 04:03:04 warn: [MarkAllProcessed] Notification ID 681e5a5bf8d113cfd90e0f1e for projectId 681e5a5bf8d113cfd90e0f1b is missing projectModel. Attempting to determine...
2025-05-25 04:03:04 error: [MarkAllProcessed] Could not determine projectModel for Notification ID 681e5a5bf8d113cfd90e0f1e with projectId 681e5a5bf8d113cfd90e0f1b. Project does not exist in either collection.
2025-05-25 04:03:04 warn: [MarkAllProcessed] Skipped saving Notification ID 681e5a5bf8d113cfd90e0f1e due to missing/invalid projectModel and non-existent project.
2025-05-25 04:03:04 info: [MarkAllProcessed] User 6819dbdab39ddc757e4b0efa: 0 thông báo đã được đánh dấu xử lý. 0 thông báo được giữ lại.
2025-05-25 04:03:12 info: Người dùng đã ngắt kết nối: A7Oad9l36gZLQ7pPAAAB
2025-05-25 04:03:12 info: Người dùng đã ngắt kết nối: F5JDk_X_sheU2WjxAAAD
2025-05-25 04:03:12 info: Một người dùng đã kết nối: plQ6UDoEl-iEBoRZAAAF
2025-05-25 04:03:12 info: Một người dùng đã kết nối: KXeoLQEtN9hFwcgwAAAH
2025-05-25 04:03:23 warn: [MarkAllProcessed] Notification ID 6819ce913c478a7b1b12e944 for projectId 6819ce913c478a7b1b12e941 is missing projectModel. Attempting to determine...
2025-05-25 04:03:23 error: [MarkAllProcessed] Could not determine projectModel for Notification ID 6819ce913c478a7b1b12e944 with projectId 6819ce913c478a7b1b12e941. Project does not exist in either collection.
2025-05-25 04:03:23 warn: [MarkAllProcessed] Skipped saving Notification ID 6819ce913c478a7b1b12e944 due to missing/invalid projectModel and non-existent project.
2025-05-25 04:03:23 warn: [MarkAllProcessed] Notification ID 681e3744f1cb6f545a296b20 for projectId 681e3744f1cb6f545a296b1d is missing projectModel. Attempting to determine...
2025-05-25 04:03:23 error: [MarkAllProcessed] Could not determine projectModel for Notification ID 681e3744f1cb6f545a296b20 with projectId 681e3744f1cb6f545a296b1d. Project does not exist in either collection.
2025-05-25 04:03:23 warn: [MarkAllProcessed] Skipped saving Notification ID 681e3744f1cb6f545a296b20 due to missing/invalid projectModel and non-existent project.
2025-05-25 04:03:23 warn: [MarkAllProcessed] Notification ID 681e4b792ab6572cfccc06e6 for projectId 681e4b792ab6572cfccc06e3 is missing projectModel. Attempting to determine...
2025-05-25 04:03:23 error: [MarkAllProcessed] Could not determine projectModel for Notification ID 681e4b792ab6572cfccc06e6 with projectId 681e4b792ab6572cfccc06e3. Project does not exist in either collection.
2025-05-25 04:03:23 warn: [MarkAllProcessed] Skipped saving Notification ID 681e4b792ab6572cfccc06e6 due to missing/invalid projectModel and non-existent project.
2025-05-25 04:03:23 warn: [MarkAllProcessed] Notification ID 681e50abc1ca5c9b0b63a6fc for projectId 681e50abc1ca5c9b0b63a6f9 is missing projectModel. Attempting to determine...
2025-05-25 04:03:23 error: [MarkAllProcessed] Could not determine projectModel for Notification ID 681e50abc1ca5c9b0b63a6fc with projectId 681e50abc1ca5c9b0b63a6f9. Project does not exist in either collection.
2025-05-25 04:03:23 warn: [MarkAllProcessed] Skipped saving Notification ID 681e50abc1ca5c9b0b63a6fc due to missing/invalid projectModel and non-existent project.
2025-05-25 04:03:23 warn: [MarkAllProcessed] Notification ID 681e510ac1ca5c9b0b63a734 for projectId 681e510ac1ca5c9b0b63a731 is missing projectModel. Attempting to determine...
2025-05-25 04:03:23 error: [MarkAllProcessed] Could not determine projectModel for Notification ID 681e510ac1ca5c9b0b63a734 with projectId 681e510ac1ca5c9b0b63a731. Project does not exist in either collection.
2025-05-25 04:03:23 warn: [MarkAllProcessed] Skipped saving Notification ID 681e510ac1ca5c9b0b63a734 due to missing/invalid projectModel and non-existent project.
2025-05-25 04:03:23 warn: [MarkAllProcessed] Notification ID 681e5193c1ca5c9b0b63a749 for projectId 681e5193c1ca5c9b0b63a746 is missing projectModel. Attempting to determine...
2025-05-25 04:03:23 error: [MarkAllProcessed] Could not determine projectModel for Notification ID 681e5193c1ca5c9b0b63a749 with projectId 681e5193c1ca5c9b0b63a746. Project does not exist in either collection.
2025-05-25 04:03:23 warn: [MarkAllProcessed] Skipped saving Notification ID 681e5193c1ca5c9b0b63a749 due to missing/invalid projectModel and non-existent project.
2025-05-25 04:03:23 warn: [MarkAllProcessed] Notification ID 681e5783c1ca5c9b0b63a79d for projectId 681e5783c1ca5c9b0b63a79a is missing projectModel. Attempting to determine...
2025-05-25 04:03:24 error: [MarkAllProcessed] Could not determine projectModel for Notification ID 681e5783c1ca5c9b0b63a79d with projectId 681e5783c1ca5c9b0b63a79a. Project does not exist in either collection.
2025-05-25 04:03:24 warn: [MarkAllProcessed] Skipped saving Notification ID 681e5783c1ca5c9b0b63a79d due to missing/invalid projectModel and non-existent project.
2025-05-25 04:03:24 warn: [MarkAllProcessed] Notification ID 681e581249ff4d19c1cfbf58 for projectId 681e581149ff4d19c1cfbf55 is missing projectModel. Attempting to determine...
2025-05-25 04:03:24 error: [MarkAllProcessed] Could not determine projectModel for Notification ID 681e581249ff4d19c1cfbf58 with projectId 681e581149ff4d19c1cfbf55. Project does not exist in either collection.
2025-05-25 04:03:24 warn: [MarkAllProcessed] Skipped saving Notification ID 681e581249ff4d19c1cfbf58 due to missing/invalid projectModel and non-existent project.
2025-05-25 04:03:24 warn: [MarkAllProcessed] Notification ID 681e5a5bf8d113cfd90e0f1e for projectId 681e5a5bf8d113cfd90e0f1b is missing projectModel. Attempting to determine...
2025-05-25 04:03:24 error: [MarkAllProcessed] Could not determine projectModel for Notification ID 681e5a5bf8d113cfd90e0f1e with projectId 681e5a5bf8d113cfd90e0f1b. Project does not exist in either collection.
2025-05-25 04:03:24 warn: [MarkAllProcessed] Skipped saving Notification ID 681e5a5bf8d113cfd90e0f1e due to missing/invalid projectModel and non-existent project.
2025-05-25 04:03:24 info: [MarkAllProcessed] User 6819dbdab39ddc757e4b0efa: 0 thông báo đã được đánh dấu xử lý. 0 thông báo được giữ lại.
2025-05-25 04:03:34 info: Người dùng đã ngắt kết nối: plQ6UDoEl-iEBoRZAAAF
2025-05-25 04:03:45 info: Một người dùng đã kết nối: IpAs8EVJTbXqF38kAAAJ
2025-05-25 04:04:06 info: Người dùng đã ngắt kết nối: IpAs8EVJTbXqF38kAAAJ
2025-05-25 04:04:10 info: Một người dùng đã kết nối: aufPFDtow96RZqtbAAAL
2025-05-25 04:04:10 info: Người dùng đã ngắt kết nối: aufPFDtow96RZqtbAAAL
2025-05-25 04:04:11 info: Một người dùng đã kết nối: S7sV6R8sPFebUe6ZAAAN
2025-05-25 15:29:56 info: Máy chủ đang chạy trên cổng 5000
2025-05-25 15:29:57 info: MongoDB đã kết nối thành công.
2025-05-25 15:30:08 info: Một người dùng đã kết nối: yYPmf-XUP1Ig2V90AAAB
2025-05-25 15:30:08 info: Một người dùng đã kết nối: NBENLbwE-2lbjGV4AAAD
2025-05-25 15:35:36 warn: [MarkAllProcessed] Notification ID 6819ce913c478a7b1b12e944 for projectId 6819ce913c478a7b1b12e941 is missing projectModel. Attempting to determine...
2025-05-25 15:35:36 error: [MarkAllProcessed] Could not determine projectModel for Notification ID 6819ce913c478a7b1b12e944 with projectId 6819ce913c478a7b1b12e941. Project does not exist in either collection.
2025-05-25 15:35:36 warn: [MarkAllProcessed] Skipped saving Notification ID 6819ce913c478a7b1b12e944 due to missing/invalid projectModel and non-existent project.
2025-05-25 15:35:36 warn: [MarkAllProcessed] Notification ID 681e3744f1cb6f545a296b20 for projectId 681e3744f1cb6f545a296b1d is missing projectModel. Attempting to determine...
2025-05-25 15:35:36 error: [MarkAllProcessed] Could not determine projectModel for Notification ID 681e3744f1cb6f545a296b20 with projectId 681e3744f1cb6f545a296b1d. Project does not exist in either collection.
2025-05-25 15:35:36 warn: [MarkAllProcessed] Skipped saving Notification ID 681e3744f1cb6f545a296b20 due to missing/invalid projectModel and non-existent project.
2025-05-25 15:35:36 warn: [MarkAllProcessed] Notification ID 681e4b792ab6572cfccc06e6 for projectId 681e4b792ab6572cfccc06e3 is missing projectModel. Attempting to determine...
2025-05-25 15:35:36 error: [MarkAllProcessed] Could not determine projectModel for Notification ID 681e4b792ab6572cfccc06e6 with projectId 681e4b792ab6572cfccc06e3. Project does not exist in either collection.
2025-05-25 15:35:36 warn: [MarkAllProcessed] Skipped saving Notification ID 681e4b792ab6572cfccc06e6 due to missing/invalid projectModel and non-existent project.
2025-05-25 15:35:36 warn: [MarkAllProcessed] Notification ID 681e50abc1ca5c9b0b63a6fc for projectId 681e50abc1ca5c9b0b63a6f9 is missing projectModel. Attempting to determine...
2025-05-25 15:35:36 error: [MarkAllProcessed] Could not determine projectModel for Notification ID 681e50abc1ca5c9b0b63a6fc with projectId 681e50abc1ca5c9b0b63a6f9. Project does not exist in either collection.
2025-05-25 15:35:36 warn: [MarkAllProcessed] Skipped saving Notification ID 681e50abc1ca5c9b0b63a6fc due to missing/invalid projectModel and non-existent project.
2025-05-25 15:35:36 warn: [MarkAllProcessed] Notification ID 681e510ac1ca5c9b0b63a734 for projectId 681e510ac1ca5c9b0b63a731 is missing projectModel. Attempting to determine...
2025-05-25 15:35:37 error: [MarkAllProcessed] Could not determine projectModel for Notification ID 681e510ac1ca5c9b0b63a734 with projectId 681e510ac1ca5c9b0b63a731. Project does not exist in either collection.
2025-05-25 15:35:37 warn: [MarkAllProcessed] Skipped saving Notification ID 681e510ac1ca5c9b0b63a734 due to missing/invalid projectModel and non-existent project.
2025-05-25 15:35:37 warn: [MarkAllProcessed] Notification ID 681e5193c1ca5c9b0b63a749 for projectId 681e5193c1ca5c9b0b63a746 is missing projectModel. Attempting to determine...
2025-05-25 15:35:37 error: [MarkAllProcessed] Could not determine projectModel for Notification ID 681e5193c1ca5c9b0b63a749 with projectId 681e5193c1ca5c9b0b63a746. Project does not exist in either collection.
2025-05-25 15:35:37 warn: [MarkAllProcessed] Skipped saving Notification ID 681e5193c1ca5c9b0b63a749 due to missing/invalid projectModel and non-existent project.
2025-05-25 15:35:37 warn: [MarkAllProcessed] Notification ID 681e5783c1ca5c9b0b63a79d for projectId 681e5783c1ca5c9b0b63a79a is missing projectModel. Attempting to determine...
2025-05-25 15:35:37 error: [MarkAllProcessed] Could not determine projectModel for Notification ID 681e5783c1ca5c9b0b63a79d with projectId 681e5783c1ca5c9b0b63a79a. Project does not exist in either collection.
2025-05-25 15:35:37 warn: [MarkAllProcessed] Skipped saving Notification ID 681e5783c1ca5c9b0b63a79d due to missing/invalid projectModel and non-existent project.
2025-05-25 15:35:37 warn: [MarkAllProcessed] Notification ID 681e581249ff4d19c1cfbf58 for projectId 681e581149ff4d19c1cfbf55 is missing projectModel. Attempting to determine...
2025-05-25 15:35:37 error: [MarkAllProcessed] Could not determine projectModel for Notification ID 681e581249ff4d19c1cfbf58 with projectId 681e581149ff4d19c1cfbf55. Project does not exist in either collection.
2025-05-25 15:35:37 warn: [MarkAllProcessed] Skipped saving Notification ID 681e581249ff4d19c1cfbf58 due to missing/invalid projectModel and non-existent project.
2025-05-25 15:35:37 warn: [MarkAllProcessed] Notification ID 681e5a5bf8d113cfd90e0f1e for projectId 681e5a5bf8d113cfd90e0f1b is missing projectModel. Attempting to determine...
2025-05-25 15:35:37 error: [MarkAllProcessed] Could not determine projectModel for Notification ID 681e5a5bf8d113cfd90e0f1e with projectId 681e5a5bf8d113cfd90e0f1b. Project does not exist in either collection.
2025-05-25 15:35:37 warn: [MarkAllProcessed] Skipped saving Notification ID 681e5a5bf8d113cfd90e0f1e due to missing/invalid projectModel and non-existent project.
2025-05-25 15:35:37 info: [MarkAllProcessed] User 68253af0ae2af2c31a6872a3: 0 thông báo đã được đánh dấu xử lý. 0 thông báo được giữ lại.
2025-05-25 15:37:26 info: Một người dùng đã kết nối: oN-_xuALTP1cJL-ZAAAF
2025-05-25 15:37:44 info: Máy chủ đang chạy trên cổng 5000
2025-05-25 15:37:44 info: Một người dùng đã kết nối: VL5g2vsfifuV61tiAAAB
2025-05-25 15:37:44 info: Một người dùng đã kết nối: NWPQtbp8G69uLf6cAAAD
2025-05-25 15:37:44 info: Một người dùng đã kết nối: jxQWogPO0or2rjoAAAAF
2025-05-25 15:37:45 info: MongoDB đã kết nối thành công.
2025-05-25 15:38:07 info: Người dùng đã ngắt kết nối: VL5g2vsfifuV61tiAAAB
2025-05-25 15:38:07 info: Người dùng đã ngắt kết nối: jxQWogPO0or2rjoAAAAF
2025-05-25 15:38:07 info: Người dùng đã ngắt kết nối: NWPQtbp8G69uLf6cAAAD
2025-05-25 15:38:07 info: Một người dùng đã kết nối: eESfcZjO3PQ9uPXSAAAH
2025-05-25 15:38:07 info: Một người dùng đã kết nối: 0PAz_l0mwzjFog4bAAAJ
2025-05-25 15:38:30 info: Một người dùng đã kết nối: 9m3ifI-XB-d2EXH1AAAL
2025-05-25 15:38:31 info: Một người dùng đã kết nối: KKRcCdqzrl3UQ3cBAAAN
2025-05-25 15:38:32 info: Người dùng đã ngắt kết nối: 9m3ifI-XB-d2EXH1AAAL
2025-05-25 15:38:40 info: Một người dùng đã kết nối: SUN90mFzInNDq7GMAAAP
2025-05-25 15:39:10 info: Người dùng đã ngắt kết nối: eESfcZjO3PQ9uPXSAAAH
2025-05-25 15:39:14 info: Một người dùng đã kết nối: 0hKIbPeoMe74kVWjAAAR
2025-05-25 15:40:01 info: Người dùng đã ngắt kết nối: SUN90mFzInNDq7GMAAAP
2025-05-25 15:40:08 info: Một người dùng đã kết nối: qEDeVH2UR-aV-XqeAAAT
2025-05-25 15:40:08 info: Người dùng đã ngắt kết nối: qEDeVH2UR-aV-XqeAAAT
2025-05-25 15:40:09 info: Một người dùng đã kết nối: jHskb43QUIgg1uNhAAAV
2025-05-25 15:40:29 info: Người dùng đã ngắt kết nối: 0hKIbPeoMe74kVWjAAAR
2025-05-25 15:40:32 info: Một người dùng đã kết nối: cKGsUpKkjl1NoKmxAAAX
2025-05-25 15:41:24 info: Người dùng đã ngắt kết nối: cKGsUpKkjl1NoKmxAAAX
2025-05-25 15:41:32 info: Một người dùng đã kết nối: cl9yxgr9uLtsOUWHAAAZ
2025-05-25 15:42:47 info: Một người dùng đã kết nối: be8gvgeMtKwMInw0AAAc
2025-05-25 15:42:47 info: Một người dùng đã kết nối: qpbc21QP6jbwdMTcAAAd
2025-05-25 15:44:21 info: Một người dùng đã kết nối: clBhzVcrEAFNhrptAAAf
2025-05-25 15:44:22 info: Một người dùng đã kết nối: uh_AjPybzynr2py2AAAh
2025-05-25 15:44:24 info: Người dùng đã ngắt kết nối: be8gvgeMtKwMInw0AAAc
2025-05-25 15:44:31 info: Một người dùng đã kết nối: uOTEA2zhvN59ooYvAAAj
2025-05-25 15:45:00 info: Người dùng đã ngắt kết nối: 0PAz_l0mwzjFog4bAAAJ
2025-05-25 15:45:00 info: Người dùng đã ngắt kết nối: uOTEA2zhvN59ooYvAAAj
2025-05-25 15:45:00 info: Người dùng đã ngắt kết nối: cl9yxgr9uLtsOUWHAAAZ
2025-05-25 15:45:00 info: Một người dùng đã kết nối: K6h0TZSXTQsQR5h7AAAl
2025-05-25 15:45:00 info: Một người dùng đã kết nối: 0wK_xHmNHZLVH0P3AAAn
2025-05-25 15:45:05 info: [MarkAllProcessed] User 6824157f08ab772b765f45e5: 2 thông báo đã được đánh dấu xử lý. 0 thông báo được giữ lại.
2025-05-25 15:52:26 info: Một người dùng đã kết nối: qLFhZCIEHEMi67KFAAAq
2025-05-25 15:52:26 info: Một người dùng đã kết nối: qlt0iCdRlKZ3eHeiAAAr
2025-05-25 15:54:07 info: Người dùng đã ngắt kết nối: K6h0TZSXTQsQR5h7AAAl
2025-05-25 15:54:07 info: Người dùng đã ngắt kết nối: qlt0iCdRlKZ3eHeiAAAr
2025-05-25 15:54:07 info: Người dùng đã ngắt kết nối: 0wK_xHmNHZLVH0P3AAAn
2025-05-25 15:54:08 info: Một người dùng đã kết nối: oexmtIA5PBcbP8E0AAAt
2025-05-25 15:54:08 info: Một người dùng đã kết nối: Vkf8CtoNyVzWoPmjAAAv
2025-05-25 15:54:56 info: Người dùng đã ngắt kết nối: oexmtIA5PBcbP8E0AAAt
2025-05-25 15:55:04 info: Một người dùng đã kết nối: FFYbjky2UHgnYya6AAAx
2025-05-25 15:55:35 info: Người dùng đã ngắt kết nối: FFYbjky2UHgnYya6AAAx
2025-05-25 15:55:40 info: Một người dùng đã kết nối: y_powQ1gDE1GP9l8AAAz
2025-05-25 15:56:22 info: Máy chủ đang chạy trên cổng 5000
2025-05-25 15:56:22 info: Một người dùng đã kết nối: 4NxXR8kabyAc_qlsAAAB
2025-05-25 15:56:22 info: Một người dùng đã kết nối: dbGe54mqYhuubD7uAAAD
2025-05-25 15:56:22 info: Một người dùng đã kết nối: 7hdLhH8NB96RwGa0AAAF
2025-05-25 15:56:22 info: Một người dùng đã kết nối: 9jcTuVbi8apRkjdcAAAH
2025-05-25 15:56:22 info: Một người dùng đã kết nối: Qmj8zv4AqtD7IpzfAAAJ
2025-05-25 15:56:22 info: Một người dùng đã kết nối: cowyPoMcr0E0-mkcAAAL
2025-05-25 15:56:22 info: MongoDB đã kết nối thành công.
2025-05-25 15:56:23 info: Một người dùng đã kết nối: O5Di4Jsx8bwtCrijAAAN
2025-05-25 15:56:23 info: Một người dùng đã kết nối: QEcRfYAKJ34Zdoi6AAAP
2025-05-25 15:56:47 info: Người dùng đã ngắt kết nối: QEcRfYAKJ34Zdoi6AAAP
2025-05-25 15:56:53 info: Một người dùng đã kết nối: rK74ZVAZQ8wsKQi5AAAR
2025-05-25 15:57:55 error: Lỗi xác thực token: jwt expired
2025-05-25 15:57:56 error: Lỗi xác thực token: jwt expired
2025-05-25 15:57:59 info: Một người dùng đã kết nối: xbhqRxHeg2b5ciXRAAAT
2025-05-25 15:57:59 info: Một người dùng đã kết nối: OD2FSm91Me5tk2pcAAAV
2025-05-25 15:58:40 info: Người dùng đã ngắt kết nối: xbhqRxHeg2b5ciXRAAAT
2025-05-25 15:58:42 info: Một người dùng đã kết nối: 7Fu02EPu-cpSFxQpAAAX
2025-05-25 15:58:44 info: Người dùng đã ngắt kết nối: rK74ZVAZQ8wsKQi5AAAR
2025-05-25 15:58:51 info: Một người dùng đã kết nối: petH_8YCekrc2mMIAAAZ
2025-05-25 15:59:16 info: Người dùng đã ngắt kết nối: OD2FSm91Me5tk2pcAAAV
2025-05-25 15:59:16 info: Người dùng đã ngắt kết nối: 7Fu02EPu-cpSFxQpAAAX
2025-05-25 15:59:16 info: Một người dùng đã kết nối: pycZM-hDMcXQufRtAAAb
2025-05-25 15:59:16 info: Một người dùng đã kết nối: SsOVib669Vaks9yxAAAd
2025-05-25 15:59:20 info: Người dùng đã ngắt kết nối: pycZM-hDMcXQufRtAAAb
2025-05-25 15:59:20 info: Người dùng đã ngắt kết nối: SsOVib669Vaks9yxAAAd
2025-05-25 15:59:21 info: Một người dùng đã kết nối: z4azBa4HwpR80jAfAAAf
2025-05-25 15:59:21 info: Một người dùng đã kết nối: B4ZEyijrSwqM7DMKAAAh
2025-05-25 16:00:04 info: Người dùng đã ngắt kết nối: dbGe54mqYhuubD7uAAAD
2025-05-25 16:00:04 info: Người dùng đã ngắt kết nối: petH_8YCekrc2mMIAAAZ
2025-05-25 16:00:05 info: Một người dùng đã kết nối: Q2xsNZnWrGHcejT7AAAj
2025-05-25 16:00:05 info: Một người dùng đã kết nối: au-9lha1Zeaa56XwAAAl
2025-05-25 16:00:08 info: Người dùng đã ngắt kết nối: z4azBa4HwpR80jAfAAAf
2025-05-25 16:00:08 info: Người dùng đã ngắt kết nối: B4ZEyijrSwqM7DMKAAAh
2025-05-25 16:00:08 info: Một người dùng đã kết nối: StII0fVduOo51MIWAAAn
2025-05-25 16:00:08 info: Một người dùng đã kết nối: U1UloRLfyw69aMcMAAAp
2025-05-25 16:05:21 info: Một người dùng đã kết nối: dWqFRc6RrdvMmeQnAAAt
2025-05-25 16:05:21 info: Một người dùng đã kết nối: GHjHnU2P-u3ZpvI4AAAu
2025-05-25 16:05:21 info: Một người dùng đã kết nối: tFBRo8VuchWjCK59AAAv
2025-05-25 16:05:21 info: Một người dùng đã kết nối: ZuH8PmPsmDhpMEg5AAAw
