2025-05-24 20:55:40 info: Máy chủ đang chạy trên cổng 5000
2025-05-24 20:55:40 info: MongoDB đã kết nối thành công.
2025-05-24 20:55:57 info: Một người dùng đã kết nối: _oVvK23F0AMjbmb0AAAB
2025-05-24 20:55:57 info: Một người dùng đã kết nối: dC_dVIJjBHekTPMGAAAD
2025-05-24 21:32:17 info: Máy chủ đang chạy trên cổng 5000
2025-05-24 21:32:17 info: Một người dùng đã kết nối: N-RPwM9F5VtEkNXaAAAB
2025-05-24 21:32:17 info: Một người dùng đã kết nối: OWk-H7DA4qglS1rLAAAD
2025-05-24 21:32:18 info: MongoDB đã kết nối thành công.
2025-05-24 21:32:23 info: Người dùng đã ngắt kết nối: N-RPwM9F5VtEkNXaAAAB
2025-05-24 21:32:23 info: Người dùng đã ngắt kết nối: OWk-H7DA4qglS1rLAAAD
2025-05-24 21:32:23 info: Một người dùng đã kết nối: e2MbE1I3eKX69nQFAAAF
2025-05-24 21:32:23 info: Một người dùng đã kết nối: jtLRnOR2RsCObbAKAAAH
2025-05-24 21:49:12 info: Máy chủ đang chạy trên cổng 5000
2025-05-24 21:49:12 info: Một người dùng đã kết nối: 00zakyesrJM_wdEDAAAB
2025-05-24 21:49:13 info: MongoDB đã kết nối thành công.
2025-05-24 21:49:14 info: Một người dùng đã kết nối: Mq0j5xLxu1N8IDMdAAAD
2025-05-24 21:49:18 info: Người dùng đã ngắt kết nối: 00zakyesrJM_wdEDAAAB
2025-05-24 21:49:18 info: Người dùng đã ngắt kết nối: Mq0j5xLxu1N8IDMdAAAD
2025-05-24 21:49:19 info: Một người dùng đã kết nối: NfsgUybaXGCesBDbAAAF
2025-05-24 21:49:19 info: Một người dùng đã kết nối: 0vz5kqXle1sTGQRPAAAH
2025-05-24 21:50:07 info: [Standardize Execute] Sẽ chuẩn hóa cho 15 đơn vị.
2025-05-24 21:50:07 info: [Standardize Execute Unit: Ban Tổng giám đốc] Không có công trình nào trong scope để chuẩn hóa.
2025-05-24 21:50:07 info: [Standardize Execute Unit: Chi nhánh cấp nước Bắc Hà] Không có công trình nào trong scope để chuẩn hóa.
2025-05-24 21:50:08 info: [Standardize Execute Unit: Chi nhánh cấp nước Bảo Yên] Không có công trình nào trong scope để chuẩn hóa.
2025-05-24 21:50:08 info: [Standardize Execute Unit: Chi nhánh cấp nước Si Ma Cai] Không có công trình nào trong scope để chuẩn hóa.
2025-05-24 21:50:08 info: [Standardize Execute Unit: Chi nhánh cấp nước Mường Khương] Không có công trình nào trong scope để chuẩn hóa.
2025-05-24 21:50:08 info: [Standardize Execute Unit: Chi nhánh cấp nước số 1] Đã cập nhật mã cho 5 công trình.
2025-05-24 21:50:08 info: [Standardize Execute Unit: Chi nhánh cấp nước số 1] Đã đồng bộ ProjectCodeCounter cho {"year":2025,"type":"category","unitShortCode":"CS1"} thành currentSerial: 6.
2025-05-24 21:50:09 info: [Standardize Execute Unit: Chi nhánh cấp nước số 2] Đã cập nhật mã cho 1 công trình.
2025-05-24 21:50:09 info: [Standardize Execute Unit: Chi nhánh cấp nước số 2] Đã đồng bộ ProjectCodeCounter cho {"year":2025,"type":"category","unitShortCode":"CS2"} thành currentSerial: 1.
2025-05-24 21:50:09 info: [Standardize Execute Unit: Chi nhánh cấp nước SaPa] Đã cập nhật mã cho 7 công trình.
2025-05-24 21:50:09 info: [Standardize Execute Unit: Chi nhánh cấp nước SaPa] Đã đồng bộ ProjectCodeCounter cho {"year":2025,"type":"category","unitShortCode":"CSP"} thành currentSerial: 7.
2025-05-24 21:50:10 info: [Standardize Execute Unit: Chi nhánh cấp nước KCN Tằng Loỏng] Đã cập nhật mã cho 2 công trình.
2025-05-24 21:50:10 info: [Standardize Execute Unit: Chi nhánh cấp nước KCN Tằng Loỏng] Đã đồng bộ ProjectCodeCounter cho {"year":2025,"type":"category","unitShortCode":"CTL"} thành currentSerial: 2.
2025-05-24 21:50:10 info: [Standardize Execute Unit: Chi nhánh cấp nước Văn Bàn] Không có công trình nào trong scope để chuẩn hóa.
2025-05-24 21:50:10 info: [Standardize Execute Unit: Phòng KT-VT] Không có công trình nào trong scope để chuẩn hóa.
2025-05-24 21:50:10 info: [Standardize Execute Unit: Phòng TC-KT] Không có công trình nào trong scope để chuẩn hóa.
2025-05-24 21:50:10 info: [Standardize Execute Unit: Chi nhánh Trung tâm đồng hồ nước] Không có công trình nào trong scope để chuẩn hóa.
2025-05-24 21:50:58 info: [SyncService] Chuẩn bị dữ liệu đồng bộ. Năm: 2025, Loại CT: category
2025-05-24 21:50:58 info: [SyncService] Lọc theo loại công trình: category. Số lượng còn lại: 32
2025-05-24 21:50:58 info: [SyncService] Tìm thấy tổng cộng 32 công trình từ CategoryProject và MinorRepairProject.
2025-05-24 21:51:06 info: [SyncService] Đã chuẩn bị 13 công trình để review.
2025-05-24 21:53:16 info: Người dùng đã ngắt kết nối: NfsgUybaXGCesBDbAAAF
2025-05-24 21:53:24 info: Một người dùng đã kết nối: A_QD439tizXjcz0ZAAAJ
2025-05-24 21:53:24 info: Người dùng đã ngắt kết nối: A_QD439tizXjcz0ZAAAJ
2025-05-24 21:53:24 info: Một người dùng đã kết nối: tkKVMTZHsfLEuGsVAAAL
2025-05-24 21:56:02 info: Một người dùng đã kết nối: leCpqVNjnInyQb2nAAAN
2025-05-24 22:01:19 info: Máy chủ đang chạy trên cổng 5000
2025-05-24 22:01:19 info: Một người dùng đã kết nối: Q1fxeQQyULddpAHkAAAB
2025-05-24 22:01:19 info: Một người dùng đã kết nối: 3zkxdEqz35j8sd3ZAAAD
2025-05-24 22:01:20 info: MongoDB đã kết nối thành công.
2025-05-24 22:01:22 info: Một người dùng đã kết nối: v7txc0baZ8YZfkPHAAAF
2025-05-24 22:01:25 info: Một người dùng đã kết nối: zgOA6nL-KKCI-SPcAAAH
2025-05-24 22:01:25 info: Một người dùng đã kết nối: B2KTL3h9GtCjhuc4AAAJ
2025-05-24 22:03:47 info: Một người dùng đã kết nối: TUkK7MdIwYYhC_VlAAAL
2025-05-24 22:03:47 info: Một người dùng đã kết nối: IvzP0vKgOABB9KIEAAAN
2025-05-24 22:03:55 info: Máy chủ đang chạy trên cổng 5000
2025-05-24 22:03:55 info: Một người dùng đã kết nối: ZaQwmKb2Sr5TZ42DAAAB
2025-05-24 22:03:55 info: Một người dùng đã kết nối: FeKf_EdVUqim10p6AAAD
2025-05-24 22:03:55 info: Một người dùng đã kết nối: TUSIZpRsT2Zf__PPAAAF
2025-05-24 22:03:55 info: Một người dùng đã kết nối: dCZqUTNlrb74OPqRAAAH
2025-05-24 22:03:55 info: Một người dùng đã kết nối: bbn4LxSxGXPEnlYJAAAJ
2025-05-24 22:03:55 info: Một người dùng đã kết nối: pAoDGBnXhU8MUpP4AAAL
2025-05-24 22:03:55 info: Một người dùng đã kết nối: gXfEqheCsg3xkLtkAAAN
2025-05-24 22:03:55 info: MongoDB đã kết nối thành công.
2025-05-24 22:03:58 info: Người dùng đã ngắt kết nối: ZaQwmKb2Sr5TZ42DAAAB
2025-05-24 22:03:58 info: Người dùng đã ngắt kết nối: gXfEqheCsg3xkLtkAAAN
2025-05-24 22:03:58 info: Người dùng đã ngắt kết nối: pAoDGBnXhU8MUpP4AAAL
2025-05-24 22:03:58 info: Người dùng đã ngắt kết nối: bbn4LxSxGXPEnlYJAAAJ
2025-05-24 22:03:58 info: Người dùng đã ngắt kết nối: dCZqUTNlrb74OPqRAAAH
2025-05-24 22:03:58 info: Người dùng đã ngắt kết nối: TUSIZpRsT2Zf__PPAAAF
2025-05-24 22:03:58 info: Người dùng đã ngắt kết nối: FeKf_EdVUqim10p6AAAD
2025-05-24 22:03:59 info: Một người dùng đã kết nối: ZCRvURp5UeQ8cghzAAAP
2025-05-24 22:03:59 info: Một người dùng đã kết nối: RyjoXQZai_uU1bQKAAAR
2025-05-24 22:04:06 info: Người dùng đã ngắt kết nối: ZCRvURp5UeQ8cghzAAAP
2025-05-24 22:04:14 info: Một người dùng đã kết nối: O-1YOjl-SI7ZGuHkAAAT
2025-05-24 22:04:20 info: [SyncService] Chuẩn bị dữ liệu đồng bộ. Năm: 2025, Loại CT: Tất cả
2025-05-24 22:04:20 info: [SyncService] Tìm thấy tổng cộng 36 công trình từ CategoryProject và MinorRepairProject.
2025-05-24 22:04:28 info: [SyncService] Đã chuẩn bị 14 công trình để review.
2025-05-24 22:04:56 info: [SyncService] Chuẩn bị dữ liệu đồng bộ. Năm: 2025, Loại CT: Tất cả
2025-05-24 22:04:56 info: [SyncService] Tìm thấy tổng cộng 36 công trình từ CategoryProject và MinorRepairProject.
2025-05-24 22:05:06 info: [SyncService] Đã chuẩn bị 14 công trình để review.
2025-05-24 22:05:06 info: [SyncService] Chuẩn bị dữ liệu đồng bộ. Năm: 2025, Loại CT: Tất cả
2025-05-24 22:05:06 info: [SyncService] Tìm thấy tổng cộng 35 công trình từ CategoryProject và MinorRepairProject.
2025-05-24 22:05:16 info: [SyncService] Đã chuẩn bị 13 công trình để review.
2025-05-24 22:05:22 info: [SyncService] Chuẩn bị dữ liệu đồng bộ. Năm: 2025, Loại CT: Tất cả
2025-05-24 22:05:22 info: [SyncService] Tìm thấy tổng cộng 35 công trình từ CategoryProject và MinorRepairProject.
2025-05-24 22:05:32 info: [SyncService] Đã chuẩn bị 13 công trình để review.
2025-05-24 22:07:19 info: Máy chủ đang chạy trên cổng 5000
2025-05-24 22:07:20 info: Một người dùng đã kết nối: eJmHOxRTfBdifVoIAAAB
2025-05-24 22:07:20 info: Một người dùng đã kết nối: s3TGV7Wl2pbzARJ9AAAD
2025-05-24 22:07:20 info: MongoDB đã kết nối thành công.
2025-05-24 22:07:24 info: Người dùng đã ngắt kết nối: eJmHOxRTfBdifVoIAAAB
2025-05-24 22:07:24 info: Người dùng đã ngắt kết nối: s3TGV7Wl2pbzARJ9AAAD
2025-05-24 22:07:24 info: Một người dùng đã kết nối: paXlMJ5QW2K6MKKHAAAF
2025-05-24 22:07:24 info: Một người dùng đã kết nối: tSSMrMqqqGKkkJ_AAAAH
2025-05-24 22:07:28 info: [SyncService] Chuẩn bị dữ liệu đồng bộ. Năm: 2025, Loại CT: Tất cả
2025-05-24 22:07:28 info: [SyncService] Tìm thấy tổng cộng 34 công trình từ CategoryProject và MinorRepairProject.
2025-05-24 22:07:36 info: [SyncService] Đã chuẩn bị 12 công trình để review.
2025-05-24 22:07:45 info: [SyncService] Chuẩn bị dữ liệu đồng bộ. Năm: 2025, Loại CT: Tất cả
2025-05-24 22:07:45 info: [SyncService] Tìm thấy tổng cộng 33 công trình từ CategoryProject và MinorRepairProject.
2025-05-24 22:07:53 info: [SyncService] Đã chuẩn bị 11 công trình để review.
2025-05-24 22:07:54 info: [SyncService] Chuẩn bị dữ liệu đồng bộ. Năm: 2025, Loại CT: Tất cả
2025-05-24 22:07:54 info: [SyncService] Tìm thấy tổng cộng 32 công trình từ CategoryProject và MinorRepairProject.
2025-05-24 22:08:01 info: [SyncService] Đã chuẩn bị 10 công trình để review.
2025-05-24 22:08:16 info: [SyncService] Chuẩn bị dữ liệu đồng bộ. Năm: 2025, Loại CT: Tất cả
2025-05-24 22:08:16 info: [SyncService] Tìm thấy tổng cộng 31 công trình từ CategoryProject và MinorRepairProject.
2025-05-24 22:08:24 info: [SyncService] Đã chuẩn bị 9 công trình để review.
2025-05-24 22:08:30 info: [SyncService] Chuẩn bị dữ liệu đồng bộ. Năm: 2025, Loại CT: Tất cả
2025-05-24 22:08:30 info: [SyncService] Tìm thấy tổng cộng 30 công trình từ CategoryProject và MinorRepairProject.
2025-05-24 22:08:37 info: [SyncService] Đã chuẩn bị 8 công trình để review.
2025-05-24 22:08:48 info: Bắt đầu đồng bộ dữ liệu công trình. Năm mục tiêu: 2025. User: admin
2025-05-24 22:08:48 info: Đồng bộ dựa trên danh sách 8 công trình từ frontend.
2025-05-24 22:08:48 info: Hoàn tất kiểm tra và tạo shortCode cho các đơn vị phân bổ.
2025-05-24 22:08:50 info: Đã xử lý 7 CT danh mục. Cập nhật thành công: 7. Bỏ qua (không tìm thấy/trùng/lọc năm): 0.
2025-05-24 22:08:50 info: Đã xử lý 1 CT SCN. Cập nhật thành công: 1. Bỏ qua (không tìm thấy/trùng/lọc năm): 0.
2025-05-24 22:08:51 warn: Notification 6828674e768ff5df75bc55be không có projectId.
2025-05-24 22:08:51 warn: Notification 68288fcbc900722951bdf75f không có projectId.
2025-05-24 22:08:51 warn: Notification 68288ff8c900722951bdf838 không có projectId.
2025-05-24 22:08:51 warn: Notification 682897666cdd135fa1891015 không có projectId.
2025-05-24 22:08:51 warn: Notification 6829bd1710683037e7acab40 không có projectId.
2025-05-24 22:08:51 warn: Notification 6829bd5710683037e7acac2c không có projectId.
2025-05-24 22:08:51 warn: Notification 6829bdbd10683037e7acadf9 không có projectId.
2025-05-24 22:08:51 warn: Notification 6829bdeb10683037e7acae83 không có projectId.
2025-05-24 22:08:51 warn: Notification 6829c2a510683037e7acb64b không có projectId.
2025-05-24 22:08:51 warn: Notification 6829ccec188ad4eebac19f9e không có projectId.
2025-05-24 22:08:51 warn: Notification 6829fa05fb808106131c8af2 không có projectId.
2025-05-24 22:08:51 warn: Notification 682a018301dc11463077eea0 không có projectId.
2025-05-24 22:08:51 warn: Notification 682a0906f1293290c3e0570a không có projectId.
2025-05-24 22:08:51 warn: Notification 682a14c958e66f84c6f062a0 không có projectId.
2025-05-24 22:08:51 warn: Notification 682a14ce58e66f84c6f0639e không có projectId.
2025-05-24 22:08:51 warn: Notification 682a14d558e66f84c6f064ba không có projectId.
2025-05-24 22:08:51 warn: Notification 682a14e858e66f84c6f06622 không có projectId.
2025-05-24 22:08:51 warn: Notification 682a14ed58e66f84c6f06766 không có projectId.
2025-05-24 22:08:51 warn: Notification 682a14f258e66f84c6f068be không có projectId.
2025-05-24 22:08:51 warn: Notification 682a14f858e66f84c6f06a16 không có projectId.
2025-05-24 22:08:51 warn: Notification 682a150658e66f84c6f06b6e không có projectId.
2025-05-24 22:08:51 warn: Notification 682a150d58e66f84c6f06cc6 không có projectId.
2025-05-24 22:08:51 warn: Notification 682a151258e66f84c6f06e1e không có projectId.
2025-05-24 22:08:51 warn: Notification 682a176658e66f84c6f0775b không có projectId.
2025-05-24 22:08:51 warn: Notification 682a21043e47068f08ec2e4e không có projectId.
2025-05-24 22:08:51 warn: Notification 682a210a3e47068f08ec2f69 không có projectId.
2025-05-24 22:08:51 warn: Notification 682a21103e47068f08ec3098 không có projectId.
2025-05-24 22:08:51 warn: Notification 682a21163e47068f08ec31db không có projectId.
2025-05-24 22:08:51 warn: Notification 682a211d3e47068f08ec3332 không có projectId.
2025-05-24 22:08:51 warn: Notification 682a21db3e47068f08ec36b1 không có projectId.
2025-05-24 22:08:51 warn: Notification 682a237c9c068c5fd64481bf không có projectId.
2025-05-24 22:08:51 warn: Notification 682a23939c068c5fd64483fe không có projectId.
2025-05-24 22:08:51 warn: Notification 682a23999c068c5fd6448480 không có projectId.
2025-05-24 22:08:51 warn: Notification 682a2c6221a424ff9ea18443 không có projectId.
2025-05-24 22:08:51 warn: Notification 682a2ce621a424ff9ea18753 không có projectId.
2025-05-24 22:08:51 warn: Notification 682a2cf221a424ff9ea1884c không có projectId.
2025-05-24 22:08:51 warn: Notification 682a2cf721a424ff9ea1894e không có projectId.
2025-05-24 22:08:51 warn: Notification 682a2cfe21a424ff9ea18a40 không có projectId.
2025-05-24 22:08:51 warn: Notification 682a2d0421a424ff9ea18b22 không có projectId.
2025-05-24 22:08:51 warn: Notification 682a2d0921a424ff9ea18bf4 không có projectId.
2025-05-24 22:08:51 warn: Notification 682a2d0f21a424ff9ea18cb6 không có projectId.
2025-05-24 22:08:51 warn: Notification 682a2d1521a424ff9ea18d68 không có projectId.
2025-05-24 22:08:51 warn: Notification 682a2d1c21a424ff9ea18e0a không có projectId.
2025-05-24 22:08:51 warn: Notification 682a2d2121a424ff9ea18e9c không có projectId.
2025-05-24 22:08:51 warn: Notification 682ab13010655e288ef0a1b2 không có projectId.
2025-05-24 22:08:51 warn: Notification 682ab36210655e288ef0a54d không có projectId.
2025-05-24 22:08:51 warn: Notification 682ab3a210655e288ef0abab không có projectId.
2025-05-24 22:08:51 warn: Notification 682ab3a810655e288ef0ac62 không có projectId.
2025-05-24 22:08:51 warn: Notification 682ab3ae10655e288ef0acee không có projectId.
2025-05-24 22:08:51 warn: Notification 682ab3d010655e288ef0afc2 không có projectId.
2025-05-24 22:08:51 warn: Notification 682ab3d610655e288ef0b073 không có projectId.
2025-05-24 22:08:51 warn: Notification 682ab3db10655e288ef0b0f9 không có projectId.
2025-05-24 22:08:51 warn: Notification 682ab3ef10655e288ef0b1f6 không có projectId.
2025-05-24 22:08:51 warn: Notification 682abb62f0c72ca87609b67a không có projectId.
2025-05-24 22:08:51 warn: Notification 682ad3f0a360144c0e472afa không có projectId.
2025-05-24 22:08:51 warn: Notification 682ad41fa360144c0e472c2d không có projectId.
2025-05-24 22:08:51 warn: Notification 682ad440a360144c0e472d03 không có projectId.
2025-05-24 22:08:51 warn: Notification 682ae67491cd7c772f8dba9b không có projectId.
2025-05-24 22:08:51 warn: Notification 682ae67d91cd7c772f8dbb1d không có projectId.
2025-05-24 22:08:51 warn: Notification 682aea2491cd7c772f8dc399 không có projectId.
2025-05-24 22:08:51 warn: Notification 682b3b14f1423c2682201fa9 không có projectId.
2025-05-24 22:08:51 warn: Notification 682b3b5bf1423c2682202355 không có projectId.
2025-05-24 22:08:51 warn: Notification 682b7f07635018d7bf3bdaff không có projectId.
2025-05-24 22:08:51 warn: Notification 682b8ba0fafd2c592828783f không có projectId.
2025-05-24 22:08:51 warn: Notification 682b8e5b3499706aa42f6491 không có projectId.
2025-05-24 22:08:51 warn: Notification 682b8e623499706aa42f657d không có projectId.
2025-05-24 22:08:51 warn: Notification 682be2ab9b2a593cb4ed6e2d không có projectId.
2025-05-24 22:08:51 warn: Notification 682be2b09b2a593cb4ed6eb9 không có projectId.
2025-05-24 22:08:51 warn: Notification 682cbbc951646c04c9a1539b không có projectId.
2025-05-24 22:08:51 warn: Notification 682d2ac66bbf367b76720a7a không có projectId.
2025-05-24 22:08:51 warn: Notification 682d79915d232daf61cd3db1 không có projectId.
2025-05-24 22:08:51 warn: Notification 682d91537b94d63be841d69e không có projectId.
2025-05-24 22:08:51 warn: Notification 682d919c7b94d63be841d9f9 không có projectId.
2025-05-24 22:08:51 warn: Notification 682dc0a1d251bb6a04b66f45 không có projectId.
2025-05-24 22:08:51 warn: Notification 682dc0a5d251bb6a04b67015 không có projectId.
2025-05-24 22:08:51 warn: Notification 682dc0a8d251bb6a04b670d2 không có projectId.
2025-05-24 22:08:51 warn: Notification 682dc0acd251bb6a04b6716a không có projectId.
2025-05-24 22:08:51 warn: Notification 682dc0b1d251bb6a04b67216 không có projectId.
2025-05-24 22:08:51 warn: Notification 682dc0bcd251bb6a04b6729d không có projectId.
2025-05-24 22:08:51 warn: Notification 682dc0c0d251bb6a04b67349 không có projectId.
2025-05-24 22:08:51 warn: Notification 682dc0c2d251bb6a04b673e9 không có projectId.
2025-05-24 22:08:51 warn: Notification 682dc0c4d251bb6a04b6747d không có projectId.
2025-05-24 22:08:51 warn: Notification 682dc0c6d251bb6a04b67505 không có projectId.
2025-05-24 22:08:51 warn: Notification 682dc0cbd251bb6a04b67571 không có projectId.
2025-05-24 22:08:51 warn: Notification 682dc0cdd251bb6a04b675be không có projectId.
2025-05-24 22:08:51 warn: Notification 682dc18cd251bb6a04b67999 không có projectId.
2025-05-24 22:08:51 warn: Notification 682dc190d251bb6a04b67a24 không có projectId.
2025-05-24 22:08:51 warn: Notification 682dc36ed251bb6a04b67b4d không có projectId.
2025-05-24 22:08:51 warn: Notification 682dc371d251bb6a04b67b93 không có projectId.
2025-05-24 22:08:51 warn: Notification 68301e0fd48d1e5eabf0a52b không có projectId.
2025-05-24 22:08:51 warn: Notification 68306c26b80205446306d4ad không có projectId.
2025-05-24 22:08:51 warn: Notification 68306c2ab80205446306d768 không có projectId.
2025-05-24 22:08:51 warn: Notification 68306c2eb80205446306da22 không có projectId.
2025-05-24 22:08:51 warn: Notification 68306c34b80205446306dcdb không có projectId.
2025-05-24 22:08:51 warn: Notification 68306c3eb80205446306df7f không có projectId.
2025-05-24 22:08:51 warn: Notification 68306c44b80205446306e20e không có projectId.
2025-05-24 22:08:51 warn: Notification 68306c47b80205446306e465 không có projectId.
2025-05-24 22:08:51 warn: Notification 68306c4eb80205446306e6e6 không có projectId.
2025-05-24 22:08:51 warn: Notification 68306c51b80205446306e915 không có projectId.
2025-05-24 22:08:51 warn: Notification 68306c53b80205446306eb20 không có projectId.
2025-05-24 22:08:51 warn: Notification 6830719fb80205446306ef1b không có projectId.
2025-05-24 22:08:51 warn: Notification 683071a3b80205446306f156 không có projectId.
2025-05-24 22:08:51 warn: Notification 68307201b80205446306f6a6 không có projectId.
2025-05-24 22:08:51 warn: Notification 68307209b80205446306f8f7 không có projectId.
2025-05-24 22:08:51 warn: Notification 68307213b80205446306fb32 không có projectId.
2025-05-24 22:08:51 warn: Notification 683072c0b01c7515a2ab2950 không có projectId.
2025-05-24 22:08:51 warn: Notification 68307bfdc25938003e931d48 không có projectId.
2025-05-24 22:08:51 warn: Notification 68307c01c25938003e931f83 không có projectId.
2025-05-24 22:08:51 warn: Notification 68308773f6b222e6120b40a9 không có projectId.
2025-05-24 22:08:51 warn: Notification 6830877af6b222e6120b420b không có projectId.
2025-05-24 22:08:51 warn: Notification 6830877ef6b222e6120b436c không có projectId.
2025-05-24 22:08:51 warn: Notification 6830888ef6b222e6120b4bc4 không có projectId.
2025-05-24 22:08:51 warn: Notification 68308891f6b222e6120b4cfb không có projectId.
2025-05-24 22:08:51 warn: Notification 68308893f6b222e6120b4e30 không có projectId.
2025-05-24 22:08:51 warn: Notification 683088d2f6b222e6120b5188 không có projectId.
2025-05-24 22:08:51 warn: Notification 683088d4f6b222e6120b52bf không có projectId.
2025-05-24 22:08:51 warn: Notification 683088d9f6b222e6120b53f4 không có projectId.
2025-05-24 22:08:51 warn: Notification 68308b750e7ea59c5949f07c không có projectId.
2025-05-24 22:08:51 warn: Notification 68308b780e7ea59c5949f263 không có projectId.
2025-05-24 22:08:51 warn: Notification 68308b7c0e7ea59c5949f439 không có projectId.
2025-05-24 22:08:51 warn: Notification 68308c9c0e7ea59c5949f7de không có projectId.
2025-05-24 22:08:51 warn: Notification 68308c9f0e7ea59c5949f9c1 không có projectId.
2025-05-24 22:08:51 warn: Notification 68308ca30e7ea59c5949fb97 không có projectId.
2025-05-24 22:08:51 warn: Notification 68309c33df7e50dac4b006df không có projectId.
2025-05-24 22:08:51 warn: Notification 68309c37df7e50dac4b008bf không có projectId.
2025-05-24 22:08:51 warn: Notification 68309c3adf7e50dac4b00a98 không có projectId.
2025-05-24 22:08:51 warn: Notification 68309da8df7e50dac4b01031 không có projectId.
2025-05-24 22:08:51 warn: Notification 68309dafdf7e50dac4b0121c không có projectId.
2025-05-24 22:08:51 warn: Notification 68309db6df7e50dac4b013f2 không có projectId.
2025-05-24 22:08:51 warn: Notification 6830a1ad13d7824de67a6de3 không có projectId.
2025-05-24 22:08:51 warn: Notification 6830a1af13d7824de67a6f10 không có projectId.
2025-05-24 22:08:51 warn: Notification 6830a1b113d7824de67a7031 không có projectId.
2025-05-24 22:08:51 warn: Notification 6831ddc2b84f071ada0b8d49 không có projectId.
2025-05-24 22:08:51 warn: Notification 6831ddc4b84f071ada0b8e10 không có projectId.
2025-05-24 22:08:51 warn: Notification 6831ddc6b84f071ada0b8ebc không có projectId.
2025-05-24 22:08:51 warn: Notification 6831e018e88ebf50a145b464 không có projectId.
2025-05-24 22:08:51 warn: Notification 6831e032e88ebf50a145b6e6 không có projectId.
2025-05-24 22:08:51 warn: Notification 6831e0c0b0aa782068d739e7 không có projectId.
2025-05-24 22:08:51 warn: Notification 6831e0cab0aa782068d73b3f không có projectId.
2025-05-24 22:08:51 warn: Notification 6831e0e0b0aa782068d73c8d không có projectId.
2025-05-24 22:08:51 warn: Notification 6831e0eeb0aa782068d73db1 không có projectId.
2025-05-24 22:08:51 info: Đã cập nhật projectModel cho notifications.
2025-05-24 22:08:51 info: Đồng bộ dữ liệu hoàn tất.
2025-05-24 22:08:57 info: [SyncService] Chuẩn bị dữ liệu đồng bộ. Năm: 2025, Loại CT: Tất cả
2025-05-24 22:08:57 info: [SyncService] Tìm thấy tổng cộng 30 công trình từ CategoryProject và MinorRepairProject.
2025-05-24 22:09:03 info: [SyncService] Đã chuẩn bị 0 công trình để review.
